#
# There is insufficient memory for the Java Runtime Environment to continue.
# Native memory allocation (mmap) failed to map 49283072 bytes for Failed to commit area from 0x000000008c300000 to 0x000000008f200000 of length 49283072.
# Possible reasons:
#   The system is out of physical RAM or swap space
#   The process is running with CompressedOops enabled, and the Java Heap may be blocking the growth of the native heap
# Possible solutions:
#   Reduce memory load on the system
#   Increase physical memory or swap space
#   Check if swap backing store is full
#   Decrease Java heap size (-Xmx/-Xms)
#   Decrease number of Java threads
#   Decrease Java thread stack sizes (-Xss)
#   Set larger code cache with -XX:ReservedCodeCacheSize=
#   JVM is running with Unscaled Compressed Oops mode in which the Java heap is
#     placed in the first 4GB address space. The Java Heap base address is the
#     maximum limit for the native heap growth. Please use -XX:HeapBaseMinAddress
#     to set the Java Heap base and to place the Java Heap above 4GB virtual address.
# This output file may be truncated or incomplete.
#
#  Out of Memory Error (./src/hotspot/os/windows/os_windows.cpp:3301), pid=536, tid=5152
#
# JRE version: OpenJDK Runtime Environment (11.0.11+9) (build 11.0.11+9-b60-7590822)
# Java VM: OpenJDK 64-Bit Server VM (11.0.11+9-b60-7590822, mixed mode, tiered, compressed oops, g1 gc, windows-amd64)
# No core dump will be written. Minidumps are not enabled by default on client versions of Windows
#

---------------  S U M M A R Y ------------

Command Line: --add-opens=java.base/java.util=ALL-UNNAMED --add-opens=java.base/java.lang=ALL-UNNAMED --add-opens=java.base/java.lang.invoke=ALL-UNNAMED --add-opens=java.base/java.util=ALL-UNNAMED --add-opens=java.prefs/java.util.prefs=ALL-UNNAMED --add-opens=java.prefs/java.util.prefs=ALL-UNNAMED --add-opens=java.base/java.nio.charset=ALL-UNNAMED --add-opens=java.base/java.net=ALL-UNNAMED --add-opens=java.base/java.util.concurrent.atomic=ALL-UNNAMED -Xmx2048m -Dfile.encoding=UTF-8 -Duser.country=CO -Duser.language=es -Duser.variant org.gradle.launcher.daemon.bootstrap.GradleDaemon 7.2

Host: Intel(R) Celeron(R) CPU  N2810  @ 2.00GHz, 2 cores, 3G,  Windows 10 , 64 bit Build 17763 (10.0.17763.1)
Time: Sat Mar 26 16:46:16 2022 Hora est. Pacífico, Sudamérica elapsed time: 4680.417617 seconds (0d 1h 18m 0s)

---------------  T H R E A D  ---------------

Current thread (0x00000258f921f000):  VMThread "VM Thread" [stack: 0x0000007adad00000,0x0000007adae00000] [id=5152]

Stack: [0x0000007adad00000,0x0000007adae00000]
[error occurred during error reporting (printing stack bounds), id 0xc0000005, EXCEPTION_ACCESS_VIOLATION (0xc0000005) at pc=0x00000258e3630f3e]

Native frames: (J=compiled Java code, j=interpreted, Vv=VM code, C=native code)
V  [jvm.dll+0x5f214a]
V  [jvm.dll+0x726fb5]
V  [jvm.dll+0x7285cd]
V  [jvm.dll+0x728be5]
V  [jvm.dll+0x728b9b]
V  [jvm.dll+0x5f14e8]
V  [jvm.dll+0x5f1c78]
C  [ntdll.dll+0xa35af]
C  [ntdll.dll+0x4aaf]
C  [ntdll.dll+0xa231e]
C  0x00000258e3630f3e

VM_Operation (0x0000007adeafbbb0): G1CollectForAllocation, mode: safepoint, requested by thread 0x00000258800a4800


---------------  P R O C E S S  ---------------

Threads class SMR info:
_java_thread_list=0x0000025882648d00, length=72, elements={
0x00000258dfb41800, 0x00000258f9224800, 0x00000258f9230800, 0x00000258f9bd0800,
0x00000258f9bd3000, 0x00000258f9bd4800, 0x00000258f9bd7800, 0x00000258f9288000,
0x00000258f928a800, 0x00000258f9d1d800, 0x00000258fbc51800, 0x00000258fbdf4000,
0x00000258f9ee1000, 0x00000258fa0fb800, 0x00000258fa0f9000, 0x00000258fa0fc800,
0x00000258fa0fe000, 0x00000258fa0f8800, 0x00000258fc300800, 0x00000258fc301000,
0x00000258fc303000, 0x00000258fc2fe000, 0x00000258fc22a800, 0x00000258fc22c000,
0x00000258fc227000, 0x00000258fa0fa000, 0x000002588009b800, 0x0000025880098000,
0x00000258800a3800, 0x00000258fc302000, 0x00000258fc305800, 0x00000258fc2ff800,
0x00000258fc306000, 0x00000258fc304800, 0x00000258fc30b000, 0x00000258fc308800,
0x00000258fc30c000, 0x00000258fc309800, 0x00000258fc30a000, 0x00000258fc307000,
0x00000258fc307800, 0x00000258fc21d000, 0x00000258fc21f800, 0x00000258fc21f000,
0x00000258fc21e000, 0x00000258fc224800, 0x00000258fc220800, 0x00000258fc225800,
0x00000258fc221800, 0x00000258fc223000, 0x00000258fc223800, 0x00000258fc226000,
0x00000258fc228000, 0x00000258fc222000, 0x00000258fc228800, 0x00000258fc229800,
0x000002588009f000, 0x0000025880099000, 0x000002588009e000, 0x000002588009c800,
0x000002588009d000, 0x000002588009f800, 0x000002588009a800, 0x000002588009a000,
0x00000258800a4800, 0x00000258800a1000, 0x00000258800a2000, 0x00000258800a5800,
0x00000258800a6000, 0x00000258800a7000, 0x00000258800a0800, 0x00000258fa0fb000
}

Java Threads: ( => current thread )
  0x00000258dfb41800 JavaThread "main" [_thread_blocked, id=1936, stack(0x0000007ada700000,0x0000007ada800000)]
  0x00000258f9224800 JavaThread "Reference Handler" daemon [_thread_blocked, id=4072, stack(0x0000007adae00000,0x0000007adaf00000)]
  0x00000258f9230800 JavaThread "Finalizer" daemon [_thread_blocked, id=4996, stack(0x0000007adaf00000,0x0000007adb000000)]
  0x00000258f9bd0800 JavaThread "Signal Dispatcher" daemon [_thread_blocked, id=1220, stack(0x0000007adb000000,0x0000007adb100000)]
  0x00000258f9bd3000 JavaThread "Attach Listener" daemon [_thread_blocked, id=728, stack(0x0000007adb100000,0x0000007adb200000)]
  0x00000258f9bd4800 JavaThread "Service Thread" daemon [_thread_blocked, id=6136, stack(0x0000007adb200000,0x0000007adb300000)]
  0x00000258f9bd7800 JavaThread "C2 CompilerThread0" daemon [_thread_in_native, id=2200, stack(0x0000007adb300000,0x0000007adb400000)]
  0x00000258f9288000 JavaThread "C1 CompilerThread0" daemon [_thread_blocked, id=3260, stack(0x0000007adb400000,0x0000007adb500000)]
  0x00000258f928a800 JavaThread "Sweeper thread" daemon [_thread_blocked, id=5304, stack(0x0000007adb500000,0x0000007adb600000)]
  0x00000258f9d1d800 JavaThread "Common-Cleaner" daemon [_thread_blocked, id=380, stack(0x0000007adb600000,0x0000007adb700000)]
  0x00000258fbc51800 JavaThread "Daemon health stats" [_thread_blocked, id=3812, stack(0x0000007adb900000,0x0000007adba00000)]
  0x00000258fbdf4000 JavaThread "Incoming local TCP Connector on port 50559" [_thread_in_native, id=4720, stack(0x0000007adba00000,0x0000007adbb00000)]
  0x00000258f9ee1000 JavaThread "Daemon periodic checks" [_thread_blocked, id=2340, stack(0x0000007adbb00000,0x0000007adbc00000)]
  0x00000258fa0fb800 JavaThread "Cache worker for journal cache (C:\Users\Alejandro\.gradle\caches\journal-1)" [_thread_blocked, id=3756, stack(0x0000007adc300000,0x0000007adc400000)]
  0x00000258fa0f9000 JavaThread "File lock request listener" [_thread_in_native, id=4764, stack(0x0000007adc400000,0x0000007adc500000)]
  0x00000258fa0fc800 JavaThread "Cache worker for file hash cache (C:\Users\Alejandro\.gradle\caches\7.2\fileHashes)" [_thread_blocked, id=4952, stack(0x0000007adc500000,0x0000007adc600000)]
  0x00000258fa0fe000 JavaThread "File watcher server" daemon [_thread_blocked, id=5408, stack(0x0000007adc700000,0x0000007adc800000)]
  0x00000258fa0f8800 JavaThread "File watcher consumer" daemon [_thread_blocked, id=4648, stack(0x0000007adc800000,0x0000007adc900000)]
  0x00000258fc300800 JavaThread "Cache worker for execution history cache (C:\Users\Alejandro\.gradle\caches\7.2\executionHistory)" [_thread_blocked, id=3048, stack(0x0000007adcc00000,0x0000007adcd00000)]
  0x00000258fc301000 JavaThread "jar transforms" [_thread_blocked, id=5372, stack(0x0000007adcd00000,0x0000007adce00000)]
  0x00000258fc303000 JavaThread "Cache worker for file content cache (C:\Users\Alejandro\.gradle\caches\7.2\fileContent)" [_thread_blocked, id=1068, stack(0x0000007adce00000,0x0000007adcf00000)]
  0x00000258fc2fe000 JavaThread "jar transforms Thread 2" [_thread_blocked, id=4480, stack(0x0000007adcf00000,0x0000007add000000)]
  0x00000258fc22a800 JavaThread "Memory manager" [_thread_blocked, id=2244, stack(0x0000007ade800000,0x0000007ade900000)]
  0x00000258fc22c000 JavaThread "RMI Scheduler(0)" daemon [_thread_blocked, id=2692, stack(0x0000007ade900000,0x0000007adea00000)]
  0x00000258fc227000 JavaThread "RMI GC Daemon" daemon [_thread_blocked, id=624, stack(0x0000007adeb00000,0x0000007adec00000)]
  0x00000258fa0fa000 JavaThread "RMI TCP Accept-0" daemon [_thread_in_native, id=3272, stack(0x0000007adec00000,0x0000007aded00000)]
  0x000002588009b800 JavaThread "RMI Reaper" [_thread_blocked, id=5196, stack(0x0000007aded00000,0x0000007adee00000)]
  0x0000025880098000 JavaThread "Cache worker for Java compile cache (C:\Users\Alejandro\.gradle\caches\7.2\javaCompile)" [_thread_blocked, id=1552, stack(0x0000007ade600000,0x0000007ade700000)]
  0x00000258800a3800 JavaThread "ForkJoinPool.commonPool-worker-1" daemon [_thread_blocked, id=5296, stack(0x0000007adf300000,0x0000007adf400000)]
  0x00000258fc302000 JavaThread "Daemon Thread 5" [_thread_blocked, id=6128, stack(0x0000007ada500000,0x0000007ada600000)]
  0x00000258fc305800 JavaThread "Handler for socket connection from /127.0.0.1:50559 to /127.0.0.1:50876" [_thread_in_native, id=5956, stack(0x0000007ada600000,0x0000007ada700000)]
  0x00000258fc2ff800 JavaThread "Cancel handler" [_thread_blocked, id=7064, stack(0x0000007adbc00000,0x0000007adbd00000)]
  0x00000258fc306000 JavaThread "Daemon worker Thread 5" [_thread_blocked, id=6308, stack(0x0000007adbd00000,0x0000007adbe00000)]
  0x00000258fc304800 JavaThread "Asynchronous log dispatcher for DefaultDaemonConnection: socket connection from /127.0.0.1:50559 to /127.0.0.1:50876" [_thread_blocked, id=4424, stack(0x0000007adbe00000,0x0000007adbf00000)]
  0x00000258fc30b000 JavaThread "Daemon client event forwarder" [_thread_blocked, id=6460, stack(0x0000007adc000000,0x0000007adc100000)]
  0x00000258fc308800 JavaThread "Cache worker for file hash cache (C:\Users\Alejandro\AndroidStudioProjects\LaboratorioColegio\.gradle\7.2\fileHashes)" [_thread_blocked, id=7060, stack(0x0000007adc100000,0x0000007adc200000)]
  0x00000258fc30c000 JavaThread "Cache worker for checksums cache (C:\Users\Alejandro\AndroidStudioProjects\LaboratorioColegio\.gradle\checksums)" [_thread_blocked, id=7112, stack(0x0000007adc200000,0x0000007adc300000)]
  0x00000258fc309800 JavaThread "Cache worker for cache directory md-supplier (C:\Users\Alejandro\.gradle\caches\7.2\md-supplier)" [_thread_blocked, id=1352, stack(0x0000007adc600000,0x0000007adc700000)]
  0x00000258fc30a000 JavaThread "Cache worker for cache directory md-rule (C:\Users\Alejandro\.gradle\caches\7.2\md-rule)" [_thread_blocked, id=6224, stack(0x0000007adc900000,0x0000007adca00000)]
  0x00000258fc307000 JavaThread "Cache worker for dependencies-accessors (C:\Users\Alejandro\AndroidStudioProjects\LaboratorioColegio\.gradle\7.2\dependencies-accessors)" [_thread_blocked, id=5988, stack(0x0000007adca00000,0x0000007adcb00000)]
  0x00000258fc307800 JavaThread "Cache worker for Build Output Cleanup Cache (C:\Users\Alejandro\AndroidStudioProjects\LaboratorioColegio\.gradle\buildOutputCleanup)" [_thread_blocked, id=4412, stack(0x0000007adcb00000,0x0000007adcc00000)]
  0x00000258fc21d000 JavaThread "Unconstrained build operations" [_thread_blocked, id=3744, stack(0x0000007add000000,0x0000007add100000)]
  0x00000258fc21f800 JavaThread "Unconstrained build operations Thread 2" [_thread_blocked, id=5512, stack(0x0000007add100000,0x0000007add200000)]
  0x00000258fc21f000 JavaThread "Unconstrained build operations Thread 3" [_thread_blocked, id=1704, stack(0x0000007add200000,0x0000007add300000)]
  0x00000258fc21e000 JavaThread "Unconstrained build operations Thread 4" [_thread_blocked, id=2348, stack(0x0000007add300000,0x0000007add400000)]
  0x00000258fc224800 JavaThread "Unconstrained build operations Thread 5" [_thread_blocked, id=5656, stack(0x0000007add400000,0x0000007add500000)]
  0x00000258fc220800 JavaThread "Unconstrained build operations Thread 6" [_thread_blocked, id=2144, stack(0x0000007add500000,0x0000007add600000)]
  0x00000258fc225800 JavaThread "Unconstrained build operations Thread 7" [_thread_blocked, id=6012, stack(0x0000007add600000,0x0000007add700000)]
  0x00000258fc221800 JavaThread "Unconstrained build operations Thread 8" [_thread_blocked, id=2672, stack(0x0000007add700000,0x0000007add800000)]
  0x00000258fc223000 JavaThread "Unconstrained build operations Thread 9" [_thread_blocked, id=4388, stack(0x0000007add800000,0x0000007add900000)]
  0x00000258fc223800 JavaThread "Unconstrained build operations Thread 10" [_thread_blocked, id=1792, stack(0x0000007add900000,0x0000007adda00000)]
  0x00000258fc226000 JavaThread "Unconstrained build operations Thread 11" [_thread_blocked, id=2056, stack(0x0000007adda00000,0x0000007addb00000)]
  0x00000258fc228000 JavaThread "Unconstrained build operations Thread 12" [_thread_blocked, id=5184, stack(0x0000007addb00000,0x0000007addc00000)]
  0x00000258fc222000 JavaThread "Unconstrained build operations Thread 13" [_thread_blocked, id=3708, stack(0x0000007addc00000,0x0000007addd00000)]
  0x00000258fc228800 JavaThread "Unconstrained build operations Thread 14" [_thread_blocked, id=7080, stack(0x0000007addd00000,0x0000007adde00000)]
  0x00000258fc229800 JavaThread "Unconstrained build operations Thread 15" [_thread_blocked, id=6804, stack(0x0000007adde00000,0x0000007addf00000)]
  0x000002588009f000 JavaThread "Unconstrained build operations Thread 16" [_thread_blocked, id=5808, stack(0x0000007addf00000,0x0000007ade000000)]
  0x0000025880099000 JavaThread "Unconstrained build operations Thread 17" [_thread_blocked, id=3952, stack(0x0000007ade000000,0x0000007ade100000)]
  0x000002588009e000 JavaThread "Unconstrained build operations Thread 18" [_thread_blocked, id=6328, stack(0x0000007ade100000,0x0000007ade200000)]
  0x000002588009c800 JavaThread "Unconstrained build operations Thread 19" [_thread_blocked, id=6428, stack(0x0000007ade200000,0x0000007ade300000)]
  0x000002588009d000 JavaThread "Unconstrained build operations Thread 20" [_thread_blocked, id=6868, stack(0x0000007ade300000,0x0000007ade400000)]
  0x000002588009f800 JavaThread "build event listener" [_thread_blocked, id=6904, stack(0x0000007ade400000,0x0000007ade500000)]
  0x000002588009a800 JavaThread "Execution worker for ':'" [_thread_blocked, id=6916, stack(0x0000007ade500000,0x0000007ade600000)]
  0x000002588009a000 JavaThread "Cache worker for execution history cache (C:\Users\Alejandro\AndroidStudioProjects\LaboratorioColegio\.gradle\7.2\executionHistory)" [_thread_blocked, id=6924, stack(0x0000007ade700000,0x0000007ade800000)]
  0x00000258800a4800 JavaThread "WorkerExecutor Queue" [_thread_blocked, id=7072, stack(0x0000007adea00000,0x0000007adeb00000)]
  0x00000258800a1000 JavaThread "WorkerExecutor Queue Thread 2" [_thread_blocked, id=7088, stack(0x0000007adee00000,0x0000007adef00000)]
  0x00000258800a2000 JavaThread "pool-18-thread-1" [_thread_blocked, id=5428, stack(0x0000007adef00000,0x0000007adf000000)]
  0x00000258800a5800 JavaThread "stderr" [_thread_in_native, id=3592, stack(0x0000007adf000000,0x0000007adf100000)]
  0x00000258800a6000 JavaThread "stdout" [_thread_in_native, id=3788, stack(0x0000007adf100000,0x0000007adf200000)]
  0x00000258800a7000 JavaThread "RMI TCP Connection(21)-127.0.0.1" daemon [_thread_in_native, id=6500, stack(0x0000007adf200000,0x0000007adf300000)]
  0x00000258800a0800 JavaThread "Build operations" [_thread_blocked, id=6680, stack(0x0000007adbf00000,0x0000007adc000000)]
  0x00000258fa0fb000 JavaThread "Build operations Thread 2" [_thread_blocked, id=6388, stack(0x0000007adf400000,0x0000007adf500000)]

Other Threads:
=>0x00000258f921f000 VMThread "VM Thread" [stack: 0x0000007adad00000,0x0000007adae00000] [id=5152]
  0x00000258f9d8b000 WatcherThread [stack: 0x0000007adb700000,0x0000007adb800000] [id=5108]
  0x00000258dfb56800 GCTaskThread "GC Thread#0" [stack: 0x0000007ada800000,0x0000007ada900000] [id=5660]
  0x00000258f9f16000 GCTaskThread "GC Thread#1" [stack: 0x0000007adb800000,0x0000007adb900000] [id=1380]
  0x00000258dfb8a800 ConcurrentGCThread "G1 Main Marker" [stack: 0x0000007ada900000,0x0000007adaa00000] [id=3340]
  0x00000258dfb8c000 ConcurrentGCThread "G1 Conc#0" [stack: 0x0000007adaa00000,0x0000007adab00000] [id=5916]
  0x00000258dfbdc800 ConcurrentGCThread "G1 Refine#0" [stack: 0x0000007adab00000,0x0000007adac00000] [id=2252]
  0x00000258dfbdd800 ConcurrentGCThread "G1 Young RemSet Sampling" [stack: 0x0000007adac00000,0x0000007adad00000] [id=6064]

Threads with active compile tasks:
C2 CompilerThread04680712 22381 %     4       com.android.tools.r8.internal.hI0::o @ 66 (1050 bytes)

VM state:at safepoint (normal execution)

VM Mutex/Monitor currently owned by a thread:  ([mutex/lock_event])
[0x00000258dfb3d4f0] Threads_lock - owner thread: 0x00000258f921f000
[0x00000258dfb3cfe0] Heap_lock - owner thread: 0x00000258800a4800

Heap address: 0x0000000080000000, size: 2048 MB, Compressed Oops mode: 32-bit
Narrow klass base: 0x0000000000000000, Narrow klass shift: 3
Compressed class space size: 1073741824 Address: 0x0000000100000000

Heap:
 garbage-first heap   total 247808K, used 105482K [0x0000000080000000, 0x0000000100000000)
  region size 1024K, 1 young (1024K), 1 survivors (1024K)
 Metaspace       used 124877K, capacity 128196K, committed 128976K, reserved 1161216K
  class space    used 15487K, capacity 16744K, committed 17024K, reserved 1048576K
Heap Regions: E=young(eden), S=young(survivor), O=old, HS=humongous(starts), HC=humongous(continues), CS=collection set, F=free, A=archive, TAMS=top-at-mark-start (previous, next)
|   0|0x0000000080000000, 0x0000000080100000, 0x0000000080100000|100%| O|  |TAMS 0x0000000080100000, 0x0000000080000000| Untracked 
|   1|0x0000000080100000, 0x0000000080200000, 0x0000000080200000|100%| O|  |TAMS 0x0000000080200000, 0x0000000080100000| Untracked 
|   2|0x0000000080200000, 0x0000000080300000, 0x0000000080300000|100%| O|  |TAMS 0x0000000080300000, 0x0000000080200000| Untracked 
|   3|0x0000000080300000, 0x0000000080400000, 0x0000000080400000|100%| O|  |TAMS 0x0000000080400000, 0x0000000080300000| Complete 
|   4|0x0000000080400000, 0x0000000080500000, 0x0000000080500000|100%|HS|  |TAMS 0x0000000080500000, 0x0000000080400000| Complete 
|   5|0x0000000080500000, 0x0000000080600000, 0x0000000080600000|100%|HC|  |TAMS 0x0000000080600000, 0x0000000080500000| Complete 
|   6|0x0000000080600000, 0x0000000080700000, 0x0000000080700000|100%|HC|  |TAMS 0x0000000080700000, 0x0000000080600000| Complete 
|   7|0x0000000080700000, 0x0000000080800000, 0x0000000080800000|100%| O|  |TAMS 0x0000000080800000, 0x0000000080700000| Complete 
|   8|0x0000000080800000, 0x0000000080900000, 0x0000000080900000|100%| O|  |TAMS 0x0000000080900000, 0x0000000080800000| Complete 
|   9|0x0000000080900000, 0x0000000080a00000, 0x0000000080a00000|100%| O|  |TAMS 0x0000000080a00000, 0x0000000080900000| Untracked 
|  10|0x0000000080a00000, 0x0000000080b00000, 0x0000000080b00000|100%| O|  |TAMS 0x0000000080b00000, 0x0000000080a00000| Untracked 
|  11|0x0000000080b00000, 0x0000000080c00000, 0x0000000080c00000|100%| O|  |TAMS 0x0000000080c00000, 0x0000000080b00000| Untracked 
|  12|0x0000000080c00000, 0x0000000080d00000, 0x0000000080d00000|100%| O|  |TAMS 0x0000000080d00000, 0x0000000080c00000| Untracked 
|  13|0x0000000080d00000, 0x0000000080e00000, 0x0000000080e00000|100%| O|  |TAMS 0x0000000080e00000, 0x0000000080d00000| Untracked 
|  14|0x0000000080e00000, 0x0000000080f00000, 0x0000000080f00000|100%| O|  |TAMS 0x0000000080f00000, 0x0000000080e00000| Complete 
|  15|0x0000000080f00000, 0x0000000081000000, 0x0000000081000000|100%| O|  |TAMS 0x0000000081000000, 0x0000000080f00000| Complete 
|  16|0x0000000081000000, 0x0000000081100000, 0x0000000081100000|100%| O|  |TAMS 0x0000000081100000, 0x0000000081000000| Complete 
|  17|0x0000000081100000, 0x0000000081200000, 0x0000000081200000|100%| O|  |TAMS 0x0000000081200000, 0x0000000081100000| Complete 
|  18|0x0000000081200000, 0x0000000081300000, 0x0000000081300000|100%| O|  |TAMS 0x0000000081300000, 0x0000000081200000| Complete 
|  19|0x0000000081300000, 0x0000000081400000, 0x0000000081400000|100%| O|  |TAMS 0x0000000081400000, 0x0000000081300000| Complete 
|  20|0x0000000081400000, 0x0000000081500000, 0x0000000081500000|100%| O|  |TAMS 0x0000000081500000, 0x0000000081400000| Complete 
|  21|0x0000000081500000, 0x0000000081600000, 0x0000000081600000|100%| O|  |TAMS 0x0000000081600000, 0x0000000081500000| Complete 
|  22|0x0000000081600000, 0x0000000081700000, 0x0000000081700000|100%| O|  |TAMS 0x0000000081700000, 0x0000000081600000| Complete 
|  23|0x0000000081700000, 0x0000000081800000, 0x0000000081800000|100%| O|  |TAMS 0x0000000081800000, 0x0000000081700000| Complete 
|  24|0x0000000081800000, 0x0000000081900000, 0x0000000081900000|100%| O|  |TAMS 0x0000000081900000, 0x0000000081800000| Untracked 
|  25|0x0000000081900000, 0x0000000081a00000, 0x0000000081a00000|100%| O|  |TAMS 0x0000000081a00000, 0x0000000081900000| Complete 
|  26|0x0000000081a00000, 0x0000000081b00000, 0x0000000081b00000|100%| O|  |TAMS 0x0000000081b00000, 0x0000000081a00000| Untracked 
|  27|0x0000000081b00000, 0x0000000081c00000, 0x0000000081c00000|100%| O|  |TAMS 0x0000000081c00000, 0x0000000081b00000| Untracked 
|  28|0x0000000081c00000, 0x0000000081d00000, 0x0000000081d00000|100%|HS|  |TAMS 0x0000000081d00000, 0x0000000081c00000| Complete 
|  29|0x0000000081d00000, 0x0000000081e00000, 0x0000000081e00000|100%|HS|  |TAMS 0x0000000081e00000, 0x0000000081d00000| Complete 
|  30|0x0000000081e00000, 0x0000000081f00000, 0x0000000081f00000|100%|HS|  |TAMS 0x0000000081f00000, 0x0000000081e00000| Complete 
|  31|0x0000000081f00000, 0x0000000082000000, 0x0000000082000000|100%|HS|  |TAMS 0x0000000082000000, 0x0000000081f00000| Complete 
|  32|0x0000000082000000, 0x0000000082100000, 0x0000000082100000|100%|HS|  |TAMS 0x0000000082100000, 0x0000000082000000| Complete 
|  33|0x0000000082100000, 0x0000000082200000, 0x0000000082200000|100%|HC|  |TAMS 0x0000000082200000, 0x0000000082100000| Complete 
|  34|0x0000000082200000, 0x0000000082300000, 0x0000000082300000|100%|HC|  |TAMS 0x0000000082300000, 0x0000000082200000| Complete 
|  35|0x0000000082300000, 0x0000000082400000, 0x0000000082400000|100%|HS|  |TAMS 0x0000000082400000, 0x0000000082300000| Complete 
|  36|0x0000000082400000, 0x0000000082500000, 0x0000000082500000|100%|HC|  |TAMS 0x0000000082500000, 0x0000000082400000| Complete 
|  37|0x0000000082500000, 0x0000000082600000, 0x0000000082600000|100%| O|  |TAMS 0x0000000082600000, 0x0000000082500000| Untracked 
|  38|0x0000000082600000, 0x0000000082700000, 0x0000000082700000|100%| O|  |TAMS 0x0000000082700000, 0x0000000082600000| Untracked 
|  39|0x0000000082700000, 0x0000000082800000, 0x0000000082800000|100%| O|  |TAMS 0x0000000082800000, 0x0000000082700000| Complete 
|  40|0x0000000082800000, 0x0000000082900000, 0x0000000082900000|100%| O|  |TAMS 0x0000000082900000, 0x0000000082800000| Complete 
|  41|0x0000000082900000, 0x0000000082a00000, 0x0000000082a00000|100%| O|  |TAMS 0x0000000082a00000, 0x0000000082900000| Complete 
|  42|0x0000000082a00000, 0x0000000082b00000, 0x0000000082b00000|100%| O|  |TAMS 0x0000000082b00000, 0x0000000082a00000| Untracked 
|  43|0x0000000082b00000, 0x0000000082c00000, 0x0000000082c00000|100%| O|  |TAMS 0x0000000082c00000, 0x0000000082b00000| Untracked 
|  44|0x0000000082c00000, 0x0000000082d00000, 0x0000000082d00000|100%| O|  |TAMS 0x0000000082d00000, 0x0000000082c00000| Untracked 
|  45|0x0000000082d00000, 0x0000000082e00000, 0x0000000082e00000|100%| O|  |TAMS 0x0000000082e00000, 0x0000000082d00000| Untracked 
|  46|0x0000000082e00000, 0x0000000082f00000, 0x0000000082f00000|100%| O|  |TAMS 0x0000000082f00000, 0x0000000082e00000| Complete 
|  47|0x0000000082f00000, 0x0000000083000000, 0x0000000083000000|100%| O|  |TAMS 0x0000000083000000, 0x0000000082f00000| Complete 
|  48|0x0000000083000000, 0x0000000083100000, 0x0000000083100000|100%| O|  |TAMS 0x0000000083100000, 0x0000000083000000| Complete 
|  49|0x0000000083100000, 0x0000000083200000, 0x0000000083200000|100%| O|  |TAMS 0x0000000083200000, 0x0000000083100000| Untracked 
|  50|0x0000000083200000, 0x0000000083300000, 0x0000000083300000|100%| O|  |TAMS 0x0000000083300000, 0x0000000083200000| Complete 
|  51|0x0000000083300000, 0x0000000083400000, 0x0000000083400000|100%| O|  |TAMS 0x0000000083400000, 0x0000000083300000| Complete 
|  52|0x0000000083400000, 0x0000000083500000, 0x0000000083500000|100%| O|  |TAMS 0x0000000083500000, 0x0000000083400000| Complete 
|  53|0x0000000083500000, 0x0000000083600000, 0x0000000083600000|100%| O|  |TAMS 0x0000000083600000, 0x0000000083500000| Untracked 
|  54|0x0000000083600000, 0x0000000083700000, 0x0000000083700000|100%| O|  |TAMS 0x0000000083700000, 0x0000000083600000| Complete 
|  55|0x0000000083700000, 0x0000000083800000, 0x0000000083800000|100%| O|  |TAMS 0x0000000083800000, 0x0000000083700000| Untracked 
|  56|0x0000000083800000, 0x0000000083900000, 0x0000000083900000|100%| O|  |TAMS 0x0000000083900000, 0x0000000083800000| Complete 
|  57|0x0000000083900000, 0x0000000083a00000, 0x0000000083a00000|100%| O|  |TAMS 0x00000000839b2c00, 0x0000000083900000| Untracked 
|  58|0x0000000083a00000, 0x0000000083b00000, 0x0000000083b00000|100%| O|  |TAMS 0x0000000083b00000, 0x0000000083a00000| Complete 
|  59|0x0000000083b00000, 0x0000000083c00000, 0x0000000083c00000|100%| O|  |TAMS 0x0000000083c00000, 0x0000000083b00000| Untracked 
|  60|0x0000000083c00000, 0x0000000083d00000, 0x0000000083d00000|100%| O|  |TAMS 0x0000000083c00000, 0x0000000083c00000| Untracked 
|  61|0x0000000083d00000, 0x0000000083e00000, 0x0000000083e00000|100%| O|  |TAMS 0x0000000083e00000, 0x0000000083d00000| Untracked 
|  62|0x0000000083e00000, 0x0000000083f00000, 0x0000000083f00000|100%| O|  |TAMS 0x0000000083f00000, 0x0000000083e00000| Untracked 
|  63|0x0000000083f00000, 0x0000000084000000, 0x0000000084000000|100%| O|  |TAMS 0x0000000084000000, 0x0000000083f00000| Untracked 
|  64|0x0000000084000000, 0x0000000084100000, 0x0000000084100000|100%| O|  |TAMS 0x0000000084000000, 0x0000000084000000| Untracked 
|  65|0x0000000084100000, 0x0000000084200000, 0x0000000084200000|100%| O|  |TAMS 0x0000000084200000, 0x0000000084100000| Untracked 
|  66|0x0000000084200000, 0x0000000084300000, 0x0000000084300000|100%| O|  |TAMS 0x0000000084300000, 0x0000000084200000| Untracked 
|  67|0x0000000084300000, 0x0000000084400000, 0x0000000084400000|100%| O|  |TAMS 0x0000000084400000, 0x0000000084300000| Untracked 
|  68|0x0000000084400000, 0x0000000084500000, 0x0000000084500000|100%| O|  |TAMS 0x0000000084500000, 0x0000000084400000| Complete 
|  69|0x0000000084500000, 0x0000000084600000, 0x0000000084600000|100%| O|  |TAMS 0x0000000084600000, 0x0000000084500000| Untracked 
|  70|0x0000000084600000, 0x0000000084700000, 0x0000000084700000|100%| O|  |TAMS 0x0000000084600000, 0x0000000084600000| Untracked 
|  71|0x0000000084700000, 0x0000000084800000, 0x0000000084800000|100%| O|  |TAMS 0x0000000084800000, 0x0000000084700000| Complete 
|  72|0x0000000084800000, 0x0000000084900000, 0x0000000084900000|100%| O|  |TAMS 0x0000000084900000, 0x0000000084800000| Complete 
|  73|0x0000000084900000, 0x0000000084a00000, 0x0000000084a00000|100%| O|  |TAMS 0x0000000084a00000, 0x0000000084900000| Untracked 
|  74|0x0000000084a00000, 0x0000000084b00000, 0x0000000084b00000|100%| O|  |TAMS 0x0000000084b00000, 0x0000000084a00000| Untracked 
|  75|0x0000000084b00000, 0x0000000084c00000, 0x0000000084c00000|100%| O|  |TAMS 0x0000000084c00000, 0x0000000084b00000| Complete 
|  76|0x0000000084c00000, 0x0000000084d00000, 0x0000000084d00000|100%| O|  |TAMS 0x0000000084d00000, 0x0000000084c00000| Untracked 
|  77|0x0000000084d00000, 0x0000000084e00000, 0x0000000084e00000|100%| O|  |TAMS 0x0000000084e00000, 0x0000000084d00000| Untracked 
|  78|0x0000000084e00000, 0x0000000084f00000, 0x0000000084f00000|100%| O|  |TAMS 0x0000000084f00000, 0x0000000084e00000| Untracked 
|  79|0x0000000084f00000, 0x0000000085000000, 0x0000000085000000|100%| O|  |TAMS 0x0000000085000000, 0x0000000084f00000| Untracked 
|  80|0x0000000085000000, 0x0000000085100000, 0x0000000085100000|100%| O|  |TAMS 0x0000000085100000, 0x0000000085000000| Complete 
|  81|0x0000000085100000, 0x0000000085200000, 0x0000000085200000|100%| O|  |TAMS 0x0000000085200000, 0x0000000085100000| Untracked 
|  82|0x0000000085200000, 0x0000000085300000, 0x0000000085300000|100%| O|  |TAMS 0x0000000085300000, 0x0000000085200000| Untracked 
|  83|0x0000000085300000, 0x0000000085400000, 0x0000000085400000|100%| O|  |TAMS 0x0000000085400000, 0x0000000085300000| Untracked 
|  84|0x0000000085400000, 0x0000000085471800, 0x0000000085500000| 44%| O|  |TAMS 0x0000000085400000, 0x0000000085400000| Untracked 
|  85|0x0000000085500000, 0x0000000085600000, 0x0000000085600000|100%| O|  |TAMS 0x0000000085600000, 0x0000000085500000| Complete 
|  86|0x0000000085600000, 0x0000000085700000, 0x0000000085700000|100%| O|  |TAMS 0x0000000085700000, 0x0000000085600000| Complete 
|  87|0x0000000085700000, 0x0000000085700000, 0x0000000085800000|  0%| F|  |TAMS 0x0000000085700000, 0x0000000085700000| Untracked 
|  88|0x0000000085800000, 0x0000000085900000, 0x0000000085900000|100%| O|  |TAMS 0x0000000085900000, 0x0000000085800000| Complete 
|  89|0x0000000085900000, 0x0000000085a00000, 0x0000000085a00000|100%| O|  |TAMS 0x0000000085a00000, 0x0000000085900000| Complete 
|  90|0x0000000085a00000, 0x0000000085b00000, 0x0000000085b00000|100%| O|  |TAMS 0x0000000085b00000, 0x0000000085a00000| Complete 
|  91|0x0000000085b00000, 0x0000000085c00000, 0x0000000085c00000|100%| O|  |TAMS 0x0000000085c00000, 0x0000000085b00000| Untracked 
|  92|0x0000000085c00000, 0x0000000085c00000, 0x0000000085d00000|  0%| F|  |TAMS 0x0000000085c00000, 0x0000000085c00000| Untracked 
|  93|0x0000000085d00000, 0x0000000085d00000, 0x0000000085e00000|  0%| F|  |TAMS 0x0000000085d00000, 0x0000000085d00000| Untracked 
|  94|0x0000000085e00000, 0x0000000085e00000, 0x0000000085f00000|  0%| F|  |TAMS 0x0000000085e00000, 0x0000000085e00000| Untracked 
|  95|0x0000000085f00000, 0x0000000086000000, 0x0000000086000000|100%| O|  |TAMS 0x0000000086000000, 0x0000000085f00000| Complete 
|  96|0x0000000086000000, 0x0000000086000000, 0x0000000086100000|  0%| F|  |TAMS 0x0000000086000000, 0x0000000086000000| Untracked 
|  97|0x0000000086100000, 0x0000000086100000, 0x0000000086200000|  0%| F|  |TAMS 0x0000000086100000, 0x0000000086100000| Untracked 
|  98|0x0000000086200000, 0x0000000086200000, 0x0000000086300000|  0%| F|  |TAMS 0x0000000086200000, 0x0000000086200000| Untracked 
|  99|0x0000000086300000, 0x0000000086400000, 0x0000000086400000|100%| O|  |TAMS 0x0000000086400000, 0x0000000086300000| Complete 
| 100|0x0000000086400000, 0x0000000086400000, 0x0000000086500000|  0%| F|  |TAMS 0x0000000086400000, 0x0000000086400000| Untracked 
| 101|0x0000000086500000, 0x0000000086500000, 0x0000000086600000|  0%| F|  |TAMS 0x0000000086500000, 0x0000000086500000| Untracked 
| 102|0x0000000086600000, 0x0000000086600000, 0x0000000086700000|  0%| F|  |TAMS 0x0000000086600000, 0x0000000086600000| Untracked 
| 103|0x0000000086700000, 0x0000000086800000, 0x0000000086800000|100%| O|  |TAMS 0x0000000086800000, 0x0000000086700000| Untracked 
| 104|0x0000000086800000, 0x0000000086900000, 0x0000000086900000|100%| O|  |TAMS 0x0000000086900000, 0x0000000086800000| Complete 
| 105|0x0000000086900000, 0x0000000086900000, 0x0000000086a00000|  0%| F|  |TAMS 0x0000000086900000, 0x0000000086900000| Untracked 
| 106|0x0000000086a00000, 0x0000000086a00000, 0x0000000086b00000|  0%| F|  |TAMS 0x0000000086a00000, 0x0000000086a00000| Untracked 
| 107|0x0000000086b00000, 0x0000000086b00000, 0x0000000086c00000|  0%| F|  |TAMS 0x0000000086b00000, 0x0000000086b00000| Untracked 
| 108|0x0000000086c00000, 0x0000000086c00000, 0x0000000086d00000|  0%| F|  |TAMS 0x0000000086c00000, 0x0000000086c00000| Untracked 
| 109|0x0000000086d00000, 0x0000000086d00000, 0x0000000086e00000|  0%| F|  |TAMS 0x0000000086d00000, 0x0000000086d00000| Untracked 
| 110|0x0000000086e00000, 0x0000000086f00000, 0x0000000086f00000|100%| O|  |TAMS 0x0000000086f00000, 0x0000000086e00000| Complete 
| 111|0x0000000086f00000, 0x0000000087000000, 0x0000000087000000|100%| O|  |TAMS 0x0000000087000000, 0x0000000086f00000| Complete 
| 112|0x0000000087000000, 0x0000000087000000, 0x0000000087100000|  0%| F|  |TAMS 0x0000000087000000, 0x0000000087000000| Untracked 
| 113|0x0000000087100000, 0x0000000087200000, 0x0000000087200000|100%| O|  |TAMS 0x0000000087200000, 0x0000000087100000| Complete 
| 114|0x0000000087200000, 0x0000000087300000, 0x0000000087300000|100%| O|  |TAMS 0x0000000087300000, 0x0000000087200000| Complete 
| 115|0x0000000087300000, 0x0000000087300000, 0x0000000087400000|  0%| F|  |TAMS 0x0000000087300000, 0x0000000087300000| Untracked 
| 116|0x0000000087400000, 0x0000000087400000, 0x0000000087500000|  0%| F|  |TAMS 0x0000000087400000, 0x0000000087400000| Untracked 
| 117|0x0000000087500000, 0x0000000087500000, 0x0000000087600000|  0%| F|  |TAMS 0x0000000087500000, 0x0000000087500000| Untracked 
| 118|0x0000000087600000, 0x0000000087600000, 0x0000000087700000|  0%| F|  |TAMS 0x0000000087600000, 0x0000000087600000| Untracked 
| 119|0x0000000087700000, 0x0000000087700000, 0x0000000087800000|  0%| F|  |TAMS 0x0000000087700000, 0x0000000087700000| Untracked 
| 120|0x0000000087800000, 0x0000000087800000, 0x0000000087900000|  0%| F|  |TAMS 0x0000000087800000, 0x0000000087800000| Untracked 
| 121|0x0000000087900000, 0x0000000087900000, 0x0000000087a00000|  0%| F|  |TAMS 0x0000000087900000, 0x0000000087900000| Untracked 
| 122|0x0000000087a00000, 0x0000000087a00000, 0x0000000087b00000|  0%| F|  |TAMS 0x0000000087a00000, 0x0000000087a00000| Untracked 
| 123|0x0000000087b00000, 0x0000000087b00000, 0x0000000087c00000|  0%| F|  |TAMS 0x0000000087b00000, 0x0000000087b00000| Untracked 
| 124|0x0000000087c00000, 0x0000000087d00000, 0x0000000087d00000|100%| O|  |TAMS 0x0000000087d00000, 0x0000000087c00000| Untracked 
| 125|0x0000000087d00000, 0x0000000087e00000, 0x0000000087e00000|100%| O|  |TAMS 0x0000000087e00000, 0x0000000087d00000| Untracked 
| 126|0x0000000087e00000, 0x0000000087f00000, 0x0000000087f00000|100%| O|  |TAMS 0x0000000087f00000, 0x0000000087e00000| Complete 
| 127|0x0000000087f00000, 0x0000000087f00000, 0x0000000088000000|  0%| F|  |TAMS 0x0000000087f00000, 0x0000000087f00000| Untracked 
| 128|0x0000000088000000, 0x0000000088000000, 0x0000000088100000|  0%| F|  |TAMS 0x0000000088000000, 0x0000000088000000| Untracked 
| 129|0x0000000088100000, 0x0000000088100000, 0x0000000088200000|  0%| F|  |TAMS 0x0000000088100000, 0x0000000088100000| Untracked 
| 130|0x0000000088200000, 0x0000000088200000, 0x0000000088300000|  0%| F|  |TAMS 0x0000000088200000, 0x0000000088200000| Untracked 
| 131|0x0000000088300000, 0x0000000088400000, 0x0000000088400000|100%| O|  |TAMS 0x0000000088400000, 0x0000000088300000| Untracked 
| 132|0x0000000088400000, 0x0000000088400000, 0x0000000088500000|  0%| F|  |TAMS 0x0000000088400000, 0x0000000088400000| Untracked 
| 133|0x0000000088500000, 0x0000000088500000, 0x0000000088600000|  0%| F|  |TAMS 0x0000000088500000, 0x0000000088500000| Untracked 
| 134|0x0000000088600000, 0x0000000088600000, 0x0000000088700000|  0%| F|  |TAMS 0x0000000088600000, 0x0000000088600000| Untracked 
| 135|0x0000000088700000, 0x0000000088700000, 0x0000000088800000|  0%| F|  |TAMS 0x0000000088700000, 0x0000000088700000| Untracked 
| 136|0x0000000088800000, 0x0000000088800000, 0x0000000088900000|  0%| F|  |TAMS 0x0000000088800000, 0x0000000088800000| Untracked 
| 137|0x0000000088900000, 0x0000000088900000, 0x0000000088a00000|  0%| F|  |TAMS 0x0000000088900000, 0x0000000088900000| Untracked 
| 138|0x0000000088a00000, 0x0000000088a00000, 0x0000000088b00000|  0%| F|  |TAMS 0x0000000088a00000, 0x0000000088a00000| Untracked 
| 139|0x0000000088b00000, 0x0000000088b00000, 0x0000000088c00000|  0%| F|  |TAMS 0x0000000088b00000, 0x0000000088b00000| Untracked 
| 140|0x0000000088c00000, 0x0000000088c00000, 0x0000000088d00000|  0%| F|  |TAMS 0x0000000088c00000, 0x0000000088c00000| Untracked 
| 141|0x0000000088d00000, 0x0000000088d00000, 0x0000000088e00000|  0%| F|  |TAMS 0x0000000088d00000, 0x0000000088d00000| Untracked 
| 142|0x0000000088e00000, 0x0000000088e00000, 0x0000000088f00000|  0%| F|  |TAMS 0x0000000088e00000, 0x0000000088e00000| Untracked 
| 143|0x0000000088f00000, 0x0000000088f00000, 0x0000000089000000|  0%| F|  |TAMS 0x0000000088f00000, 0x0000000088f00000| Untracked 
| 144|0x0000000089000000, 0x0000000089000000, 0x0000000089100000|  0%| F|  |TAMS 0x0000000089000000, 0x0000000089000000| Untracked 
| 145|0x0000000089100000, 0x0000000089100000, 0x0000000089200000|  0%| F|  |TAMS 0x0000000089100000, 0x0000000089100000| Untracked 
| 146|0x0000000089200000, 0x0000000089200000, 0x0000000089300000|  0%| F|  |TAMS 0x0000000089200000, 0x0000000089200000| Untracked 
| 147|0x0000000089300000, 0x0000000089300000, 0x0000000089400000|  0%| F|  |TAMS 0x0000000089300000, 0x0000000089300000| Untracked 
| 148|0x0000000089400000, 0x0000000089400000, 0x0000000089500000|  0%| F|  |TAMS 0x0000000089400000, 0x0000000089400000| Untracked 
| 149|0x0000000089500000, 0x0000000089500000, 0x0000000089600000|  0%| F|  |TAMS 0x0000000089500000, 0x0000000089500000| Untracked 
| 150|0x0000000089600000, 0x0000000089600000, 0x0000000089700000|  0%| F|  |TAMS 0x0000000089600000, 0x0000000089600000| Untracked 
| 151|0x0000000089700000, 0x0000000089700000, 0x0000000089800000|  0%| F|  |TAMS 0x0000000089700000, 0x0000000089700000| Untracked 
| 152|0x0000000089800000, 0x0000000089800000, 0x0000000089900000|  0%| F|  |TAMS 0x0000000089800000, 0x0000000089800000| Untracked 
| 153|0x0000000089900000, 0x0000000089900000, 0x0000000089a00000|  0%| F|  |TAMS 0x0000000089900000, 0x0000000089900000| Untracked 
| 154|0x0000000089a00000, 0x0000000089a00000, 0x0000000089b00000|  0%| F|  |TAMS 0x0000000089a00000, 0x0000000089a00000| Untracked 
| 155|0x0000000089b00000, 0x0000000089b00000, 0x0000000089c00000|  0%| F|  |TAMS 0x0000000089b00000, 0x0000000089b00000| Untracked 
| 156|0x0000000089c00000, 0x0000000089c00000, 0x0000000089d00000|  0%| F|  |TAMS 0x0000000089c00000, 0x0000000089c00000| Untracked 
| 157|0x0000000089d00000, 0x0000000089d00000, 0x0000000089e00000|  0%| F|  |TAMS 0x0000000089d00000, 0x0000000089d00000| Untracked 
| 158|0x0000000089e00000, 0x0000000089e00000, 0x0000000089f00000|  0%| F|  |TAMS 0x0000000089e00000, 0x0000000089e00000| Untracked 
| 159|0x0000000089f00000, 0x0000000089f00000, 0x000000008a000000|  0%| F|  |TAMS 0x0000000089f00000, 0x0000000089f00000| Untracked 
| 160|0x000000008a000000, 0x000000008a000000, 0x000000008a100000|  0%| F|  |TAMS 0x000000008a000000, 0x000000008a000000| Untracked 
| 161|0x000000008a100000, 0x000000008a100000, 0x000000008a200000|  0%| F|  |TAMS 0x000000008a100000, 0x000000008a100000| Untracked 
| 162|0x000000008a200000, 0x000000008a200000, 0x000000008a300000|  0%| F|  |TAMS 0x000000008a200000, 0x000000008a200000| Untracked 
| 163|0x000000008a300000, 0x000000008a300000, 0x000000008a400000|  0%| F|  |TAMS 0x000000008a300000, 0x000000008a300000| Untracked 
| 164|0x000000008a400000, 0x000000008a400000, 0x000000008a500000|  0%| F|  |TAMS 0x000000008a400000, 0x000000008a400000| Untracked 
| 165|0x000000008a500000, 0x000000008a500000, 0x000000008a600000|  0%| F|  |TAMS 0x000000008a500000, 0x000000008a500000| Untracked 
| 166|0x000000008a600000, 0x000000008a600000, 0x000000008a700000|  0%| F|  |TAMS 0x000000008a600000, 0x000000008a600000| Untracked 
| 167|0x000000008a700000, 0x000000008a700000, 0x000000008a800000|  0%| F|  |TAMS 0x000000008a700000, 0x000000008a700000| Untracked 
| 168|0x000000008a800000, 0x000000008a800000, 0x000000008a900000|  0%| F|  |TAMS 0x000000008a800000, 0x000000008a800000| Untracked 
| 169|0x000000008a900000, 0x000000008a900000, 0x000000008aa00000|  0%| F|  |TAMS 0x000000008a900000, 0x000000008a900000| Untracked 
| 170|0x000000008aa00000, 0x000000008aa00000, 0x000000008ab00000|  0%| F|  |TAMS 0x000000008aa00000, 0x000000008aa00000| Untracked 
| 171|0x000000008ab00000, 0x000000008ab00000, 0x000000008ac00000|  0%| F|  |TAMS 0x000000008ab00000, 0x000000008ab00000| Untracked 
| 172|0x000000008ac00000, 0x000000008ac00000, 0x000000008ad00000|  0%| F|  |TAMS 0x000000008ac00000, 0x000000008ac00000| Untracked 
| 173|0x000000008ad00000, 0x000000008ad00000, 0x000000008ae00000|  0%| F|  |TAMS 0x000000008ad00000, 0x000000008ad00000| Untracked 
| 174|0x000000008ae00000, 0x000000008ae00000, 0x000000008af00000|  0%| F|  |TAMS 0x000000008ae00000, 0x000000008ae00000| Untracked 
| 175|0x000000008af00000, 0x000000008af91320, 0x000000008b000000| 56%| S|CS|TAMS 0x000000008af00000, 0x000000008af00000| Complete 
| 176|0x000000008b000000, 0x000000008b000000, 0x000000008b100000|  0%| F|  |TAMS 0x000000008b000000, 0x000000008b000000| Untracked 
| 177|0x000000008b100000, 0x000000008b100000, 0x000000008b200000|  0%| F|  |TAMS 0x000000008b100000, 0x000000008b100000| Untracked 
| 178|0x000000008b200000, 0x000000008b200000, 0x000000008b300000|  0%| F|  |TAMS 0x000000008b200000, 0x000000008b200000| Untracked 
| 179|0x000000008b300000, 0x000000008b300000, 0x000000008b400000|  0%| F|  |TAMS 0x000000008b300000, 0x000000008b300000| Untracked 
| 180|0x000000008b400000, 0x000000008b400000, 0x000000008b500000|  0%| F|  |TAMS 0x000000008b400000, 0x000000008b400000| Untracked 
| 181|0x000000008b500000, 0x000000008b500000, 0x000000008b600000|  0%| F|  |TAMS 0x000000008b500000, 0x000000008b500000| Untracked 
| 182|0x000000008b600000, 0x000000008b600000, 0x000000008b700000|  0%| F|  |TAMS 0x000000008b600000, 0x000000008b600000| Untracked 
| 183|0x000000008b700000, 0x000000008b700000, 0x000000008b800000|  0%| F|  |TAMS 0x000000008b700000, 0x000000008b700000| Untracked 
| 184|0x000000008b800000, 0x000000008b800000, 0x000000008b900000|  0%| F|  |TAMS 0x000000008b800000, 0x000000008b800000| Untracked 
| 185|0x000000008b900000, 0x000000008b900000, 0x000000008ba00000|  0%| F|  |TAMS 0x000000008b900000, 0x000000008b900000| Untracked 
| 186|0x000000008ba00000, 0x000000008ba00000, 0x000000008bb00000|  0%| F|  |TAMS 0x000000008ba00000, 0x000000008ba00000| Untracked 
| 187|0x000000008bb00000, 0x000000008bb00000, 0x000000008bc00000|  0%| F|  |TAMS 0x000000008bb00000, 0x000000008bb00000| Untracked 
| 188|0x000000008bc00000, 0x000000008bc00000, 0x000000008bd00000|  0%| F|  |TAMS 0x000000008bc00000, 0x000000008bc00000| Untracked 
| 189|0x000000008bd00000, 0x000000008bd00000, 0x000000008be00000|  0%| F|  |TAMS 0x000000008bd00000, 0x000000008bd00000| Untracked 
| 190|0x000000008be00000, 0x000000008be00000, 0x000000008bf00000|  0%| F|  |TAMS 0x000000008be00000, 0x000000008be00000| Untracked 
| 191|0x000000008bf00000, 0x000000008bf00000, 0x000000008c000000|  0%| F|  |TAMS 0x000000008bf00000, 0x000000008bf00000| Untracked 
| 192|0x000000008c000000, 0x000000008c000000, 0x000000008c100000|  0%| F|  |TAMS 0x000000008c000000, 0x000000008c000000| Untracked 
| 193|0x000000008c100000, 0x000000008c100000, 0x000000008c200000|  0%| F|  |TAMS 0x000000008c100000, 0x000000008c100000| Untracked 
| 194|0x000000008c200000, 0x000000008c200000, 0x000000008c300000|  0%| F|  |TAMS 0x000000008c200000, 0x000000008c200000| Untracked 

Card table byte_map: [0x00000258f2630000,0x00000258f2a30000] _byte_map_base: 0x00000258f2230000

Marking Bits (Prev, Next): (CMBitMap*) 0x00000258dfb81960, (CMBitMap*) 0x00000258dfb81928
 Prev Bits: [0x00000258f4e30000, 0x00000258f6e30000)
 Next Bits: [0x00000258f2e30000, 0x00000258f4e30000)

Polling page: 0x00000258ddb30000

Metaspace:

Usage:
  Non-class:    108.84 MB capacity,   106.83 MB ( 98%) used,     1.61 MB (  1%) free+waste,   413.06 KB ( <1%) overhead. 
      Class:     16.35 MB capacity,    15.12 MB ( 92%) used,     1.05 MB (  6%) free+waste,   178.63 KB (  1%) overhead. 
       Both:    125.19 MB capacity,   121.95 MB ( 97%) used,     2.66 MB (  2%) free+waste,   591.69 KB ( <1%) overhead. 

Virtual space:
  Non-class space:      110.00 MB reserved,     109.33 MB (>99%) committed 
      Class space:        1.00 GB reserved,      16.63 MB (  2%) committed 
             Both:        1.11 GB reserved,     125.95 MB ( 11%) committed 

Chunk freelists:
   Non-Class:  372.00 KB
       Class:  216.00 KB
        Both:  588.00 KB

MaxMetaspaceSize: 17179869184.00 GB
CompressedClassSpaceSize: 1.00 GB

CodeHeap 'non-profiled nmethods': size=120064Kb used=12671Kb max_used=12925Kb free=107392Kb
 bounds [0x00000258eb0f0000, 0x00000258ebdb0000, 0x00000258f2630000]
CodeHeap 'profiled nmethods': size=120000Kb used=47443Kb max_used=48461Kb free=72556Kb
 bounds [0x00000258e3bc0000, 0x00000258e6b40000, 0x00000258eb0f0000]
CodeHeap 'non-nmethods': size=5696Kb used=2378Kb max_used=2424Kb free=3318Kb
 bounds [0x00000258e3630000, 0x00000258e38a0000, 0x00000258e3bc0000]
 total_blobs=21392 nmethods=20373 adapters=929
 compilation: enabled
              stopped_count=0, restarted_count=0
 full_count=0

Compilation events (20 events):
Event: 4679.785 Thread 0x00000258f9288000 22412       2       com.android.tools.r8.internal.IM0::a (81 bytes)
Event: 4679.786 Thread 0x00000258f9288000 nmethod 22412 0x00000258e41b2d10 code [0x00000258e41b2f20, 0x00000258e41b31f8]
Event: 4679.898 Thread 0x00000258f9288000 22414       2       com.android.tools.r8.internal.Pb1::m (60 bytes)
Event: 4679.899 Thread 0x00000258f9288000 nmethod 22414 0x00000258e419a390 code [0x00000258e419a560, 0x00000258e419a788]
Event: 4679.912 Thread 0x00000258f9288000 22415 %     3       com.android.tools.r8.internal.hI0::s @ 31 (281 bytes)
Event: 4679.923 Thread 0x00000258f9288000 nmethod 22415% 0x00000258e6b31190 code [0x00000258e6b31740, 0x00000258e6b35468]
Event: 4679.923 Thread 0x00000258f9288000 22416 %     3       com.android.tools.r8.internal.Ln1::b @ 152 (268 bytes)
Event: 4679.928 Thread 0x00000258f9288000 nmethod 22416% 0x00000258e457c990 code [0x00000258e457ce00, 0x00000258e457efb8]
Event: 4679.928 Thread 0x00000258f9288000 22417       3       com.android.tools.r8.internal.Ln1::b (268 bytes)
Event: 4679.933 Thread 0x00000258f9288000 nmethod 22417 0x00000258e4736990 code [0x00000258e4736de0, 0x00000258e4738f18]
Event: 4679.944 Thread 0x00000258f9288000 22418       2       com.android.tools.r8.code.D0::hashCode (20 bytes)
Event: 4679.945 Thread 0x00000258f9288000 nmethod 22418 0x00000258e4052010 code [0x00000258e40521c0, 0x00000258e4052308]
Event: 4679.963 Thread 0x00000258f9288000 22420       2       com.android.tools.r8.internal.CL0::<init> (35 bytes)
Event: 4679.963 Thread 0x00000258f9288000 nmethod 22420 0x00000258e419b390 code [0x00000258e419b560, 0x00000258e419b6c8]
Event: 4680.060 Thread 0x00000258f9288000 22425       2       com.android.tools.r8.internal.VI0::a (34 bytes)
Event: 4680.061 Thread 0x00000258f9288000 nmethod 22425 0x00000258e41b9790 code [0x00000258e41b9940, 0x00000258e41b9b58]
Event: 4680.061 Thread 0x00000258f9288000 22426       2       com.android.tools.r8.internal.UI0::<init> (7 bytes)
Event: 4680.062 Thread 0x00000258f9288000 nmethod 22426 0x00000258e4161e10 code [0x00000258e4161fc0, 0x00000258e4162178]
Event: 4680.062 Thread 0x00000258f9288000 22427       2       com.android.tools.r8.internal.UI0::<init> (20 bytes)
Event: 4680.062 Thread 0x00000258f9288000 nmethod 22427 0x00000258e41bf810 code [0x00000258e41bf9c0, 0x00000258e41bfb78]

GC Heap History (20 events):
Event: 4596.506 GC heap after
{Heap after GC invocations=126 (full 0):
 garbage-first heap   total 165888K, used 107068K [0x0000000080000000, 0x0000000100000000)
  region size 1024K, 1 young (1024K), 1 survivors (1024K)
 Metaspace       used 121131K, capacity 124254K, committed 125136K, reserved 1157120K
  class space    used 15251K, capacity 16464K, committed 16768K, reserved 1048576K
}
Event: 4599.209 GC heap before
{Heap before GC invocations=127 (full 0):
 garbage-first heap   total 165888K, used 140860K [0x0000000080000000, 0x0000000100000000)
  region size 1024K, 20 young (20480K), 1 survivors (1024K)
 Metaspace       used 121909K, capacity 125046K, committed 125904K, reserved 1159168K
  class space    used 15279K, capacity 16501K, committed 16768K, reserved 1048576K
}
Event: 4599.236 GC heap after
{Heap after GC invocations=128 (full 0):
 garbage-first heap   total 165888K, used 108741K [0x0000000080000000, 0x0000000100000000)
  region size 1024K, 2 young (2048K), 2 survivors (2048K)
 Metaspace       used 121909K, capacity 125046K, committed 125904K, reserved 1159168K
  class space    used 15279K, capacity 16501K, committed 16768K, reserved 1048576K
}
Event: 4600.669 GC heap before
{Heap before GC invocations=128 (full 0):
 garbage-first heap   total 165888K, used 114885K [0x0000000080000000, 0x0000000100000000)
  region size 1024K, 8 young (8192K), 2 survivors (2048K)
 Metaspace       used 122047K, capacity 125174K, committed 126160K, reserved 1159168K
  class space    used 15292K, capacity 16501K, committed 16768K, reserved 1048576K
}
Event: 4600.699 GC heap after
{Heap after GC invocations=129 (full 0):
 garbage-first heap   total 165888K, used 109713K [0x0000000080000000, 0x0000000100000000)
  region size 1024K, 1 young (1024K), 1 survivors (1024K)
 Metaspace       used 122047K, capacity 125174K, committed 126160K, reserved 1159168K
  class space    used 15292K, capacity 16501K, committed 16768K, reserved 1048576K
}
Event: 4602.807 GC heap before
{Heap before GC invocations=129 (full 0):
 garbage-first heap   total 165888K, used 129169K [0x0000000080000000, 0x0000000100000000)
  region size 1024K, 20 young (20480K), 1 survivors (1024K)
 Metaspace       used 122099K, capacity 125273K, committed 126288K, reserved 1159168K
  class space    used 15295K, capacity 16534K, committed 16896K, reserved 1048576K
}
Event: 4602.835 GC heap after
{Heap after GC invocations=130 (full 0):
 garbage-first heap   total 165888K, used 112591K [0x0000000080000000, 0x0000000100000000)
  region size 1024K, 3 young (3072K), 3 survivors (3072K)
 Metaspace       used 122099K, capacity 125273K, committed 126288K, reserved 1159168K
  class space    used 15295K, capacity 16534K, committed 16896K, reserved 1048576K
}
Event: 4604.941 GC heap before
{Heap before GC invocations=131 (full 0):
 garbage-first heap   total 165888K, used 122831K [0x0000000080000000, 0x0000000100000000)
  region size 1024K, 22 young (22528K), 3 survivors (3072K)
 Metaspace       used 124037K, capacity 127193K, committed 128208K, reserved 1161216K
  class space    used 15451K, capacity 16662K, committed 17024K, reserved 1048576K
}
Event: 4604.989 GC heap after
{Heap after GC invocations=132 (full 0):
 garbage-first heap   total 165888K, used 107817K [0x0000000080000000, 0x0000000100000000)
  region size 1024K, 3 young (3072K), 3 survivors (3072K)
 Metaspace       used 124037K, capacity 127193K, committed 128208K, reserved 1161216K
  class space    used 15451K, capacity 16662K, committed 17024K, reserved 1048576K
}
Event: 4605.788 GC heap before
{Heap before GC invocations=132 (full 0):
 garbage-first heap   total 165888K, used 111913K [0x0000000080000000, 0x0000000100000000)
  region size 1024K, 8 young (8192K), 3 survivors (3072K)
 Metaspace       used 124193K, capacity 127353K, committed 128464K, reserved 1161216K
  class space    used 15458K, capacity 16694K, committed 17024K, reserved 1048576K
}
Event: 4605.850 GC heap after
{Heap after GC invocations=133 (full 0):
 garbage-first heap   total 199680K, used 97100K [0x0000000080000000, 0x0000000100000000)
  region size 1024K, 1 young (1024K), 1 survivors (1024K)
 Metaspace       used 124193K, capacity 127353K, committed 128464K, reserved 1161216K
  class space    used 15458K, capacity 16694K, committed 17024K, reserved 1048576K
}
Event: 4640.166 GC heap before
{Heap before GC invocations=133 (full 0):
 garbage-first heap   total 199680K, used 132940K [0x0000000080000000, 0x0000000100000000)
  region size 1024K, 37 young (37888K), 1 survivors (1024K)
 Metaspace       used 124214K, capacity 127354K, committed 128464K, reserved 1161216K
  class space    used 15458K, capacity 16694K, committed 17024K, reserved 1048576K
}
Event: 4640.250 GC heap after
{Heap after GC invocations=134 (full 0):
 garbage-first heap   total 199680K, used 102252K [0x0000000080000000, 0x0000000100000000)
  region size 1024K, 5 young (5120K), 5 survivors (5120K)
 Metaspace       used 124214K, capacity 127354K, committed 128464K, reserved 1161216K
  class space    used 15458K, capacity 16694K, committed 17024K, reserved 1048576K
}
Event: 4673.562 GC heap before
{Heap before GC invocations=135 (full 0):
 garbage-first heap   total 199680K, used 136044K [0x0000000080000000, 0x0000000100000000)
  region size 1024K, 41 young (41984K), 5 survivors (5120K)
 Metaspace       used 124675K, capacity 127878K, committed 128720K, reserved 1161216K
  class space    used 15481K, capacity 16735K, committed 17024K, reserved 1048576K
}
Event: 4673.907 GC heap after
{Heap after GC invocations=136 (full 0):
 garbage-first heap   total 199680K, used 101817K [0x0000000080000000, 0x0000000100000000)
  region size 1024K, 3 young (3072K), 3 survivors (3072K)
 Metaspace       used 124675K, capacity 127878K, committed 128720K, reserved 1161216K
  class space    used 15481K, capacity 16735K, committed 17024K, reserved 1048576K
}
Event: 4674.973 GC heap before
{Heap before GC invocations=136 (full 0):
 garbage-first heap   total 199680K, used 110009K [0x0000000080000000, 0x0000000100000000)
  region size 1024K, 9 young (9216K), 3 survivors (3072K)
 Metaspace       used 124770K, capacity 128054K, committed 128720K, reserved 1161216K
  class space    used 15485K, capacity 16743K, committed 17024K, reserved 1048576K
}
Event: 4675.021 GC heap after
{Heap after GC invocations=137 (full 0):
 garbage-first heap   total 199680K, used 99227K [0x0000000080000000, 0x0000000100000000)
  region size 1024K, 1 young (1024K), 1 survivors (1024K)
 Metaspace       used 124770K, capacity 128054K, committed 128720K, reserved 1161216K
  class space    used 15485K, capacity 16743K, committed 17024K, reserved 1048576K
}
Event: 4675.748 GC heap before
{Heap before GC invocations=137 (full 0):
 garbage-first heap   total 199680K, used 122779K [0x0000000080000000, 0x0000000100000000)
  region size 1024K, 25 young (25600K), 1 survivors (1024K)
 Metaspace       used 124797K, capacity 128066K, committed 128720K, reserved 1161216K
  class space    used 15486K, capacity 16744K, committed 17024K, reserved 1048576K
}
Event: 4675.937 GC heap after
{Heap after GC invocations=138 (full 0):
 garbage-first heap   total 199680K, used 105163K [0x0000000080000000, 0x0000000100000000)
  region size 1024K, 4 young (4096K), 4 survivors (4096K)
 Metaspace       used 124797K, capacity 128066K, committed 128720K, reserved 1161216K
  class space    used 15486K, capacity 16744K, committed 17024K, reserved 1048576K
}
Event: 4680.076 GC heap before
{Heap before GC invocations=139 (full 0):
 garbage-first heap   total 199680K, used 124619K [0x0000000080000000, 0x0000000100000000)
  region size 1024K, 23 young (23552K), 4 survivors (4096K)
 Metaspace       used 124877K, capacity 128196K, committed 128976K, reserved 1161216K
  class space    used 15487K, capacity 16744K, committed 17024K, reserved 1048576K
}

Deoptimization events (20 events):
Event: 4673.451 Thread 0x00000258fc306000 DEOPT PACKING pc=0x00000258e4880f3d sp=0x0000007adbdf8600
Event: 4673.451 Thread 0x00000258fc306000 DEOPT UNPACKING pc=0x00000258e36567c0 sp=0x0000007adbdf7bd8 mode 0
Event: 4675.038 Thread 0x00000258800a4800 DEOPT PACKING pc=0x00000258e68a9263 sp=0x0000007adeafdaf0
Event: 4675.038 Thread 0x00000258800a4800 DEOPT UNPACKING pc=0x00000258e36567c0 sp=0x0000007adeafcfc0 mode 0
Event: 4679.340 Thread 0x00000258800a4800 DEOPT PACKING pc=0x00000258e64782d9 sp=0x0000007adeafc3d0
Event: 4679.340 Thread 0x00000258800a4800 DEOPT UNPACKING pc=0x00000258e36567c0 sp=0x0000007adeafb938 mode 0
Event: 4679.376 Thread 0x00000258800a4800 DEOPT PACKING pc=0x00000258e647a4b7 sp=0x0000007adeafc340
Event: 4679.377 Thread 0x00000258800a4800 DEOPT UNPACKING pc=0x00000258e36567c0 sp=0x0000007adeafb908 mode 0
Event: 4679.415 Thread 0x00000258800a4800 DEOPT PACKING pc=0x00000258e647d534 sp=0x0000007adeafc330
Event: 4679.415 Thread 0x00000258800a4800 DEOPT UNPACKING pc=0x00000258e36567c0 sp=0x0000007adeafb908 mode 0
Event: 4679.434 Thread 0x00000258800a4800 DEOPT PACKING pc=0x00000258e647ff10 sp=0x0000007adeafc3b0
Event: 4679.434 Thread 0x00000258800a4800 DEOPT UNPACKING pc=0x00000258e36567c0 sp=0x0000007adeafb940 mode 0
Event: 4679.456 Thread 0x00000258800a4800 DEOPT PACKING pc=0x00000258e6481f93 sp=0x0000007adeafc320
Event: 4679.461 Thread 0x00000258800a4800 DEOPT UNPACKING pc=0x00000258e36567c0 sp=0x0000007adeafb8f0 mode 0
Event: 4679.688 Thread 0x00000258800a4800 DEOPT PACKING pc=0x00000258e64ba2bf sp=0x0000007adeafbdc0
Event: 4679.688 Thread 0x00000258800a4800 DEOPT UNPACKING pc=0x00000258e36567c0 sp=0x0000007adeafb238 mode 0
Event: 4679.721 Thread 0x00000258800a4800 DEOPT PACKING pc=0x00000258e651577d sp=0x0000007adeafccb0
Event: 4679.721 Thread 0x00000258800a4800 DEOPT UNPACKING pc=0x00000258e36567c0 sp=0x0000007adeafc190 mode 0
Event: 4679.933 Thread 0x00000258800a4800 DEOPT PACKING pc=0x00000258e648edb6 sp=0x0000007adeafc3e0
Event: 4679.933 Thread 0x00000258800a4800 DEOPT UNPACKING pc=0x00000258e36567c0 sp=0x0000007adeafb8c0 mode 0

Classes redefined (0 events):
No events

Internal exceptions (20 events):
Event: 4588.989 Thread 0x00000258fc306000 Implicit null exception at 0x00000258eb2c7d7e to 0x00000258eb2c7e90
Event: 4589.421 Thread 0x00000258fc306000 Exception <a 'sun/nio/fs/WindowsException'{0x0000000088285a60}> (0x0000000088285a60) thrown at [./src/hotspot/share/prims/jni.cpp, line 615]
Event: 4589.906 Thread 0x00000258fc306000 Exception <a 'sun/nio/fs/WindowsException'{0x0000000088129a70}> (0x0000000088129a70) thrown at [./src/hotspot/share/prims/jni.cpp, line 615]
Event: 4589.907 Thread 0x00000258fc306000 Exception <a 'sun/nio/fs/WindowsException'{0x000000008812adf8}> (0x000000008812adf8) thrown at [./src/hotspot/share/prims/jni.cpp, line 615]
Event: 4589.907 Thread 0x00000258fc306000 Exception <a 'sun/nio/fs/WindowsException'{0x000000008812c1d0}> (0x000000008812c1d0) thrown at [./src/hotspot/share/prims/jni.cpp, line 615]
Event: 4589.908 Thread 0x00000258fc306000 Exception <a 'sun/nio/fs/WindowsException'{0x000000008812d5a8}> (0x000000008812d5a8) thrown at [./src/hotspot/share/prims/jni.cpp, line 615]
Event: 4597.795 Thread 0x000002588009a800 Implicit null exception at 0x00000258eb8d91f9 to 0x00000258eb8daf00
Event: 4640.055 Thread 0x00000258800a4800 Exception <a 'sun/nio/fs/WindowsException'{0x000000008a8a9608}> (0x000000008a8a9608) thrown at [./src/hotspot/share/prims/jni.cpp, line 615]
Event: 4640.055 Thread 0x00000258800a4800 Exception <a 'sun/nio/fs/WindowsException'{0x000000008a8a96f0}> (0x000000008a8a96f0) thrown at [./src/hotspot/share/prims/jni.cpp, line 615]
Event: 4644.800 Thread 0x00000258fc306000 Exception <a 'java/lang/NoSuchMethodError'{0x000000008aebeba0}: <clinit>> (0x000000008aebeba0) thrown at [./src/hotspot/share/prims/jni.cpp, line 1362]
Event: 4644.804 Thread 0x00000258fc306000 Exception <a 'java/lang/NoSuchMethodError'{0x000000008aed8b10}: <clinit>> (0x000000008aed8b10) thrown at [./src/hotspot/share/prims/jni.cpp, line 1362]
Event: 4644.832 Thread 0x00000258800a0800 Exception <a 'java/lang/InterruptedException'{0x000000008ad00000}> (0x000000008ad00000) thrown at [./src/hotspot/share/runtime/objectMonitor.cpp, line 1635]
Event: 4644.837 Thread 0x00000258fc306000 Exception <a 'java/lang/NoSuchMethodError'{0x000000008ad09b68}: <clinit>> (0x000000008ad09b68) thrown at [./src/hotspot/share/prims/jni.cpp, line 1362]
Event: 4644.840 Thread 0x00000258fc306000 Exception <a 'java/lang/NoSuchMethodError'{0x000000008ad21c90}: <clinit>> (0x000000008ad21c90) thrown at [./src/hotspot/share/prims/jni.cpp, line 1362]
Event: 4644.847 Thread 0x00000258fc306000 Exception <a 'java/lang/NoSuchMethodError'{0x000000008ad3a4d8}: <clinit>> (0x000000008ad3a4d8) thrown at [./src/hotspot/share/prims/jni.cpp, line 1362]
Event: 4644.888 Thread 0x00000258fc306000 Exception <a 'java/lang/NoSuchMethodError'{0x000000008ad59ab8}: <clinit>> (0x000000008ad59ab8) thrown at [./src/hotspot/share/prims/jni.cpp, line 1362]
Event: 4644.923 Thread 0x00000258fc306000 Exception <a 'java/lang/NoSuchMethodError'{0x000000008adeb9a8}: <clinit>> (0x000000008adeb9a8) thrown at [./src/hotspot/share/prims/jni.cpp, line 1362]
Event: 4674.481 Thread 0x00000258fc30b000 Exception <a 'java/lang/NoSuchMethodError'{0x000000008bfedb00}: <clinit>> (0x000000008bfedb00) thrown at [./src/hotspot/share/prims/jni.cpp, line 1362]
Event: 4674.921 Thread 0x000002588009a800 Exception <a 'sun/nio/fs/WindowsException'{0x000000008bd840e8}> (0x000000008bd840e8) thrown at [./src/hotspot/share/prims/jni.cpp, line 615]
Event: 4674.950 Thread 0x000002588009a800 Exception <a 'java/lang/NoSuchMethodError'{0x000000008bdb0dd8}: <clinit>> (0x000000008bdb0dd8) thrown at [./src/hotspot/share/prims/jni.cpp, line 1362]

Events (20 events):
Event: 4675.021 Executing VM operation: G1CollectForAllocation done
Event: 4675.025 Thread 0x00000258fa0ff000 Thread added: 0x00000258fa0ff000
Event: 4675.041 Executing VM operation: RevokeBias
Event: 4675.047 Executing VM operation: RevokeBias done
Event: 4675.142 Executing VM operation: BulkRevokeBias
Event: 4675.149 Executing VM operation: BulkRevokeBias done
Event: 4675.151 loading class com/android/tools/r8/internal/jO0
Event: 4675.151 loading class com/android/tools/r8/internal/jO0 done
Event: 4675.748 Executing VM operation: G1CollectForAllocation
Event: 4675.937 Executing VM operation: G1CollectForAllocation done
Event: 4678.143 loading class com/android/tools/r8/internal/UE0
Event: 4678.143 loading class com/android/tools/r8/internal/UE0 done
Event: 4678.204 Executing VM operation: RevokeBias
Event: 4678.212 Executing VM operation: RevokeBias done
Event: 4678.386 Executing VM operation: CGC_Operation
Event: 4678.481 Executing VM operation: CGC_Operation done
Event: 4678.481 Thread 0x00000258fa0ff000 Thread exited: 0x00000258fa0ff000
Event: 4678.815 Executing VM operation: CGC_Operation
Event: 4678.819 Executing VM operation: CGC_Operation done
Event: 4680.076 Executing VM operation: G1CollectForAllocation


Dynamic libraries:
0x00007ff7e2d90000 - 0x00007ff7e2d9a000 	C:\Program Files\Android\Android Studio\jre\bin\java.exe
0x00007ff8fe200000 - 0x00007ff8fe3ed000 	C:\Windows\SYSTEM32\ntdll.dll
0x00007ff8fd200000 - 0x00007ff8fd2b3000 	C:\Windows\System32\KERNEL32.DLL
0x00007ff8fa2d0000 - 0x00007ff8fa563000 	C:\Windows\System32\KERNELBASE.dll
0x00007ff8fa570000 - 0x00007ff8fa66c000 	C:\Windows\System32\ucrtbase.dll
0x00007ff8eec60000 - 0x00007ff8eec79000 	C:\Program Files\Android\Android Studio\jre\bin\jli.dll
0x00007ff8eec40000 - 0x00007ff8eec57000 	C:\Program Files\Android\Android Studio\jre\bin\VCRUNTIME140.dll
0x00007ff8fd3e0000 - 0x00007ff8fd577000 	C:\Windows\System32\USER32.dll
0x00007ff8fafb0000 - 0x00007ff8fafd0000 	C:\Windows\System32\win32u.dll
0x00007ff8f2410000 - 0x00007ff8f2689000 	C:\Windows\WinSxS\amd64_microsoft.windows.common-controls_6595b64144ccf1df_6.0.17763.1_none_f040600eff408c2d\COMCTL32.dll
0x00007ff8fcfd0000 - 0x00007ff8fcff9000 	C:\Windows\System32\GDI32.dll
0x00007ff8fd580000 - 0x00007ff8fd61e000 	C:\Windows\System32\msvcrt.dll
0x00007ff8fae10000 - 0x00007ff8fafaa000 	C:\Windows\System32\gdi32full.dll
0x00007ff8fb5f0000 - 0x00007ff8fb91e000 	C:\Windows\System32\combase.dll
0x00007ff8fb330000 - 0x00007ff8fb3d0000 	C:\Windows\System32\msvcp_win.dll
0x00007ff8fd000000 - 0x00007ff8fd123000 	C:\Windows\System32\RPCRT4.dll
0x00007ff8fb200000 - 0x00007ff8fb27e000 	C:\Windows\System32\bcryptPrimitives.dll
0x00007ff8fd2c0000 - 0x00007ff8fd2ee000 	C:\Windows\System32\IMM32.DLL
0x00007ff8dd900000 - 0x00007ff8dd99d000 	C:\Program Files\Android\Android Studio\jre\bin\msvcp140.dll
0x00007ff8d9600000 - 0x00007ff8da0d5000 	C:\Program Files\Android\Android Studio\jre\bin\server\jvm.dll
0x00007ff8fd130000 - 0x00007ff8fd1d3000 	C:\Windows\System32\ADVAPI32.dll
0x00007ff8fd7b0000 - 0x00007ff8fd84e000 	C:\Windows\System32\sechost.dll
0x00007ff8fd350000 - 0x00007ff8fd358000 	C:\Windows\System32\PSAPI.DLL
0x00007ff8f6c20000 - 0x00007ff8f6c29000 	C:\Windows\SYSTEM32\WSOCK32.dll
0x00007ff8f84d0000 - 0x00007ff8f84f4000 	C:\Windows\SYSTEM32\WINMM.dll
0x00007ff8fdaf0000 - 0x00007ff8fdb5d000 	C:\Windows\System32\WS2_32.dll
0x00007ff8f28c0000 - 0x00007ff8f28ca000 	C:\Windows\SYSTEM32\VERSION.dll
0x00007ff8f84a0000 - 0x00007ff8f84cd000 	C:\Windows\SYSTEM32\WINMMBASE.dll
0x00007ff8fadc0000 - 0x00007ff8fae0a000 	C:\Windows\System32\cfgmgr32.dll
0x00007ff8fa260000 - 0x00007ff8fa271000 	C:\Windows\System32\kernel.appcore.dll
0x00007ff8f6be0000 - 0x00007ff8f6bf1000 	C:\Program Files\Android\Android Studio\jre\bin\verify.dll
0x00007ff8ed5b0000 - 0x00007ff8ed79d000 	C:\Windows\SYSTEM32\DBGHELP.DLL
0x00007ff8ed220000 - 0x00007ff8ed24a000 	C:\Windows\SYSTEM32\dbgcore.DLL
0x00007ff8f6bb0000 - 0x00007ff8f6bd9000 	C:\Program Files\Android\Android Studio\jre\bin\java.dll
0x00007ff8f6ba0000 - 0x00007ff8f6bab000 	C:\Program Files\Android\Android Studio\jre\bin\jimage.dll
0x00007ff8f6200000 - 0x00007ff8f6218000 	C:\Program Files\Android\Android Studio\jre\bin\zip.dll
0x00007ff8fb920000 - 0x00007ff8fce0f000 	C:\Windows\System32\SHELL32.dll
0x00007ff8fe120000 - 0x00007ff8fe1c8000 	C:\Windows\System32\shcore.dll
0x00007ff8fa670000 - 0x00007ff8fadb8000 	C:\Windows\System32\windows.storage.dll
0x00007ff8fa2a0000 - 0x00007ff8fa2c4000 	C:\Windows\System32\profapi.dll
0x00007ff8fa200000 - 0x00007ff8fa25d000 	C:\Windows\System32\powrprof.dll
0x00007ff8fd2f0000 - 0x00007ff8fd342000 	C:\Windows\System32\shlwapi.dll
0x00007ff8fb1e0000 - 0x00007ff8fb1f7000 	C:\Windows\System32\cryptsp.dll
0x00007ff8f07d0000 - 0x00007ff8f07ea000 	C:\Program Files\Android\Android Studio\jre\bin\net.dll
0x00007ff8f45d0000 - 0x00007ff8f46c1000 	C:\Windows\SYSTEM32\WINHTTP.dll
0x00007ff8f9a30000 - 0x00007ff8f9a97000 	C:\Windows\system32\mswsock.dll
0x00007ff8eeb70000 - 0x00007ff8eeb84000 	C:\Program Files\Android\Android Studio\jre\bin\nio.dll
0x00007ff8eec80000 - 0x00007ff8eeca7000 	C:\Users\Alejandro\.gradle\native\e1d6ef7f7dcc3fd88c89a11ec53ec762bb8ba0a96d01ffa2cd45eb1d1d8dd5c5\windows-amd64\native-platform.dll
0x00007ff8dd7b0000 - 0x00007ff8dd8f4000 	C:\Users\Alejandro\.gradle\native\5664cfc778a61ccfe75a443a1ab52a65af34e5dc3c78e0209fed803814484fcb\windows-amd64\native-platform-file-events.dll
0x00007ff8f6b50000 - 0x00007ff8f6b5a000 	C:\Program Files\Android\Android Studio\jre\bin\management.dll
0x00007ff8f6b20000 - 0x00007ff8f6b2d000 	C:\Program Files\Android\Android Studio\jre\bin\management_ext.dll
0x00007ff8f95f0000 - 0x00007ff8f9623000 	C:\Windows\system32\rsaenh.dll
0x00007ff8fb1b0000 - 0x00007ff8fb1d6000 	C:\Windows\System32\bcrypt.dll
0x00007ff8fa100000 - 0x00007ff8fa128000 	C:\Windows\SYSTEM32\USERENV.dll
0x00007ff8f9c00000 - 0x00007ff8f9c0c000 	C:\Windows\SYSTEM32\CRYPTBASE.dll
0x00007ff8f9790000 - 0x00007ff8f97cd000 	C:\Windows\SYSTEM32\IPHLPAPI.DLL
0x00007ff8fe110000 - 0x00007ff8fe118000 	C:\Windows\System32\NSI.dll
0x00007ff8f59f0000 - 0x00007ff8f5a06000 	C:\Windows\SYSTEM32\dhcpcsvc6.DLL
0x00007ff8f59d0000 - 0x00007ff8f59ec000 	C:\Windows\SYSTEM32\dhcpcsvc.DLL
0x00007ff8f97d0000 - 0x00007ff8f9896000 	C:\Windows\SYSTEM32\DNSAPI.dll
0x00007ff8ecb10000 - 0x00007ff8ecb2e000 	C:\Users\Alejandro\AppData\Local\Temp\native-platform13342184373004732813dir\native-platform.dll
0x00007ff8eece0000 - 0x00007ff8eece8000 	C:\Program Files\Android\Android Studio\jre\bin\rmi.dll
0x00007ff8eb070000 - 0x00007ff8eb097000 	C:\Program Files\Android\Android Studio\jre\bin\sunec.dll
0x00007ff8f92d0000 - 0x00007ff8f9301000 	C:\Windows\SYSTEM32\ntmarta.dll

dbghelp: loaded successfully - version: 4.0.5 - missing functions: none
symbol engine: initialized successfully - sym options: 0x614 - pdb path: .;C:\Program Files\Android\Android Studio\jre\bin;C:\Windows\SYSTEM32;C:\Windows\WinSxS\amd64_microsoft.windows.common-controls_6595b64144ccf1df_6.0.17763.1_none_f040600eff408c2d;C:\Program Files\Android\Android Studio\jre\bin\server;C:\Users\Alejandro\.gradle\native\e1d6ef7f7dcc3fd88c89a11ec53ec762bb8ba0a96d01ffa2cd45eb1d1d8dd5c5\windows-amd64;C:\Users\Alejandro\.gradle\native\5664cfc778a61ccfe75a443a1ab52a65af34e5dc3c78e0209fed803814484fcb\windows-amd64;C:\Users\Alejandro\AppData\Local\Temp\native-platform13342184373004732813dir

VM Arguments:
jvm_args: --add-opens=java.base/java.util=ALL-UNNAMED --add-opens=java.base/java.lang=ALL-UNNAMED --add-opens=java.base/java.lang.invoke=ALL-UNNAMED --add-opens=java.base/java.util=ALL-UNNAMED --add-opens=java.prefs/java.util.prefs=ALL-UNNAMED --add-opens=java.prefs/java.util.prefs=ALL-UNNAMED --add-opens=java.base/java.nio.charset=ALL-UNNAMED --add-opens=java.base/java.net=ALL-UNNAMED --add-opens=java.base/java.util.concurrent.atomic=ALL-UNNAMED -Xmx2048m -Dfile.encoding=UTF-8 -Duser.country=CO -Duser.language=es -Duser.variant 
java_command: org.gradle.launcher.daemon.bootstrap.GradleDaemon 7.2
java_class_path (initial): C:\Users\Alejandro\.gradle\wrapper\dists\gradle-7.2-bin\2dnblmf4td7x66yl1d74lt32g\gradle-7.2\lib\gradle-launcher-7.2.jar
Launcher Type: SUN_STANDARD

[Global flags]
     intx CICompilerCount                          = 2                                         {product} {ergonomic}
     uint ConcGCThreads                            = 1                                         {product} {ergonomic}
     uint G1ConcRefinementThreads                  = 2                                         {product} {ergonomic}
   size_t G1HeapRegionSize                         = 1048576                                   {product} {ergonomic}
    uintx GCDrainStackTargetSize                   = 64                                        {product} {ergonomic}
   size_t InitialHeapSize                          = 67108864                                  {product} {ergonomic}
   size_t MarkStackSize                            = 4194304                                   {product} {ergonomic}
   size_t MaxHeapSize                              = 2147483648                                {product} {command line}
   size_t MaxNewSize                               = 1287651328                                {product} {ergonomic}
   size_t MinHeapDeltaBytes                        = 1048576                                   {product} {ergonomic}
    uintx NonNMethodCodeHeapSize                   = 5825164                                {pd product} {ergonomic}
    uintx NonProfiledCodeHeapSize                  = 122916538                              {pd product} {ergonomic}
    uintx ProfiledCodeHeapSize                     = 122916538                              {pd product} {ergonomic}
    uintx ReservedCodeCacheSize                    = 251658240                              {pd product} {ergonomic}
     bool SegmentedCodeCache                       = true                                      {product} {ergonomic}
     bool UseCompressedClassPointers               = true                                 {lp64_product} {ergonomic}
     bool UseCompressedOops                        = true                                 {lp64_product} {ergonomic}
     bool UseG1GC                                  = true                                      {product} {ergonomic}
     bool UseLargePagesIndividualAllocation        = false                                  {pd product} {ergonomic}

Logging:
Log output configuration:
 #0: stdout all=warning uptime,level,tags
 #1: stderr all=off uptime,level,tags

Environment Variables:
JAVA_HOME=C:\Program Files\Java\jdk-17
PATH=C:\ProgramData\Oracle\Java\javapath;C:\Program Files\Python310\Scripts\;C:\Program Files\Python310\;C:\Program Files\Common Files\Oracle\Java\javapath;C:\Windows\system32;C:\Windows;C:\Windows\System32\Wbem;C:\Windows\System32\WindowsPowerShell\v1.0\;C:\Windows\System32\OpenSSH\;C:\Program Files\Git\cmd;C:\Program Files\Docker\Docker\resources\bin;C:\ProgramData\DockerDesktop\version-bin;C:\ProgramData\chocolatey\bin;C:\Program Files\nodejs\;C:\Program Files\MySQL\MySQL Shell 8.0\bin\;C:\Users\Alejandro\AppData\Local\Microsoft\WindowsApps;C:\Users\Alejandro\AppData\Local\Programs\Microsoft VS Code\bin;C:\Users\Alejandro\AppData\Local\GitHubDesktop\bin;C:\Users\Alejandro\AppData\Roaming\npm
USERNAME=Alejandro
OS=Windows_NT
PROCESSOR_IDENTIFIER=Intel64 Family 6 Model 55 Stepping 3, GenuineIntel



---------------  S Y S T E M  ---------------

OS: Windows 10 , 64 bit Build 17763 (10.0.17763.1)
OS uptime: 0 days 3:09 hours

CPU:total 2 (initial active 2) (2 cores per cpu, 1 threads per core) family 6 model 55 stepping 3 microcode 0x31a, cmov, cx8, fxsr, mmx, sse, sse2, sse3, ssse3, sse4.1, sse4.2, popcnt, clmul, erms, 3dnowpref, tsc, tscinvbit

Memory: 4k page, system-wide physical 3992M (32M free)
TotalPageFile size 3992M (AvailPageFile size 33M)
current process WorkingSet (physical memory assigned to process): 289M, peak: 467M
current process commit charge ("private bytes"): 549M, peak: 597M

vm_info: OpenJDK 64-Bit Server VM (11.0.11+9-b60-7590822) for windows-amd64 JRE (11.0.11+9-b60-7590822), built on Jul 29 2021 21:43:44 by "builder" with MS VC++ 14.0 (VS2015)

END.
