#
# There is insufficient memory for the Java Runtime Environment to continue.
# Native memory allocation (malloc) failed to allocate 32744 bytes for ChunkPool::allocate
# Possible reasons:
#   The system is out of physical RAM or swap space
#   The process is running with CompressedOops enabled, and the Java Heap may be blocking the growth of the native heap
# Possible solutions:
#   Reduce memory load on the system
#   Increase physical memory or swap space
#   Check if swap backing store is full
#   Decrease Java heap size (-Xmx/-Xms)
#   Decrease number of Java threads
#   Decrease Java thread stack sizes (-Xss)
#   Set larger code cache with -XX:ReservedCodeCacheSize=
#   JVM is running with Unscaled Compressed Oops mode in which the Java heap is
#     placed in the first 4GB address space. The Java Heap base address is the
#     maximum limit for the native heap growth. Please use -XX:HeapBaseMinAddress
#     to set the Java Heap base and to place the Java Heap above 4GB virtual address.
# This output file may be truncated or incomplete.
#
#  Out of Memory Error (./src/hotspot/share/memory/arena.cpp:81), pid=1388, tid=2744
#
# JRE version: OpenJDK Runtime Environment (11.0.11+9) (build 11.0.11+9-b60-7590822)
# Java VM: OpenJDK 64-Bit Server VM (11.0.11+9-b60-7590822, mixed mode, tiered, compressed oops, g1 gc, windows-amd64)
# No core dump will be written. Minidumps are not enabled by default on client versions of Windows
#

---------------  S U M M A R Y ------------

Command Line: org.jetbrains.kotlin.cli.jvm.K2JVMCompiler @C:\Users\Alejandro\Documents\SENA\SENA\Quinto trimeste\Cristian Henao\LaboratorioColegio\app\build\20220328_10879849008441118966.compiler.options

Host: Intel(R) Celeron(R) CPU  N2810  @ 2.00GHz, 2 cores, 3G,  Windows 10 , 64 bit Build 17763 (10.0.17763.1)
Time: Mon Mar 28 20:26:27 2022 Hora est. Pacífico, Sudamérica elapsed time: 45.523334 seconds (0d 0h 0m 45s)

---------------  T H R E A D  ---------------

Current thread (0x000001bab3df5800):  JavaThread "C2 CompilerThread0" daemon [_thread_in_native, id=2744, stack(0x0000001528700000,0x0000001528800000)]


Current CompileTask:
C2:  45523 8717       4       jdk.internal.loader.BuiltinClassLoader::loadClass (22 bytes)

Stack: [0x0000001528700000,0x0000001528800000]
Native frames: (J=compiled Java code, j=interpreted, Vv=VM code, C=native code)
V  [jvm.dll+0x5f214a]
V  [jvm.dll+0x726fb5]
V  [jvm.dll+0x7285cd]
V  [jvm.dll+0x728c83]
V  [jvm.dll+0x243278]
V  [jvm.dll+0xbc78b]
V  [jvm.dll+0xbca3c]
V  [jvm.dll+0xbc638]
V  [jvm.dll+0x5d14e0]
V  [jvm.dll+0x62214e]
V  [jvm.dll+0x198a28]
V  [jvm.dll+0x1fc2ee]
V  [jvm.dll+0x1fb3d4]
V  [jvm.dll+0x183d6c]
V  [jvm.dll+0x209a57]
V  [jvm.dll+0x2082a1]
V  [jvm.dll+0x6ef58f]
V  [jvm.dll+0x6e80b5]
V  [jvm.dll+0x5f1036]
C  [ucrtbase.dll+0x203ba]
C  [KERNEL32.DLL+0x17e94]
C  [ntdll.dll+0x67ad1]


---------------  P R O C E S S  ---------------

Threads class SMR info:
_java_thread_list=0x000001bab48c29f0, length=10, elements={
0x000001ba9ce0d800, 0x000001bab3dce000, 0x000001bab3dda000, 0x000001bab3ded800,
0x000001bab3def800, 0x000001bab3df1800, 0x000001bab3df5800, 0x000001bab3e3e800,
0x000001bab3e4c800, 0x000001bab48c8000
}

Java Threads: ( => current thread )
  0x000001ba9ce0d800 JavaThread "main" [_thread_in_Java, id=5348, stack(0x0000001527b00000,0x0000001527c00000)]
  0x000001bab3dce000 JavaThread "Reference Handler" daemon [_thread_blocked, id=5676, stack(0x0000001528200000,0x0000001528300000)]
  0x000001bab3dda000 JavaThread "Finalizer" daemon [_thread_blocked, id=2676, stack(0x0000001528300000,0x0000001528400000)]
  0x000001bab3ded800 JavaThread "Signal Dispatcher" daemon [_thread_blocked, id=3468, stack(0x0000001528400000,0x0000001528500000)]
  0x000001bab3def800 JavaThread "Attach Listener" daemon [_thread_blocked, id=1828, stack(0x0000001528500000,0x0000001528600000)]
  0x000001bab3df1800 JavaThread "Service Thread" daemon [_thread_blocked, id=3744, stack(0x0000001528600000,0x0000001528700000)]
=>0x000001bab3df5800 JavaThread "C2 CompilerThread0" daemon [_thread_in_native, id=2744, stack(0x0000001528700000,0x0000001528800000)]
  0x000001bab3e3e800 JavaThread "C1 CompilerThread0" daemon [_thread_in_vm, id=5712, stack(0x0000001528800000,0x0000001528900000)]
  0x000001bab3e4c800 JavaThread "Sweeper thread" daemon [_thread_blocked, id=4380, stack(0x0000001528900000,0x0000001528a00000)]
  0x000001bab48c8000 JavaThread "Common-Cleaner" daemon [_thread_blocked, id=5640, stack(0x0000001528b00000,0x0000001528c00000)]

Other Threads:
  0x000001bab3dab800 VMThread "VM Thread" [stack: 0x0000001528100000,0x0000001528200000] [id=3844]
  0x000001bab48c1000 WatcherThread [stack: 0x0000001528a00000,0x0000001528b00000] [id=236]
  0x000001ba9ce25000 GCTaskThread "GC Thread#0" [stack: 0x0000001527c00000,0x0000001527d00000] [id=4268]
  0x000001bab48cd800 GCTaskThread "GC Thread#1" [stack: 0x0000001528c00000,0x0000001528d00000] [id=4972]
  0x000001ba9ce3f800 ConcurrentGCThread "G1 Main Marker" [stack: 0x0000001527d00000,0x0000001527e00000] [id=2496]
  0x000001ba9ce41800 ConcurrentGCThread "G1 Conc#0" [stack: 0x0000001527e00000,0x0000001527f00000] [id=3820]
  0x000001ba9ce92800 ConcurrentGCThread "G1 Refine#0" [stack: 0x0000001527f00000,0x0000001528000000] [id=3676]
  0x000001ba9ce94800 ConcurrentGCThread "G1 Young RemSet Sampling" [stack: 0x0000001528000000,0x0000001528100000] [id=2108]

Threads with active compile tasks:
C2 CompilerThread0  45797 8717       4       jdk.internal.loader.BuiltinClassLoader::loadClass (22 bytes)
C1 CompilerThread0  45797 8946       2       org.jetbrains.kotlin.backend.common.serialization.mangle.descriptor.DescriptorExportCheckerVisitor::visitPackageFragmentDescriptor (10 bytes)

VM state:not at safepoint (normal execution)

VM Mutex/Monitor currently owned by a thread: None

Heap address: 0x00000000c1800000, size: 1000 MB, Compressed Oops mode: 32-bit
Narrow klass base: 0x0000000000000000, Narrow klass shift: 3
Compressed class space size: 1073741824 Address: 0x0000000100000000

Heap:
 garbage-first heap   total 95232K, used 63763K [0x00000000c1800000, 0x0000000100000000)
  region size 1024K, 12 young (12288K), 2 survivors (2048K)
 Metaspace       used 63712K, capacity 64369K, committed 64512K, reserved 1105920K
  class space    used 6906K, capacity 7162K, committed 7168K, reserved 1048576K
Heap Regions: E=young(eden), S=young(survivor), O=old, HS=humongous(starts), HC=humongous(continues), CS=collection set, F=free, A=archive, TAMS=top-at-mark-start (previous, next)
|   0|0x00000000c1800000, 0x00000000c1900000, 0x00000000c1900000|100%|HS|  |TAMS 0x00000000c1900000, 0x00000000c1800000| Complete 
|   1|0x00000000c1900000, 0x00000000c1a00000, 0x00000000c1a00000|100%|HC|  |TAMS 0x00000000c1a00000, 0x00000000c1900000| Complete 
|   2|0x00000000c1a00000, 0x00000000c1b00000, 0x00000000c1b00000|100%|HC|  |TAMS 0x00000000c1b00000, 0x00000000c1a00000| Complete 
|   3|0x00000000c1b00000, 0x00000000c1c00000, 0x00000000c1c00000|100%| O|  |TAMS 0x00000000c1c00000, 0x00000000c1b00000| Untracked 
|   4|0x00000000c1c00000, 0x00000000c1d00000, 0x00000000c1d00000|100%| O|  |TAMS 0x00000000c1d00000, 0x00000000c1c00000| Untracked 
|   5|0x00000000c1d00000, 0x00000000c1e00000, 0x00000000c1e00000|100%| O|  |TAMS 0x00000000c1e00000, 0x00000000c1d00000| Untracked 
|   6|0x00000000c1e00000, 0x00000000c1f00000, 0x00000000c1f00000|100%| O|  |TAMS 0x00000000c1f00000, 0x00000000c1e00000| Untracked 
|   7|0x00000000c1f00000, 0x00000000c2000000, 0x00000000c2000000|100%| O|  |TAMS 0x00000000c2000000, 0x00000000c1f00000| Untracked 
|   8|0x00000000c2000000, 0x00000000c2100000, 0x00000000c2100000|100%| O|  |TAMS 0x00000000c2100000, 0x00000000c2000000| Untracked 
|   9|0x00000000c2100000, 0x00000000c2200000, 0x00000000c2200000|100%|HS|  |TAMS 0x00000000c2200000, 0x00000000c2100000| Complete 
|  10|0x00000000c2200000, 0x00000000c2300000, 0x00000000c2300000|100%|HC|  |TAMS 0x00000000c2300000, 0x00000000c2200000| Complete 
|  11|0x00000000c2300000, 0x00000000c2400000, 0x00000000c2400000|100%|HC|  |TAMS 0x00000000c2400000, 0x00000000c2300000| Complete 
|  12|0x00000000c2400000, 0x00000000c2500000, 0x00000000c2500000|100%|HS|  |TAMS 0x00000000c2500000, 0x00000000c2400000| Complete 
|  13|0x00000000c2500000, 0x00000000c2600000, 0x00000000c2600000|100%|HC|  |TAMS 0x00000000c2600000, 0x00000000c2500000| Complete 
|  14|0x00000000c2600000, 0x00000000c2700000, 0x00000000c2700000|100%|HC|  |TAMS 0x00000000c2700000, 0x00000000c2600000| Complete 
|  15|0x00000000c2700000, 0x00000000c2800000, 0x00000000c2800000|100%| O|  |TAMS 0x00000000c2800000, 0x00000000c2700000| Untracked 
|  16|0x00000000c2800000, 0x00000000c2900000, 0x00000000c2900000|100%| O|  |TAMS 0x00000000c2900000, 0x00000000c2800000| Untracked 
|  17|0x00000000c2900000, 0x00000000c2a00000, 0x00000000c2a00000|100%| O|  |TAMS 0x00000000c2a00000, 0x00000000c2900000| Untracked 
|  18|0x00000000c2a00000, 0x00000000c2b00000, 0x00000000c2b00000|100%| O|  |TAMS 0x00000000c2b00000, 0x00000000c2a00000| Untracked 
|  19|0x00000000c2b00000, 0x00000000c2c00000, 0x00000000c2c00000|100%| O|  |TAMS 0x00000000c2c00000, 0x00000000c2b00000| Untracked 
|  20|0x00000000c2c00000, 0x00000000c2d00000, 0x00000000c2d00000|100%| O|  |TAMS 0x00000000c2d00000, 0x00000000c2c00000| Untracked 
|  21|0x00000000c2d00000, 0x00000000c2e00000, 0x00000000c2e00000|100%| O|  |TAMS 0x00000000c2e00000, 0x00000000c2d00000| Untracked 
|  22|0x00000000c2e00000, 0x00000000c2f00000, 0x00000000c2f00000|100%|HS|  |TAMS 0x00000000c2f00000, 0x00000000c2e00000| Complete 
|  23|0x00000000c2f00000, 0x00000000c3000000, 0x00000000c3000000|100%|HC|  |TAMS 0x00000000c3000000, 0x00000000c2f00000| Complete 
|  24|0x00000000c3000000, 0x00000000c3100000, 0x00000000c3100000|100%| O|  |TAMS 0x00000000c3100000, 0x00000000c3000000| Untracked 
|  25|0x00000000c3100000, 0x00000000c3200000, 0x00000000c3200000|100%| O|  |TAMS 0x00000000c3200000, 0x00000000c3100000| Untracked 
|  26|0x00000000c3200000, 0x00000000c3300000, 0x00000000c3300000|100%| O|  |TAMS 0x00000000c3300000, 0x00000000c3200000| Untracked 
|  27|0x00000000c3300000, 0x00000000c3400000, 0x00000000c3400000|100%| O|  |TAMS 0x00000000c3400000, 0x00000000c3300000| Untracked 
|  28|0x00000000c3400000, 0x00000000c3500000, 0x00000000c3500000|100%| O|  |TAMS 0x00000000c3500000, 0x00000000c3400000| Untracked 
|  29|0x00000000c3500000, 0x00000000c3600000, 0x00000000c3600000|100%| O|  |TAMS 0x00000000c3600000, 0x00000000c3500000| Untracked 
|  30|0x00000000c3600000, 0x00000000c3700000, 0x00000000c3700000|100%| O|  |TAMS 0x00000000c3700000, 0x00000000c3600000| Untracked 
|  31|0x00000000c3700000, 0x00000000c3800000, 0x00000000c3800000|100%| O|  |TAMS 0x00000000c3800000, 0x00000000c3700000| Untracked 
|  32|0x00000000c3800000, 0x00000000c3900000, 0x00000000c3900000|100%| O|  |TAMS 0x00000000c3900000, 0x00000000c3800000| Untracked 
|  33|0x00000000c3900000, 0x00000000c3a00000, 0x00000000c3a00000|100%| O|  |TAMS 0x00000000c3a00000, 0x00000000c3900000| Untracked 
|  34|0x00000000c3a00000, 0x00000000c3b00000, 0x00000000c3b00000|100%| O|  |TAMS 0x00000000c3b00000, 0x00000000c3a00000| Untracked 
|  35|0x00000000c3b00000, 0x00000000c3c00000, 0x00000000c3c00000|100%| O|  |TAMS 0x00000000c3c00000, 0x00000000c3b00000| Untracked 
|  36|0x00000000c3c00000, 0x00000000c3d00000, 0x00000000c3d00000|100%| O|  |TAMS 0x00000000c3d00000, 0x00000000c3c00000| Untracked 
|  37|0x00000000c3d00000, 0x00000000c3e00000, 0x00000000c3e00000|100%| O|  |TAMS 0x00000000c3e00000, 0x00000000c3d00000| Untracked 
|  38|0x00000000c3e00000, 0x00000000c3f00000, 0x00000000c3f00000|100%| O|  |TAMS 0x00000000c3f00000, 0x00000000c3e00000| Untracked 
|  39|0x00000000c3f00000, 0x00000000c4000000, 0x00000000c4000000|100%| O|  |TAMS 0x00000000c4000000, 0x00000000c3f00000| Untracked 
|  40|0x00000000c4000000, 0x00000000c4100000, 0x00000000c4100000|100%| O|  |TAMS 0x00000000c4100000, 0x00000000c4000000| Untracked 
|  41|0x00000000c4100000, 0x00000000c4200000, 0x00000000c4200000|100%| O|  |TAMS 0x00000000c4200000, 0x00000000c4100000| Untracked 
|  42|0x00000000c4200000, 0x00000000c4300000, 0x00000000c4300000|100%| O|  |TAMS 0x00000000c4300000, 0x00000000c4200000| Untracked 
|  43|0x00000000c4300000, 0x00000000c4400000, 0x00000000c4400000|100%| O|  |TAMS 0x00000000c4400000, 0x00000000c4300000| Untracked 
|  44|0x00000000c4400000, 0x00000000c4500000, 0x00000000c4500000|100%| O|  |TAMS 0x00000000c4500000, 0x00000000c4400000| Untracked 
|  45|0x00000000c4500000, 0x00000000c4600000, 0x00000000c4600000|100%| O|  |TAMS 0x00000000c4600000, 0x00000000c4500000| Untracked 
|  46|0x00000000c4600000, 0x00000000c4700000, 0x00000000c4700000|100%| O|  |TAMS 0x00000000c4700000, 0x00000000c4600000| Untracked 
|  47|0x00000000c4700000, 0x00000000c4800000, 0x00000000c4800000|100%| O|  |TAMS 0x00000000c4800000, 0x00000000c4700000| Untracked 
|  48|0x00000000c4800000, 0x00000000c4900000, 0x00000000c4900000|100%| O|  |TAMS 0x00000000c4900000, 0x00000000c4800000| Untracked 
|  49|0x00000000c4900000, 0x00000000c4a00000, 0x00000000c4a00000|100%| O|  |TAMS 0x00000000c4950a00, 0x00000000c4900000| Untracked 
|  50|0x00000000c4a00000, 0x00000000c4b00000, 0x00000000c4b00000|100%| O|  |TAMS 0x00000000c4a00000, 0x00000000c4a00000| Untracked 
|  51|0x00000000c4b00000, 0x00000000c4c00000, 0x00000000c4c00000|100%| O|  |TAMS 0x00000000c4b00000, 0x00000000c4b00000| Untracked 
|  52|0x00000000c4c00000, 0x00000000c4c00000, 0x00000000c4d00000|  0%| F|  |TAMS 0x00000000c4c00000, 0x00000000c4c00000| Untracked 
|  53|0x00000000c4d00000, 0x00000000c4d00000, 0x00000000c4e00000|  0%| F|  |TAMS 0x00000000c4d00000, 0x00000000c4d00000| Untracked 
|  54|0x00000000c4e00000, 0x00000000c4e00000, 0x00000000c4f00000|  0%| F|  |TAMS 0x00000000c4e00000, 0x00000000c4e00000| Untracked 
|  55|0x00000000c4f00000, 0x00000000c4f00000, 0x00000000c5000000|  0%| F|  |TAMS 0x00000000c4f00000, 0x00000000c4f00000| Untracked 
|  56|0x00000000c5000000, 0x00000000c5000000, 0x00000000c5100000|  0%| F|  |TAMS 0x00000000c5000000, 0x00000000c5000000| Untracked 
|  57|0x00000000c5100000, 0x00000000c5100000, 0x00000000c5200000|  0%| F|  |TAMS 0x00000000c5100000, 0x00000000c5100000| Untracked 
|  58|0x00000000c5200000, 0x00000000c5200000, 0x00000000c5300000|  0%| F|  |TAMS 0x00000000c5200000, 0x00000000c5200000| Untracked 
|  59|0x00000000c5300000, 0x00000000c5300000, 0x00000000c5400000|  0%| F|  |TAMS 0x00000000c5300000, 0x00000000c5300000| Untracked 
|  60|0x00000000c5400000, 0x00000000c5400000, 0x00000000c5500000|  0%| F|  |TAMS 0x00000000c5400000, 0x00000000c5400000| Untracked 
|  61|0x00000000c5500000, 0x00000000c5500000, 0x00000000c5600000|  0%| F|  |TAMS 0x00000000c5500000, 0x00000000c5500000| Untracked 
|  62|0x00000000c5600000, 0x00000000c5600000, 0x00000000c5700000|  0%| F|  |TAMS 0x00000000c5600000, 0x00000000c5600000| Untracked 
|  63|0x00000000c5700000, 0x00000000c5700000, 0x00000000c5800000|  0%| F|  |TAMS 0x00000000c5700000, 0x00000000c5700000| Untracked 
|  64|0x00000000c5800000, 0x00000000c5800000, 0x00000000c5900000|  0%| F|  |TAMS 0x00000000c5800000, 0x00000000c5800000| Untracked 
|  65|0x00000000c5900000, 0x00000000c5900000, 0x00000000c5a00000|  0%| F|  |TAMS 0x00000000c5900000, 0x00000000c5900000| Untracked 
|  66|0x00000000c5a00000, 0x00000000c5a00000, 0x00000000c5b00000|  0%| F|  |TAMS 0x00000000c5a00000, 0x00000000c5a00000| Untracked 
|  67|0x00000000c5b00000, 0x00000000c5b00000, 0x00000000c5c00000|  0%| F|  |TAMS 0x00000000c5b00000, 0x00000000c5b00000| Untracked 
|  68|0x00000000c5c00000, 0x00000000c5c00000, 0x00000000c5d00000|  0%| F|  |TAMS 0x00000000c5c00000, 0x00000000c5c00000| Untracked 
|  69|0x00000000c5d00000, 0x00000000c5d00000, 0x00000000c5e00000|  0%| F|  |TAMS 0x00000000c5d00000, 0x00000000c5d00000| Untracked 
|  70|0x00000000c5e00000, 0x00000000c5e44fb0, 0x00000000c5f00000| 26%| S|CS|TAMS 0x00000000c5e00000, 0x00000000c5e00000| Complete 
|  71|0x00000000c5f00000, 0x00000000c6000000, 0x00000000c6000000|100%| S|CS|TAMS 0x00000000c5f00000, 0x00000000c5f00000| Complete 
|  72|0x00000000c6000000, 0x00000000c6000000, 0x00000000c6100000|  0%| F|  |TAMS 0x00000000c6000000, 0x00000000c6000000| Untracked 
|  73|0x00000000c6100000, 0x00000000c6100000, 0x00000000c6200000|  0%| F|  |TAMS 0x00000000c6100000, 0x00000000c6100000| Untracked 
|  74|0x00000000c6200000, 0x00000000c6200000, 0x00000000c6300000|  0%| F|  |TAMS 0x00000000c6200000, 0x00000000c6200000| Untracked 
|  75|0x00000000c6300000, 0x00000000c6300000, 0x00000000c6400000|  0%| F|  |TAMS 0x00000000c6300000, 0x00000000c6300000| Untracked 
|  76|0x00000000c6400000, 0x00000000c6400000, 0x00000000c6500000|  0%| F|  |TAMS 0x00000000c6400000, 0x00000000c6400000| Untracked 
|  77|0x00000000c6500000, 0x00000000c6500000, 0x00000000c6600000|  0%| F|  |TAMS 0x00000000c6500000, 0x00000000c6500000| Untracked 
|  78|0x00000000c6600000, 0x00000000c6600000, 0x00000000c6700000|  0%| F|  |TAMS 0x00000000c6600000, 0x00000000c6600000| Untracked 
|  79|0x00000000c6700000, 0x00000000c6700000, 0x00000000c6800000|  0%| F|  |TAMS 0x00000000c6700000, 0x00000000c6700000| Untracked 
|  80|0x00000000c6800000, 0x00000000c6800000, 0x00000000c6900000|  0%| F|  |TAMS 0x00000000c6800000, 0x00000000c6800000| Untracked 
|  81|0x00000000c6900000, 0x00000000c6900000, 0x00000000c6a00000|  0%| F|  |TAMS 0x00000000c6900000, 0x00000000c6900000| Untracked 
|  82|0x00000000c6a00000, 0x00000000c6a00000, 0x00000000c6b00000|  0%| F|  |TAMS 0x00000000c6a00000, 0x00000000c6a00000| Untracked 
|  83|0x00000000c6b00000, 0x00000000c6b6abd0, 0x00000000c6c00000| 41%| E|  |TAMS 0x00000000c6b00000, 0x00000000c6b00000| Complete 
|  84|0x00000000c6c00000, 0x00000000c6d00000, 0x00000000c6d00000|100%| E|CS|TAMS 0x00000000c6c00000, 0x00000000c6c00000| Complete 
|  85|0x00000000c6d00000, 0x00000000c6e00000, 0x00000000c6e00000|100%| E|CS|TAMS 0x00000000c6d00000, 0x00000000c6d00000| Complete 
|  86|0x00000000c6e00000, 0x00000000c6f00000, 0x00000000c6f00000|100%| E|CS|TAMS 0x00000000c6e00000, 0x00000000c6e00000| Complete 
|  87|0x00000000c6f00000, 0x00000000c7000000, 0x00000000c7000000|100%| E|CS|TAMS 0x00000000c6f00000, 0x00000000c6f00000| Complete 
|  88|0x00000000c7000000, 0x00000000c7100000, 0x00000000c7100000|100%| E|CS|TAMS 0x00000000c7000000, 0x00000000c7000000| Complete 
|  89|0x00000000c7100000, 0x00000000c7200000, 0x00000000c7200000|100%| E|CS|TAMS 0x00000000c7100000, 0x00000000c7100000| Complete 
|  90|0x00000000c7200000, 0x00000000c7300000, 0x00000000c7300000|100%| E|CS|TAMS 0x00000000c7200000, 0x00000000c7200000| Complete 
|  91|0x00000000c7300000, 0x00000000c7400000, 0x00000000c7400000|100%| E|CS|TAMS 0x00000000c7300000, 0x00000000c7300000| Complete 
|  92|0x00000000c7400000, 0x00000000c7500000, 0x00000000c7500000|100%| E|CS|TAMS 0x00000000c7400000, 0x00000000c7400000| Complete 

Card table byte_map: [0x000001ba9cbe0000,0x000001ba9cde0000] _byte_map_base: 0x000001ba9c5d4000

Marking Bits (Prev, Next): (CMBitMap*) 0x000001ba9ce3a9a8, (CMBitMap*) 0x000001ba9ce3a9e0
 Prev Bits: [0x000001baafb00000, 0x000001bab0aa0000)
 Next Bits: [0x000001bab0aa0000, 0x000001bab1a40000)

Polling page: 0x000001ba9acd0000

Metaspace:

Usage:
  Non-class:     55.87 MB capacity,    55.47 MB (>99%) used,   306.84 KB ( <1%) free+waste,    94.31 KB ( <1%) overhead. 
      Class:      6.99 MB capacity,     6.74 MB ( 96%) used,   217.80 KB (  3%) free+waste,    37.38 KB ( <1%) overhead. 
       Both:     62.86 MB capacity,    62.22 MB ( 99%) used,   524.64 KB ( <1%) free+waste,   131.69 KB ( <1%) overhead. 

Virtual space:
  Non-class space:       56.00 MB reserved,      56.00 MB (100%) committed 
      Class space:        1.00 GB reserved,       7.00 MB ( <1%) committed 
             Both:        1.05 GB reserved,      63.00 MB (  6%) committed 

Chunk freelists:
   Non-Class:  9.00 KB
       Class:  6.00 KB
        Both:  15.00 KB

MaxMetaspaceSize: 17179869184.00 GB
CompressedClassSpaceSize: 1.00 GB

CodeHeap 'non-profiled nmethods': size=120064Kb used=3460Kb max_used=3460Kb free=116603Kb
 bounds [0x000001baa83c0000, 0x000001baa8730000, 0x000001baaf900000]
CodeHeap 'profiled nmethods': size=120000Kb used=25756Kb max_used=25756Kb free=94244Kb
 bounds [0x000001baa0e90000, 0x000001baa27c0000, 0x000001baa83c0000]
CodeHeap 'non-nmethods': size=5696Kb used=1234Kb max_used=1255Kb free=4461Kb
 bounds [0x000001baa0900000, 0x000001baa0b70000, 0x000001baa0e90000]
 total_blobs=9497 nmethods=8886 adapters=521
 compilation: enabled
              stopped_count=0, restarted_count=0
 full_count=0

Compilation events (20 events):
Event: 45.479 Thread 0x000001bab3e3e800 nmethod 8936 0x000001baa8720810 code [0x000001baa87209c0, 0x000001baa8720a78]
Event: 45.496 Thread 0x000001bab3e3e800 8937       2       org.jetbrains.kotlin.backend.common.serialization.mangle.descriptor.DescriptorExportCheckerVisitor::isExported (102 bytes)
Event: 45.497 Thread 0x000001bab3e3e800 nmethod 8937 0x000001baa27b3890 code [0x000001baa27b3a80, 0x000001baa27b3da8]
Event: 45.497 Thread 0x000001bab3e3e800 8938       2       org.jetbrains.kotlin.ir.backend.jvm.serialization.AbstractJvmDescriptorMangler$JvmDescriptorExportChecker::isPlatformSpecificExported (9 bytes)
Event: 45.498 Thread 0x000001bab3e3e800 nmethod 8938 0x000001baa27b3f90 code [0x000001baa27b4180, 0x000001baa27b4458]
Event: 45.499 Thread 0x000001bab3e3e800 8939       2       org.jetbrains.kotlin.backend.common.serialization.signature.IdSignatureDescriptor$DescriptorBasedSignatureBuilder::collectFqNames (45 bytes)
Event: 45.499 Thread 0x000001bab3e3e800 nmethod 8939 0x000001baa27b4610 code [0x000001baa27b4800, 0x000001baa27b4a18]
Event: 45.500 Thread 0x000001bab3e3e800 8940       1       org.jetbrains.kotlin.com.intellij.openapi.util.TextRange::getStartOffset (5 bytes)
Event: 45.500 Thread 0x000001bab3e3e800 nmethod 8940 0x000001baa8720b10 code [0x000001baa8720cc0, 0x000001baa8720d78]
Event: 45.501 Thread 0x000001bab3e3e800 8941       2       org.jetbrains.kotlin.backend.common.serialization.signature.IdSignatureBuilder::setExpected (17 bytes)
Event: 45.501 Thread 0x000001bab3e3e800 nmethod 8941 0x000001baa27b4b90 code [0x000001baa27b4d40, 0x000001baa27b4e78]
Event: 45.506 Thread 0x000001bab3e3e800 8942       1       org.jetbrains.kotlin.com.intellij.openapi.util.TextRange::getEndOffset (5 bytes)
Event: 45.506 Thread 0x000001bab3e3e800 nmethod 8942 0x000001baa8720e10 code [0x000001baa8720fc0, 0x000001baa8721078]
Event: 45.508 Thread 0x000001bab3e3e800 8943       2       org.jetbrains.kotlin.backend.jvm.serialization.JvmIdSignatureDescriptor::composeSignature (47 bytes)
Event: 45.513 Thread 0x000001bab3e3e800 nmethod 8943 0x000001baa27b4f90 code [0x000001baa27b52a0, 0x000001baa27b5ba8]
Event: 45.513 Thread 0x000001bab3e3e800 8944       2       org.jetbrains.kotlin.backend.common.serialization.mangle.descriptor.DescriptorBasedKotlinManglerImpl::isExported (9 bytes)
Event: 45.514 Thread 0x000001bab3e3e800 nmethod 8944 0x000001baa27b6190 code [0x000001baa27b63a0, 0x000001baa27b66f8]
Event: 45.514 Thread 0x000001bab3e3e800 8945       2       org.jetbrains.kotlin.backend.common.serialization.mangle.descriptor.DescriptorBasedKotlinManglerImpl::isExported (20 bytes)
Event: 45.515 Thread 0x000001bab3e3e800 nmethod 8945 0x000001baa27b6910 code [0x000001baa27b6b20, 0x000001baa27b6e18]
Event: 45.519 Thread 0x000001bab3e3e800 8946       2       org.jetbrains.kotlin.backend.common.serialization.mangle.descriptor.DescriptorExportCheckerVisitor::visitPackageFragmentDescriptor (10 bytes)

GC Heap History (20 events):
Event: 15.846 GC heap before
{Heap before GC invocations=12 (full 0):
 garbage-first heap   total 78848K, used 50365K [0x00000000c1800000, 0x0000000100000000)
  region size 1024K, 27 young (27648K), 4 survivors (4096K)
 Metaspace       used 45677K, capacity 46158K, committed 46336K, reserved 1089536K
  class space    used 5366K, capacity 5547K, committed 5632K, reserved 1048576K
}
Event: 15.879 GC heap after
{Heap after GC invocations=13 (full 0):
 garbage-first heap   total 78848K, used 29761K [0x00000000c1800000, 0x0000000100000000)
  region size 1024K, 2 young (2048K), 2 survivors (2048K)
 Metaspace       used 45677K, capacity 46158K, committed 46336K, reserved 1089536K
  class space    used 5366K, capacity 5547K, committed 5632K, reserved 1048576K
}
Event: 18.358 GC heap before
{Heap before GC invocations=13 (full 0):
 garbage-first heap   total 78848K, used 53313K [0x00000000c1800000, 0x0000000100000000)
  region size 1024K, 25 young (25600K), 2 survivors (2048K)
 Metaspace       used 46495K, capacity 46960K, committed 47104K, reserved 1091584K
  class space    used 5411K, capacity 5579K, committed 5632K, reserved 1048576K
}
Event: 18.435 GC heap after
{Heap after GC invocations=14 (full 0):
 garbage-first heap   total 78848K, used 35734K [0x00000000c1800000, 0x0000000100000000)
  region size 1024K, 4 young (4096K), 4 survivors (4096K)
 Metaspace       used 46495K, capacity 46960K, committed 47104K, reserved 1091584K
  class space    used 5411K, capacity 5579K, committed 5632K, reserved 1048576K
}
Event: 21.398 GC heap before
{Heap before GC invocations=14 (full 0):
 garbage-first heap   total 78848K, used 56214K [0x00000000c1800000, 0x0000000100000000)
  region size 1024K, 24 young (24576K), 4 survivors (4096K)
 Metaspace       used 48233K, capacity 48765K, committed 48896K, reserved 1091584K
  class space    used 5595K, capacity 5774K, committed 5888K, reserved 1048576K
}
Event: 21.432 GC heap after
{Heap after GC invocations=15 (full 0):
 garbage-first heap   total 78848K, used 38247K [0x00000000c1800000, 0x0000000100000000)
  region size 1024K, 3 young (3072K), 3 survivors (3072K)
 Metaspace       used 48233K, capacity 48765K, committed 48896K, reserved 1091584K
  class space    used 5595K, capacity 5774K, committed 5888K, reserved 1048576K
}
Event: 25.296 GC heap before
{Heap before GC invocations=15 (full 0):
 garbage-first heap   total 78848K, used 57703K [0x00000000c1800000, 0x0000000100000000)
  region size 1024K, 22 young (22528K), 3 survivors (3072K)
 Metaspace       used 50186K, capacity 50714K, committed 50944K, reserved 1093632K
  class space    used 5688K, capacity 5883K, committed 5888K, reserved 1048576K
}
Event: 25.333 GC heap after
{Heap after GC invocations=16 (full 0):
 garbage-first heap   total 95232K, used 41728K [0x00000000c1800000, 0x0000000100000000)
  region size 1024K, 3 young (3072K), 3 survivors (3072K)
 Metaspace       used 50186K, capacity 50714K, committed 50944K, reserved 1093632K
  class space    used 5688K, capacity 5883K, committed 5888K, reserved 1048576K
}
Event: 27.563 GC heap before
{Heap before GC invocations=17 (full 0):
 garbage-first heap   total 95232K, used 64256K [0x00000000c1800000, 0x0000000100000000)
  region size 1024K, 27 young (27648K), 3 survivors (3072K)
 Metaspace       used 50475K, capacity 51037K, committed 51200K, reserved 1095680K
  class space    used 5694K, capacity 5883K, committed 5888K, reserved 1048576K
}
Event: 27.616 GC heap after
{Heap after GC invocations=18 (full 0):
 garbage-first heap   total 95232K, used 44588K [0x00000000c1800000, 0x0000000100000000)
  region size 1024K, 4 young (4096K), 4 survivors (4096K)
 Metaspace       used 50475K, capacity 51037K, committed 51200K, reserved 1095680K
  class space    used 5694K, capacity 5883K, committed 5888K, reserved 1048576K
}
Event: 28.206 GC heap before
{Heap before GC invocations=18 (full 0):
 garbage-first heap   total 95232K, used 68140K [0x00000000c1800000, 0x0000000100000000)
  region size 1024K, 27 young (27648K), 4 survivors (4096K)
 Metaspace       used 50656K, capacity 51177K, committed 51200K, reserved 1095680K
  class space    used 5712K, capacity 5887K, committed 5888K, reserved 1048576K
}
Event: 28.234 GC heap after
{Heap after GC invocations=19 (full 0):
 garbage-first heap   total 95232K, used 45816K [0x00000000c1800000, 0x0000000100000000)
  region size 1024K, 1 young (1024K), 1 survivors (1024K)
 Metaspace       used 50656K, capacity 51177K, committed 51200K, reserved 1095680K
  class space    used 5712K, capacity 5887K, committed 5888K, reserved 1048576K
}
Event: 29.559 GC heap before
{Heap before GC invocations=19 (full 0):
 garbage-first heap   total 95232K, used 70392K [0x00000000c1800000, 0x0000000100000000)
  region size 1024K, 25 young (25600K), 1 survivors (1024K)
 Metaspace       used 53113K, capacity 53687K, committed 53888K, reserved 1097728K
  class space    used 5975K, capacity 6191K, committed 6272K, reserved 1048576K
}
Event: 29.573 GC heap after
{Heap after GC invocations=20 (full 0):
 garbage-first heap   total 95232K, used 46997K [0x00000000c1800000, 0x0000000100000000)
  region size 1024K, 2 young (2048K), 2 survivors (2048K)
 Metaspace       used 53113K, capacity 53687K, committed 53888K, reserved 1097728K
  class space    used 5975K, capacity 6191K, committed 6272K, reserved 1048576K
}
Event: 35.376 GC heap before
{Heap before GC invocations=21 (full 0):
 garbage-first heap   total 95232K, used 70549K [0x00000000c1800000, 0x0000000100000000)
  region size 1024K, 26 young (26624K), 2 survivors (2048K)
 Metaspace       used 56433K, capacity 57046K, committed 57216K, reserved 1099776K
  class space    used 6288K, capacity 6516K, committed 6528K, reserved 1048576K
}
Event: 35.410 GC heap after
{Heap after GC invocations=22 (full 0):
 garbage-first heap   total 95232K, used 50373K [0x00000000c1800000, 0x0000000100000000)
  region size 1024K, 4 young (4096K), 4 survivors (4096K)
 Metaspace       used 56433K, capacity 57046K, committed 57216K, reserved 1099776K
  class space    used 6288K, capacity 6516K, committed 6528K, reserved 1048576K
}
Event: 41.527 GC heap before
{Heap before GC invocations=22 (full 0):
 garbage-first heap   total 95232K, used 72901K [0x00000000c1800000, 0x0000000100000000)
  region size 1024K, 27 young (27648K), 4 survivors (4096K)
 Metaspace       used 58612K, capacity 59320K, committed 59392K, reserved 1101824K
  class space    used 6376K, capacity 6626K, committed 6656K, reserved 1048576K
}
Event: 41.568 GC heap after
{Heap after GC invocations=23 (full 0):
 garbage-first heap   total 95232K, used 53237K [0x00000000c1800000, 0x0000000100000000)
  region size 1024K, 3 young (3072K), 3 survivors (3072K)
 Metaspace       used 58612K, capacity 59320K, committed 59392K, reserved 1101824K
  class space    used 6376K, capacity 6626K, committed 6656K, reserved 1048576K
}
Event: 44.776 GC heap before
{Heap before GC invocations=24 (full 0):
 garbage-first heap   total 95232K, used 74741K [0x00000000c1800000, 0x0000000100000000)
  region size 1024K, 24 young (24576K), 3 survivors (3072K)
 Metaspace       used 62810K, capacity 63434K, committed 63744K, reserved 1105920K
  class space    used 6822K, capacity 7064K, committed 7168K, reserved 1048576K
}
Event: 44.800 GC heap after
{Heap after GC invocations=25 (full 0):
 garbage-first heap   total 95232K, used 54547K [0x00000000c1800000, 0x0000000100000000)
  region size 1024K, 2 young (2048K), 2 survivors (2048K)
 Metaspace       used 62810K, capacity 63434K, committed 63744K, reserved 1105920K
  class space    used 6822K, capacity 7064K, committed 7168K, reserved 1048576K
}

Deoptimization events (20 events):
Event: 44.671 Thread 0x000001ba9ce0d800 Uncommon trap: trap_request=0xffffffc6 fr.pc=0x000001baa8558268 relative=0x00000000000003e8
Event: 44.671 Thread 0x000001ba9ce0d800 Uncommon trap: reason=bimorphic_or_optimized_type_check action=maybe_recompile pc=0x000001baa8558268 method=org.jetbrains.kotlin.storage.LockBasedStorageManager$LockBasedLazyValue.invoke()Ljava/lang/Object; @ 181 c2
Event: 44.672 Thread 0x000001ba9ce0d800 DEOPT PACKING pc=0x000001baa8558268 sp=0x0000001527bfdea0
Event: 44.672 Thread 0x000001ba9ce0d800 DEOPT UNPACKING pc=0x000001baa09263aa sp=0x0000001527bfddd0 mode 2
Event: 44.677 Thread 0x000001ba9ce0d800 Uncommon trap: trap_request=0xffffffc6 fr.pc=0x000001baa8653ba8 relative=0x00000000000008e8
Event: 44.677 Thread 0x000001ba9ce0d800 Uncommon trap: reason=bimorphic_or_optimized_type_check action=maybe_recompile pc=0x000001baa8653ba8 method=org.jetbrains.kotlin.storage.LockBasedStorageManager$LockBasedLazyValue.invoke()Ljava/lang/Object; @ 24 c2
Event: 44.677 Thread 0x000001ba9ce0d800 DEOPT PACKING pc=0x000001baa8653ba8 sp=0x0000001527bfd4f0
Event: 44.677 Thread 0x000001ba9ce0d800 DEOPT UNPACKING pc=0x000001baa09263aa sp=0x0000001527bfd3d8 mode 2
Event: 44.678 Thread 0x000001ba9ce0d800 Uncommon trap: trap_request=0xffffff4d fr.pc=0x000001baa83d49cc relative=0x00000000000001ac
Event: 44.678 Thread 0x000001ba9ce0d800 Uncommon trap: reason=unstable_if action=reinterpret pc=0x000001baa83d49cc method=java.lang.StringCoding.hasNegatives([BII)Z @ 12 c2
Event: 44.678 Thread 0x000001ba9ce0d800 DEOPT PACKING pc=0x000001baa83d49cc sp=0x0000001527bfd9f0
Event: 44.678 Thread 0x000001ba9ce0d800 DEOPT UNPACKING pc=0x000001baa09263aa sp=0x0000001527bfd980 mode 2
Event: 44.881 Thread 0x000001ba9ce0d800 DEOPT PACKING pc=0x000001baa2771952 sp=0x0000001527bf9950
Event: 44.881 Thread 0x000001ba9ce0d800 DEOPT UNPACKING pc=0x000001baa09267c0 sp=0x0000001527bf8dd8 mode 0
Event: 45.024 Thread 0x000001ba9ce0d800 Uncommon trap: trap_request=0xffffff4d fr.pc=0x000001baa8681cc4 relative=0x0000000000000204
Event: 45.024 Thread 0x000001ba9ce0d800 Uncommon trap: reason=unstable_if action=reinterpret pc=0x000001baa8681cc4 method=java.lang.String.indexOf([BBILjava/lang/String;I)I @ 21 c2
Event: 45.024 Thread 0x000001ba9ce0d800 DEOPT PACKING pc=0x000001baa8681cc4 sp=0x0000001527bfd510
Event: 45.024 Thread 0x000001ba9ce0d800 DEOPT UNPACKING pc=0x000001baa09263aa sp=0x0000001527bfd478 mode 2
Event: 45.269 Thread 0x000001ba9ce0d800 DEOPT PACKING pc=0x000001baa1e1dc16 sp=0x0000001527bfd7a0
Event: 45.269 Thread 0x000001ba9ce0d800 DEOPT UNPACKING pc=0x000001baa09267c0 sp=0x0000001527bfcc70 mode 0

Classes redefined (0 events):
No events

Internal exceptions (20 events):
Event: 14.743 Thread 0x000001ba9ce0d800 Exception <a 'java/lang/NoSuchMethodError'{0x00000000c58e2da8}: 'java.lang.Object java.lang.invoke.DirectMethodHandle$Holder.invokeStatic(java.lang.Object, java.lang.Object, java.lang.Object, int)'> (0x00000000c58e2da8) thrown at [./src/hotspot/share/interpreter/linkResolver.cpp, line 773]
Event: 14.744 Thread 0x000001ba9ce0d800 Exception <a 'java/lang/NoSuchMethodError'{0x00000000c58e6a18}: 'java.lang.Object java.lang.invoke.DirectMethodHandle$Holder.invokeSpecial(java.lang.Object, java.lang.Object, java.lang.Object, java.lang.Object, int)'> (0x00000000c58e6a18) thrown at [./src/hotspot/share/interpreter/linkResolver.cpp, line 773]
Event: 14.745 Thread 0x000001ba9ce0d800 Exception <a 'java/lang/NoSuchMethodError'{0x00000000c58e9d28}: 'java.lang.Object java.lang.invoke.Invokers$Holder.linkToTargetMethod(java.lang.Object, java.lang.Object, int, java.lang.Object)'> (0x00000000c58e9d28) thrown at [./src/hotspot/share/interpreter/linkResolver.cpp, line 773]
Event: 15.402 Thread 0x000001ba9ce0d800 Exception <a 'java/lang/NoSuchMethodError'{0x00000000c50ce1e0}: 'java.lang.Object java.lang.invoke.Invokers$Holder.linkToTargetMethod(java.lang.Object, int, java.lang.Object)'> (0x00000000c50ce1e0) thrown at [./src/hotspot/share/interpreter/linkResolver.cpp, line 773]
Event: 22.652 Thread 0x000001ba9ce0d800 Exception <a 'java/lang/NoSuchMethodError'{0x00000000c5fa2ae8}: 'java.lang.Object java.lang.invoke.DirectMethodHandle$Holder.invokeStaticInit(java.lang.Object, java.lang.Object, java.lang.Object)'> (0x00000000c5fa2ae8) thrown at [./src/hotspot/share/interpreter/linkResolver.cpp, line 773]
Event: 28.780 Thread 0x000001ba9ce0d800 Exception <a 'java/lang/NoSuchMethodError'{0x00000000c6a74ef0}: 'int java.lang.invoke.DirectMethodHandle$Holder.invokeStaticInit(java.lang.Object, int)'> (0x00000000c6a74ef0) thrown at [./src/hotspot/share/interpreter/linkResolver.cpp, line 773]
Event: 28.888 Thread 0x000001ba9ce0d800 Exception <a 'java/lang/NoSuchMethodError'{0x00000000c690ec98}: 'java.lang.Object java.lang.invoke.Invokers$Holder.linkToTargetMethod(java.lang.Object, java.lang.Object, java.lang.Object, java.lang.Object, java.lang.Object, java.lang.Object)'> (0x00000000c690ec98) thrown at [./src/hotspot/share/interpreter/linkResolver.cpp, line 773]
Event: 30.270 Thread 0x000001ba9ce0d800 Implicit null exception at 0x000001baa841bd5e to 0x000001baa841c532
Event: 30.270 Thread 0x000001ba9ce0d800 Implicit null exception at 0x000001baa8491baf to 0x000001baa8491c1d
Event: 30.572 Thread 0x000001ba9ce0d800 Implicit null exception at 0x000001baa84ca14c to 0x000001baa84ca228
Event: 30.942 Thread 0x000001ba9ce0d800 Exception <a 'java/lang/NoSuchMethodError'{0x00000000c6eac500}: 'java.lang.Object java.lang.invoke.Invokers$Holder.linkToTargetMethod(java.lang.Object, java.lang.Object, java.lang.Object, int, int, java.lang.Object)'> (0x00000000c6eac500) thrown at [./src/hotspot/share/interpreter/linkResolver.cpp, line 773]
Event: 30.992 Thread 0x000001ba9ce0d800 Exception <a 'java/lang/NoSuchMethodError'{0x00000000c6ecf910}: 'java.lang.Object java.lang.invoke.DirectMethodHandle$Holder.invokeInterface(java.lang.Object, java.lang.Object, java.lang.Object)'> (0x00000000c6ecf910) thrown at [./src/hotspot/share/interpreter/linkResolver.cpp, line 773]
Event: 30.992 Thread 0x000001ba9ce0d800 Exception <a 'java/lang/IncompatibleClassChangeError'{0x00000000c6ed2b40}: Found class java.lang.Object, but interface was expected> (0x00000000c6ed2b40) thrown at [./src/hotspot/share/interpreter/linkResolver.cpp, line 839]
Event: 31.772 Thread 0x000001ba9ce0d800 Implicit null exception at 0x000001baa83dae74 to 0x000001baa83db328
Event: 31.813 Thread 0x000001ba9ce0d800 Exception <a 'java/lang/NoSuchMethodError'{0x00000000c6829ed0}: 'int java.lang.invoke.DirectMethodHandle$Holder.invokeInterface(java.lang.Object, java.lang.Object)'> (0x00000000c6829ed0) thrown at [./src/hotspot/share/interpreter/linkResolver.cpp, line 773]
Event: 32.092 Thread 0x000001ba9ce0d800 Exception <a 'java/lang/NoSuchMethodError'{0x00000000c67415d8}: 'java.lang.Object java.lang.invoke.DirectMethodHandle$Holder.invokeStatic(java.lang.Object, int, java.lang.Object, java.lang.Object)'> (0x00000000c67415d8) thrown at [./src/hotspot/share/interpreter/linkResolver.cpp, line 773]
Event: 35.022 Thread 0x000001ba9ce0d800 Exception <a 'java/lang/NoSuchMethodError'{0x00000000c5ea84e0}: 'java.lang.Object java.lang.invoke.Invokers$Holder.linkToTargetMethod(java.lang.Object, java.lang.Object, java.lang.Object, java.lang.Object, java.lang.Object, java.lang.Object, java.lang.Object)'> (0x00000000c5ea84e0) thrown at [./src/hotspot/share/interpreter/linkResolver.cpp, line 773]
Event: 35.060 Thread 0x000001ba9ce0d800 Implicit null exception at 0x000001baa85a2e3c to 0x000001baa85a38c4
Event: 41.630 Thread 0x000001ba9ce0d800 Implicit null exception at 0x000001baa8418df5 to 0x000001baa8418fc4
Event: 44.063 Thread 0x000001ba9ce0d800 Implicit null exception at 0x000001baa85393d2 to 0x000001baa853967e

Events (20 events):
Event: 45.481 loading class org/jetbrains/kotlin/ir/expressions/impl/IrConstructorCallImpl
Event: 45.481 loading class org/jetbrains/kotlin/ir/expressions/impl/IrConstructorCallImpl done
Event: 45.482 loading class org/jetbrains/kotlin/ir/expressions/IrConstructorCall
Event: 45.482 loading class org/jetbrains/kotlin/ir/expressions/IrConstructorCall done
Event: 45.482 loading class org/jetbrains/kotlin/ir/expressions/impl/IrConstructorCallImpl$Companion
Event: 45.482 loading class org/jetbrains/kotlin/ir/expressions/impl/IrConstructorCallImpl$Companion done
Event: 45.484 loading class org/jetbrains/kotlin/ir/descriptors/IrBasedTypeParameterDescriptor
Event: 45.484 loading class org/jetbrains/kotlin/ir/descriptors/IrBasedTypeParameterDescriptor done
Event: 45.485 loading class org/jetbrains/kotlin/ir/descriptors/IrBasedDeclarationDescriptor
Event: 45.485 loading class org/jetbrains/kotlin/ir/descriptors/IrBasedDeclarationDescriptor done
Event: 45.489 Executing VM operation: Deoptimize
Event: 45.491 Executing VM operation: Deoptimize done
Event: 45.491 loading class org/jetbrains/kotlin/ir/util/OriginalDescriptorsKt
Event: 45.491 loading class org/jetbrains/kotlin/ir/util/OriginalDescriptorsKt done
Event: 45.492 loading class org/jetbrains/kotlin/ir/util/ScopedTypeParametersResolver
Event: 45.492 loading class org/jetbrains/kotlin/ir/util/ScopedTypeParametersResolver done
Event: 45.493 loading class org/jetbrains/kotlin/ir/util/TypeParametersResolver
Event: 45.493 loading class org/jetbrains/kotlin/ir/util/TypeParametersResolver done
Event: 45.510 loading class org/jetbrains/kotlin/backend/common/serialization/mangle/descriptor/DescriptorMangleComputer$mangleType$2$1
Event: 45.510 loading class org/jetbrains/kotlin/backend/common/serialization/mangle/descriptor/DescriptorMangleComputer$mangleType$2$1 done


Dynamic libraries:
0x00007ff726260000 - 0x00007ff72626a000 	C:\Program Files\Android\Android Studio\jre\bin\java.exe
0x00007fff62d30000 - 0x00007fff62f1d000 	C:\Windows\SYSTEM32\ntdll.dll
0x00007fff61020000 - 0x00007fff610d3000 	C:\Windows\System32\KERNEL32.DLL
0x00007fff5f810000 - 0x00007fff5faa3000 	C:\Windows\System32\KERNELBASE.dll
0x00007fff5f5f0000 - 0x00007fff5f6ec000 	C:\Windows\System32\ucrtbase.dll
0x00007fff59f20000 - 0x00007fff59f39000 	C:\Program Files\Android\Android Studio\jre\bin\jli.dll
0x00007fff592c0000 - 0x00007fff592d7000 	C:\Program Files\Android\Android Studio\jre\bin\VCRUNTIME140.dll
0x00007fff60170000 - 0x00007fff60307000 	C:\Windows\System32\USER32.dll
0x00007fff551a0000 - 0x00007fff55419000 	C:\Windows\WinSxS\amd64_microsoft.windows.common-controls_6595b64144ccf1df_6.0.17763.1_none_f040600eff408c2d\COMCTL32.dll
0x00007fff5f570000 - 0x00007fff5f590000 	C:\Windows\System32\win32u.dll
0x00007fff60f80000 - 0x00007fff6101e000 	C:\Windows\System32\msvcrt.dll
0x00007fff62b20000 - 0x00007fff62b49000 	C:\Windows\System32\GDI32.dll
0x00007fff606a0000 - 0x00007fff609ce000 	C:\Windows\System32\combase.dll
0x00007fff5fd90000 - 0x00007fff5ff2a000 	C:\Windows\System32\gdi32full.dll
0x00007fff62bd0000 - 0x00007fff62cf3000 	C:\Windows\System32\RPCRT4.dll
0x00007fff5f6f0000 - 0x00007fff5f790000 	C:\Windows\System32\msvcp_win.dll
0x00007fff5f790000 - 0x00007fff5f80e000 	C:\Windows\System32\bcryptPrimitives.dll
0x00007fff60a70000 - 0x00007fff60a9e000 	C:\Windows\System32\IMM32.DLL
0x00007fff4ed10000 - 0x00007fff4edad000 	C:\Program Files\Android\Android Studio\jre\bin\msvcp140.dll
0x00007fff3a3a0000 - 0x00007fff3ae75000 	C:\Program Files\Android\Android Studio\jre\bin\server\jvm.dll
0x00007fff604a0000 - 0x00007fff60543000 	C:\Windows\System32\ADVAPI32.dll
0x00007fff609d0000 - 0x00007fff60a6e000 	C:\Windows\System32\sechost.dll
0x00007fff60690000 - 0x00007fff60698000 	C:\Windows\System32\PSAPI.DLL
0x00007fff565c0000 - 0x00007fff565c9000 	C:\Windows\SYSTEM32\WSOCK32.dll
0x00007fff5d0e0000 - 0x00007fff5d104000 	C:\Windows\SYSTEM32\WINMM.dll
0x00007fff62a50000 - 0x00007fff62abd000 	C:\Windows\System32\WS2_32.dll
0x00007fff563a0000 - 0x00007fff563aa000 	C:\Windows\SYSTEM32\VERSION.dll
0x00007fff5d0b0000 - 0x00007fff5d0dd000 	C:\Windows\SYSTEM32\WINMMBASE.dll
0x00007fff5fab0000 - 0x00007fff5fafa000 	C:\Windows\System32\cfgmgr32.dll
0x00007fff5ede0000 - 0x00007fff5edf1000 	C:\Windows\System32\kernel.appcore.dll
0x00007fff4a7a0000 - 0x00007fff4a7b1000 	C:\Program Files\Android\Android Studio\jre\bin\verify.dll
0x00007fff4ffd0000 - 0x00007fff501bd000 	C:\Windows\SYSTEM32\DBGHELP.DLL
0x00007fff501c0000 - 0x00007fff501ea000 	C:\Windows\SYSTEM32\dbgcore.DLL
0x00007fff4a770000 - 0x00007fff4a799000 	C:\Program Files\Android\Android Studio\jre\bin\java.dll
0x00007fff4d6c0000 - 0x00007fff4d6cb000 	C:\Program Files\Android\Android Studio\jre\bin\jimage.dll
0x00007fff3c090000 - 0x00007fff3c0a8000 	C:\Program Files\Android\Android Studio\jre\bin\zip.dll
0x00007fff614e0000 - 0x00007fff629cf000 	C:\Windows\System32\SHELL32.dll
0x00007fff61140000 - 0x00007fff611e8000 	C:\Windows\System32\shcore.dll
0x00007fff5ee20000 - 0x00007fff5f568000 	C:\Windows\System32\windows.storage.dll
0x00007fff5edb0000 - 0x00007fff5edd4000 	C:\Windows\System32\profapi.dll
0x00007fff5ed50000 - 0x00007fff5edad000 	C:\Windows\System32\powrprof.dll
0x00007fff610e0000 - 0x00007fff61132000 	C:\Windows\System32\shlwapi.dll
0x00007fff5ee00000 - 0x00007fff5ee17000 	C:\Windows\System32\cryptsp.dll
0x00007fff3c070000 - 0x00007fff3c08a000 	C:\Program Files\Android\Android Studio\jre\bin\net.dll
0x00007fff56790000 - 0x00007fff56881000 	C:\Windows\SYSTEM32\WINHTTP.dll
0x00007fff5e560000 - 0x00007fff5e5c7000 	C:\Windows\system32\mswsock.dll
0x00007fff3c050000 - 0x00007fff3c064000 	C:\Program Files\Android\Android Studio\jre\bin\nio.dll

dbghelp: loaded successfully - version: 4.0.5 - missing functions: none
symbol engine: initialized successfully - sym options: 0x614 - pdb path: .;C:\Program Files\Android\Android Studio\jre\bin;C:\Windows\SYSTEM32;C:\Windows\WinSxS\amd64_microsoft.windows.common-controls_6595b64144ccf1df_6.0.17763.1_none_f040600eff408c2d;C:\Program Files\Android\Android Studio\jre\bin\server

VM Arguments:
java_command: org.jetbrains.kotlin.cli.jvm.K2JVMCompiler @C:\Users\Alejandro\Documents\SENA\SENA\Quinto trimeste\Cristian Henao\LaboratorioColegio\app\build\20220328_10879849008441118966.compiler.options
java_class_path (initial): C:\Users\Alejandro\.gradle\caches\modules-2\files-2.1\org.jetbrains.kotlin\kotlin-compiler-embeddable\1.5.30\3362a354066df1578a057c200da23cf2a1d8144f\kotlin-compiler-embeddable-1.5.30.jar;C:\Users\Alejandro\.gradle\caches\modules-2\files-2.1\org.jetbrains.kotlin\kotlin-reflect\1.5.30\6773e974437dd6432aa646cc2f8ab71de42b5773\kotlin-reflect-1.5.30.jar;C:\Users\Alejandro\.gradle\caches\modules-2\files-2.1\org.jetbrains.kotlin\kotlin-stdlib\1.5.30\d68efdea04955974ac1020f8f66ef8176bfbce1f\kotlin-stdlib-1.5.30.jar;C:\Users\Alejandro\.gradle\caches\modules-2\files-2.1\org.jetbrains.kotlin\kotlin-script-runtime\1.5.30\10697ab20bfd2f1b23baa91306950c36c4e89a8d\kotlin-script-runtime-1.5.30.jar;C:\Users\Alejandro\.gradle\caches\modules-2\files-2.1\org.jetbrains.kotlin\kotlin-daemon-embeddable\1.5.30\e355dc9011e559a475608265607948109e113ae0\kotlin-daemon-embeddable-1.5.30.jar;C:\Users\Alejandro\.gradle\caches\modules-2\files-2.1\org.jetbrains.intellij.deps\trove4j\1.0.20181211\216c2e14b070f334479d800987affe4054cd563f\trove4j-1.0.20181211.jar;C:\Users\Alejandro\.gradle\caches\modules-2\files-2.1\org.jetbrains\annotations\13.0\919f0dfe192fb4e063e7dacadee7f8bb9a2672a9\annotations-13.0.jar;C:\Users\Alejandro\.gradle\caches\modules-2\files-2.1\org.jetbrains.kotlin\kotlin-stdlib-common\1.5.30\649ffab7767038323fec0cc41e2d7b0a8f65a378\kotlin-stdlib-common-1.5.30.jar
Launcher Type: SUN_STANDARD

[Global flags]
     intx CICompilerCount                          = 2                                         {product} {ergonomic}
     uint ConcGCThreads                            = 1                                         {product} {ergonomic}
     uint G1ConcRefinementThreads                  = 2                                         {product} {ergonomic}
   size_t G1HeapRegionSize                         = 1048576                                   {product} {ergonomic}
    uintx GCDrainStackTargetSize                   = 64                                        {product} {ergonomic}
   size_t InitialHeapSize                          = 67108864                                  {product} {ergonomic}
   size_t MarkStackSize                            = 4194304                                   {product} {ergonomic}
   size_t MaxHeapSize                              = 1048576000                                {product} {ergonomic}
   size_t MaxNewSize                               = 629145600                                 {product} {ergonomic}
   size_t MinHeapDeltaBytes                        = 1048576                                   {product} {ergonomic}
    uintx NonNMethodCodeHeapSize                   = 5825164                                {pd product} {ergonomic}
    uintx NonProfiledCodeHeapSize                  = 122916538                              {pd product} {ergonomic}
    uintx ProfiledCodeHeapSize                     = 122916538                              {pd product} {ergonomic}
    uintx ReservedCodeCacheSize                    = 251658240                              {pd product} {ergonomic}
     bool SegmentedCodeCache                       = true                                      {product} {ergonomic}
     bool UseCompressedClassPointers               = true                                 {lp64_product} {ergonomic}
     bool UseCompressedOops                        = true                                 {lp64_product} {ergonomic}
     bool UseG1GC                                  = true                                      {product} {ergonomic}
     bool UseLargePagesIndividualAllocation        = false                                  {pd product} {ergonomic}

Logging:
Log output configuration:
 #0: stdout all=warning uptime,level,tags
 #1: stderr all=off uptime,level,tags

Environment Variables:
JAVA_HOME=C:\Program Files\Java\jdk-17
PATH=C:\ProgramData\Oracle\Java\javapath;C:\Program Files\Python310\Scripts\;C:\Program Files\Python310\;C:\Program Files\Common Files\Oracle\Java\javapath;C:\Windows\system32;C:\Windows;C:\Windows\System32\Wbem;C:\Windows\System32\WindowsPowerShell\v1.0\;C:\Windows\System32\OpenSSH\;C:\Program Files\Git\cmd;C:\Program Files\Docker\Docker\resources\bin;C:\ProgramData\DockerDesktop\version-bin;C:\ProgramData\chocolatey\bin;C:\Program Files\nodejs\;C:\Program Files\MySQL\MySQL Shell 8.0\bin\;C:\Users\Alejandro\AppData\Local\Microsoft\WindowsApps;C:\Users\Alejandro\AppData\Local\Programs\Microsoft VS Code\bin;C:\Users\Alejandro\AppData\Local\GitHubDesktop\bin;C:\Users\Alejandro\AppData\Roaming\npm
USERNAME=Alejandro
OS=Windows_NT
PROCESSOR_IDENTIFIER=Intel64 Family 6 Model 55 Stepping 3, GenuineIntel



---------------  S Y S T E M  ---------------

OS: Windows 10 , 64 bit Build 17763 (10.0.17763.1)
OS uptime: 0 days 0:50 hours

CPU:total 2 (initial active 2) (2 cores per cpu, 1 threads per core) family 6 model 55 stepping 3 microcode 0x31a, cmov, cx8, fxsr, mmx, sse, sse2, sse3, ssse3, sse4.1, sse4.2, popcnt, clmul, erms, 3dnowpref, tsc, tscinvbit

Memory: 4k page, system-wide physical 3992M (71M free)
TotalPageFile size 3992M (AvailPageFile size 2M)
current process WorkingSet (physical memory assigned to process): 274M, peak: 274M
current process commit charge ("private bytes"): 300M, peak: 300M

vm_info: OpenJDK 64-Bit Server VM (11.0.11+9-b60-7590822) for windows-amd64 JRE (11.0.11+9-b60-7590822), built on Jul 29 2021 21:43:44 by "builder" with MS VC++ 14.0 (VS2015)

END.
