#
# There is insufficient memory for the Java Runtime Environment to continue.
# Native memory allocation (malloc) failed to allocate 896496 bytes for Chunk::new
# Possible reasons:
#   The system is out of physical RAM or swap space
#   The process is running with CompressedOops enabled, and the Java Heap may be blocking the growth of the native heap
# Possible solutions:
#   Reduce memory load on the system
#   Increase physical memory or swap space
#   Check if swap backing store is full
#   Decrease Java heap size (-Xmx/-Xms)
#   Decrease number of Java threads
#   Decrease Java thread stack sizes (-Xss)
#   Set larger code cache with -XX:ReservedCodeCacheSize=
#   JVM is running with Unscaled Compressed Oops mode in which the Java heap is
#     placed in the first 4GB address space. The Java Heap base address is the
#     maximum limit for the native heap growth. Please use -XX:HeapBaseMinAddress
#     to set the Java Heap base and to place the Java Heap above 4GB virtual address.
# This output file may be truncated or incomplete.
#
#  Out of Memory Error (./src/hotspot/share/memory/arena.cpp:197), pid=5408, tid=1344
#
# JRE version: OpenJDK Runtime Environment (11.0.11+9) (build 11.0.11+9-b60-7590822)
# Java VM: OpenJDK 64-Bit Server VM (11.0.11+9-b60-7590822, mixed mode, tiered, compressed oops, g1 gc, windows-amd64)
# No core dump will be written. Minidumps are not enabled by default on client versions of Windows
#

---------------  S U M M A R Y ------------

Command Line: org.jetbrains.kotlin.cli.jvm.K2JVMCompiler @C:\Users\Alejandro\Documents\SENA\SENA\Quinto trimeste\Cristian Henao\LaboratorioColegio\app\build\20220328_10591978512220626702.compiler.options

Host: Intel(R) Celeron(R) CPU  N2810  @ 2.00GHz, 2 cores, 3G,  Windows 10 , 64 bit Build 17763 (10.0.17763.1)
Time: Mon Mar 28 20:24:05 2022 Hora est. Pacífico, Sudamérica elapsed time: 66.950711 seconds (0d 0h 1m 6s)

---------------  T H R E A D  ---------------

Current thread (0x0000020af51bc000):  JavaThread "C2 CompilerThread0" daemon [_thread_in_native, id=1344, stack(0x0000000d85700000,0x0000000d85800000)]


Current CompileTask:
C2:  66950 8732       4       jdk.internal.loader.BuiltinClassLoader::defineClass (121 bytes)

Stack: [0x0000000d85700000,0x0000000d85800000]
Native frames: (J=compiled Java code, j=interpreted, Vv=VM code, C=native code)
V  [jvm.dll+0x5f214a]
V  [jvm.dll+0x726fb5]
V  [jvm.dll+0x7285cd]
V  [jvm.dll+0x728c83]
V  [jvm.dll+0x243278]
V  [jvm.dll+0xbc53c]
V  [jvm.dll+0xbca3c]
V  [jvm.dll+0x353e7d]
V  [jvm.dll+0x19895c]
V  [jvm.dll+0x1fc2ee]
V  [jvm.dll+0x1fb3d4]
V  [jvm.dll+0x183d6c]
V  [jvm.dll+0x209a57]
V  [jvm.dll+0x2082a1]
V  [jvm.dll+0x6ef58f]
V  [jvm.dll+0x6e80b5]
V  [jvm.dll+0x5f1036]
C  [ucrtbase.dll+0x203ba]
C  [KERNEL32.DLL+0x17e94]
C  [ntdll.dll+0x67ad1]


---------------  P R O C E S S  ---------------

Threads class SMR info:
_java_thread_list=0x0000020af5c79e30, length=10, elements={
0x0000020adc03c000, 0x0000020af516f800, 0x0000020af519c000, 0x0000020af51b4800,
0x0000020af51b6000, 0x0000020af51b8800, 0x0000020af51bc000, 0x0000020af5202800,
0x0000020af5211800, 0x0000020af5c84800
}

Java Threads: ( => current thread )
  0x0000020adc03c000 JavaThread "main" [_thread_in_native, id=3408, stack(0x0000000d84b00000,0x0000000d84c00000)]
  0x0000020af516f800 JavaThread "Reference Handler" daemon [_thread_blocked, id=996, stack(0x0000000d85200000,0x0000000d85300000)]
  0x0000020af519c000 JavaThread "Finalizer" daemon [_thread_blocked, id=5980, stack(0x0000000d85300000,0x0000000d85400000)]
  0x0000020af51b4800 JavaThread "Signal Dispatcher" daemon [_thread_blocked, id=5608, stack(0x0000000d85400000,0x0000000d85500000)]
  0x0000020af51b6000 JavaThread "Attach Listener" daemon [_thread_blocked, id=4308, stack(0x0000000d85500000,0x0000000d85600000)]
  0x0000020af51b8800 JavaThread "Service Thread" daemon [_thread_blocked, id=3800, stack(0x0000000d85600000,0x0000000d85700000)]
=>0x0000020af51bc000 JavaThread "C2 CompilerThread0" daemon [_thread_in_native, id=1344, stack(0x0000000d85700000,0x0000000d85800000)]
  0x0000020af5202800 JavaThread "C1 CompilerThread0" daemon [_thread_blocked, id=3240, stack(0x0000000d85800000,0x0000000d85900000)]
  0x0000020af5211800 JavaThread "Sweeper thread" daemon [_thread_blocked, id=4828, stack(0x0000000d85900000,0x0000000d85a00000)]
  0x0000020af5c84800 JavaThread "Common-Cleaner" daemon [_thread_blocked, id=5872, stack(0x0000000d85b00000,0x0000000d85c00000)]

Other Threads:
  0x0000020af516d000 VMThread "VM Thread" [stack: 0x0000000d85100000,0x0000000d85200000] [id=5596]
  0x0000020af5c78000 WatcherThread [stack: 0x0000000d85a00000,0x0000000d85b00000] [id=4156]
  0x0000020ade1e5000 GCTaskThread "GC Thread#0" [stack: 0x0000000d84c00000,0x0000000d84d00000] [id=4988]
  0x0000020af5dd1000 GCTaskThread "GC Thread#1" [stack: 0x0000000d85c00000,0x0000000d85d00000] [id=4880]
  0x0000020ade200000 ConcurrentGCThread "G1 Main Marker" [stack: 0x0000000d84d00000,0x0000000d84e00000] [id=5748]
  0x0000020ade201800 ConcurrentGCThread "G1 Conc#0" [stack: 0x0000000d84e00000,0x0000000d84f00000] [id=1164]
  0x0000020ade254800 ConcurrentGCThread "G1 Refine#0" [stack: 0x0000000d84f00000,0x0000000d85000000] [id=2696]
  0x0000020ade257000 ConcurrentGCThread "G1 Young RemSet Sampling" [stack: 0x0000000d85000000,0x0000000d85100000] [id=4876]

Threads with active compile tasks:
C2 CompilerThread0  67950 8732       4       jdk.internal.loader.BuiltinClassLoader::defineClass (121 bytes)

VM state:not at safepoint (normal execution)

VM Mutex/Monitor currently owned by a thread: None

Heap address: 0x00000000c1800000, size: 1000 MB, Compressed Oops mode: 32-bit
Narrow klass base: 0x0000000000000000, Narrow klass shift: 3
Compressed class space size: 1073741824 Address: 0x0000000100000000

Heap:
 garbage-first heap   total 95232K, used 55295K [0x00000000c1800000, 0x0000000100000000)
  region size 1024K, 3 young (3072K), 2 survivors (2048K)
 Metaspace       used 62711K, capacity 63371K, committed 63488K, reserved 1105920K
  class space    used 6818K, capacity 7064K, committed 7168K, reserved 1048576K
Heap Regions: E=young(eden), S=young(survivor), O=old, HS=humongous(starts), HC=humongous(continues), CS=collection set, F=free, A=archive, TAMS=top-at-mark-start (previous, next)
|   0|0x00000000c1800000, 0x00000000c1900000, 0x00000000c1900000|100%|HS|  |TAMS 0x00000000c1900000, 0x00000000c1900000| Complete 
|   1|0x00000000c1900000, 0x00000000c1a00000, 0x00000000c1a00000|100%|HC|  |TAMS 0x00000000c1a00000, 0x00000000c1a00000| Complete 
|   2|0x00000000c1a00000, 0x00000000c1b00000, 0x00000000c1b00000|100%|HC|  |TAMS 0x00000000c1b00000, 0x00000000c1b00000| Complete 
|   3|0x00000000c1b00000, 0x00000000c1c00000, 0x00000000c1c00000|100%| O|  |TAMS 0x00000000c1c00000, 0x00000000c1c00000| Untracked 
|   4|0x00000000c1c00000, 0x00000000c1d00000, 0x00000000c1d00000|100%| O|  |TAMS 0x00000000c1d00000, 0x00000000c1d00000| Untracked 
|   5|0x00000000c1d00000, 0x00000000c1e00000, 0x00000000c1e00000|100%| O|  |TAMS 0x00000000c1e00000, 0x00000000c1e00000| Untracked 
|   6|0x00000000c1e00000, 0x00000000c1f00000, 0x00000000c1f00000|100%| O|  |TAMS 0x00000000c1f00000, 0x00000000c1f00000| Untracked 
|   7|0x00000000c1f00000, 0x00000000c2000000, 0x00000000c2000000|100%| O|  |TAMS 0x00000000c2000000, 0x00000000c2000000| Untracked 
|   8|0x00000000c2000000, 0x00000000c2100000, 0x00000000c2100000|100%|HS|  |TAMS 0x00000000c2100000, 0x00000000c2100000| Complete 
|   9|0x00000000c2100000, 0x00000000c2200000, 0x00000000c2200000|100%|HC|  |TAMS 0x00000000c2200000, 0x00000000c2200000| Complete 
|  10|0x00000000c2200000, 0x00000000c2300000, 0x00000000c2300000|100%|HC|  |TAMS 0x00000000c2300000, 0x00000000c2300000| Complete 
|  11|0x00000000c2300000, 0x00000000c2400000, 0x00000000c2400000|100%|HS|  |TAMS 0x00000000c2400000, 0x00000000c2400000| Complete 
|  12|0x00000000c2400000, 0x00000000c2500000, 0x00000000c2500000|100%|HC|  |TAMS 0x00000000c2500000, 0x00000000c2500000| Complete 
|  13|0x00000000c2500000, 0x00000000c2600000, 0x00000000c2600000|100%|HC|  |TAMS 0x00000000c2600000, 0x00000000c2600000| Complete 
|  14|0x00000000c2600000, 0x00000000c2700000, 0x00000000c2700000|100%| O|  |TAMS 0x00000000c2700000, 0x00000000c2700000| Untracked 
|  15|0x00000000c2700000, 0x00000000c2800000, 0x00000000c2800000|100%| O|  |TAMS 0x00000000c2800000, 0x00000000c2800000| Untracked 
|  16|0x00000000c2800000, 0x00000000c2900000, 0x00000000c2900000|100%| O|  |TAMS 0x00000000c2900000, 0x00000000c2900000| Untracked 
|  17|0x00000000c2900000, 0x00000000c2a00000, 0x00000000c2a00000|100%| O|  |TAMS 0x00000000c2a00000, 0x00000000c2a00000| Untracked 
|  18|0x00000000c2a00000, 0x00000000c2b00000, 0x00000000c2b00000|100%|HS|  |TAMS 0x00000000c2b00000, 0x00000000c2b00000| Complete 
|  19|0x00000000c2b00000, 0x00000000c2c00000, 0x00000000c2c00000|100%|HC|  |TAMS 0x00000000c2c00000, 0x00000000c2c00000| Complete 
|  20|0x00000000c2c00000, 0x00000000c2d00000, 0x00000000c2d00000|100%| O|  |TAMS 0x00000000c2d00000, 0x00000000c2d00000| Untracked 
|  21|0x00000000c2d00000, 0x00000000c2e00000, 0x00000000c2e00000|100%| O|  |TAMS 0x00000000c2e00000, 0x00000000c2e00000| Untracked 
|  22|0x00000000c2e00000, 0x00000000c2f00000, 0x00000000c2f00000|100%| O|  |TAMS 0x00000000c2f00000, 0x00000000c2f00000| Untracked 
|  23|0x00000000c2f00000, 0x00000000c3000000, 0x00000000c3000000|100%| O|  |TAMS 0x00000000c3000000, 0x00000000c3000000| Untracked 
|  24|0x00000000c3000000, 0x00000000c3100000, 0x00000000c3100000|100%| O|  |TAMS 0x00000000c3100000, 0x00000000c3100000| Untracked 
|  25|0x00000000c3100000, 0x00000000c3200000, 0x00000000c3200000|100%| O|  |TAMS 0x00000000c3200000, 0x00000000c3200000| Untracked 
|  26|0x00000000c3200000, 0x00000000c3300000, 0x00000000c3300000|100%| O|  |TAMS 0x00000000c3300000, 0x00000000c3300000| Untracked 
|  27|0x00000000c3300000, 0x00000000c3400000, 0x00000000c3400000|100%| O|  |TAMS 0x00000000c3400000, 0x00000000c3400000| Untracked 
|  28|0x00000000c3400000, 0x00000000c3500000, 0x00000000c3500000|100%| O|  |TAMS 0x00000000c3500000, 0x00000000c3500000| Untracked 
|  29|0x00000000c3500000, 0x00000000c3600000, 0x00000000c3600000|100%| O|  |TAMS 0x00000000c3600000, 0x00000000c3600000| Untracked 
|  30|0x00000000c3600000, 0x00000000c3700000, 0x00000000c3700000|100%| O|  |TAMS 0x00000000c3700000, 0x00000000c3700000| Untracked 
|  31|0x00000000c3700000, 0x00000000c3800000, 0x00000000c3800000|100%| O|  |TAMS 0x00000000c3800000, 0x00000000c3800000| Untracked 
|  32|0x00000000c3800000, 0x00000000c3900000, 0x00000000c3900000|100%| O|  |TAMS 0x00000000c3900000, 0x00000000c3900000| Untracked 
|  33|0x00000000c3900000, 0x00000000c3a00000, 0x00000000c3a00000|100%| O|  |TAMS 0x00000000c3a00000, 0x00000000c3a00000| Untracked 
|  34|0x00000000c3a00000, 0x00000000c3b00000, 0x00000000c3b00000|100%| O|  |TAMS 0x00000000c3b00000, 0x00000000c3b00000| Untracked 
|  35|0x00000000c3b00000, 0x00000000c3c00000, 0x00000000c3c00000|100%| O|  |TAMS 0x00000000c3c00000, 0x00000000c3c00000| Untracked 
|  36|0x00000000c3c00000, 0x00000000c3d00000, 0x00000000c3d00000|100%| O|  |TAMS 0x00000000c3d00000, 0x00000000c3d00000| Untracked 
|  37|0x00000000c3d00000, 0x00000000c3e00000, 0x00000000c3e00000|100%| O|  |TAMS 0x00000000c3e00000, 0x00000000c3e00000| Untracked 
|  38|0x00000000c3e00000, 0x00000000c3f00000, 0x00000000c3f00000|100%| O|  |TAMS 0x00000000c3f00000, 0x00000000c3f00000| Untracked 
|  39|0x00000000c3f00000, 0x00000000c4000000, 0x00000000c4000000|100%| O|  |TAMS 0x00000000c4000000, 0x00000000c4000000| Untracked 
|  40|0x00000000c4000000, 0x00000000c4100000, 0x00000000c4100000|100%| O|  |TAMS 0x00000000c4100000, 0x00000000c4100000| Untracked 
|  41|0x00000000c4100000, 0x00000000c4200000, 0x00000000c4200000|100%| O|  |TAMS 0x00000000c4200000, 0x00000000c4200000| Untracked 
|  42|0x00000000c4200000, 0x00000000c4300000, 0x00000000c4300000|100%| O|  |TAMS 0x00000000c4300000, 0x00000000c4300000| Untracked 
|  43|0x00000000c4300000, 0x00000000c4400000, 0x00000000c4400000|100%| O|  |TAMS 0x00000000c4400000, 0x00000000c4400000| Untracked 
|  44|0x00000000c4400000, 0x00000000c4500000, 0x00000000c4500000|100%| O|  |TAMS 0x00000000c4500000, 0x00000000c4500000| Untracked 
|  45|0x00000000c4500000, 0x00000000c4600000, 0x00000000c4600000|100%| O|  |TAMS 0x00000000c4600000, 0x00000000c4600000| Untracked 
|  46|0x00000000c4600000, 0x00000000c4700000, 0x00000000c4700000|100%| O|  |TAMS 0x00000000c4700000, 0x00000000c4700000| Untracked 
|  47|0x00000000c4700000, 0x00000000c4800000, 0x00000000c4800000|100%| O|  |TAMS 0x00000000c4733800, 0x00000000c4800000| Untracked 
|  48|0x00000000c4800000, 0x00000000c4900000, 0x00000000c4900000|100%| O|  |TAMS 0x00000000c4800000, 0x00000000c4900000| Untracked 
|  49|0x00000000c4900000, 0x00000000c4a00000, 0x00000000c4a00000|100%| O|  |TAMS 0x00000000c4900000, 0x00000000c4a00000| Untracked 
|  50|0x00000000c4a00000, 0x00000000c4b00000, 0x00000000c4b00000|100%| O|  |TAMS 0x00000000c4a00000, 0x00000000c4b00000| Untracked 
|  51|0x00000000c4b00000, 0x00000000c4c00000, 0x00000000c4c00000|100%| O|  |TAMS 0x00000000c4b00000, 0x00000000c4c00000| Untracked 
|  52|0x00000000c4c00000, 0x00000000c4cc3600, 0x00000000c4d00000| 76%| O|  |TAMS 0x00000000c4c00000, 0x00000000c4cc3600| Untracked 
|  53|0x00000000c4d00000, 0x00000000c4d00000, 0x00000000c4e00000|  0%| F|  |TAMS 0x00000000c4d00000, 0x00000000c4d00000| Untracked 
|  54|0x00000000c4e00000, 0x00000000c4e00000, 0x00000000c4f00000|  0%| F|  |TAMS 0x00000000c4e00000, 0x00000000c4e00000| Untracked 
|  55|0x00000000c4f00000, 0x00000000c4f00000, 0x00000000c5000000|  0%| F|  |TAMS 0x00000000c4f00000, 0x00000000c4f00000| Untracked 
|  56|0x00000000c5000000, 0x00000000c5000000, 0x00000000c5100000|  0%| F|  |TAMS 0x00000000c5000000, 0x00000000c5000000| Untracked 
|  57|0x00000000c5100000, 0x00000000c5100000, 0x00000000c5200000|  0%| F|  |TAMS 0x00000000c5100000, 0x00000000c5100000| Untracked 
|  58|0x00000000c5200000, 0x00000000c5200000, 0x00000000c5300000|  0%| F|  |TAMS 0x00000000c5200000, 0x00000000c5200000| Untracked 
|  59|0x00000000c5300000, 0x00000000c5300000, 0x00000000c5400000|  0%| F|  |TAMS 0x00000000c5300000, 0x00000000c5300000| Untracked 
|  60|0x00000000c5400000, 0x00000000c5400000, 0x00000000c5500000|  0%| F|  |TAMS 0x00000000c5400000, 0x00000000c5400000| Untracked 
|  61|0x00000000c5500000, 0x00000000c5500000, 0x00000000c5600000|  0%| F|  |TAMS 0x00000000c5500000, 0x00000000c5500000| Untracked 
|  62|0x00000000c5600000, 0x00000000c5600000, 0x00000000c5700000|  0%| F|  |TAMS 0x00000000c5600000, 0x00000000c5600000| Untracked 
|  63|0x00000000c5700000, 0x00000000c5700000, 0x00000000c5800000|  0%| F|  |TAMS 0x00000000c5700000, 0x00000000c5700000| Untracked 
|  64|0x00000000c5800000, 0x00000000c5800000, 0x00000000c5900000|  0%| F|  |TAMS 0x00000000c5800000, 0x00000000c5800000| Untracked 
|  65|0x00000000c5900000, 0x00000000c5900000, 0x00000000c5a00000|  0%| F|  |TAMS 0x00000000c5900000, 0x00000000c5900000| Untracked 
|  66|0x00000000c5a00000, 0x00000000c5a00000, 0x00000000c5b00000|  0%| F|  |TAMS 0x00000000c5a00000, 0x00000000c5a00000| Untracked 
|  67|0x00000000c5b00000, 0x00000000c5b00000, 0x00000000c5c00000|  0%| F|  |TAMS 0x00000000c5b00000, 0x00000000c5b00000| Untracked 
|  68|0x00000000c5c00000, 0x00000000c5c3c620, 0x00000000c5d00000| 23%| S|CS|TAMS 0x00000000c5c00000, 0x00000000c5c00000| Complete 
|  69|0x00000000c5d00000, 0x00000000c5d00000, 0x00000000c5e00000|  0%| F|  |TAMS 0x00000000c5d00000, 0x00000000c5d00000| Untracked 
|  70|0x00000000c5e00000, 0x00000000c5e00000, 0x00000000c5f00000|  0%| F|  |TAMS 0x00000000c5e00000, 0x00000000c5e00000| Untracked 
|  71|0x00000000c5f00000, 0x00000000c5f00000, 0x00000000c6000000|  0%| F|  |TAMS 0x00000000c5f00000, 0x00000000c5f00000| Untracked 
|  72|0x00000000c6000000, 0x00000000c6100000, 0x00000000c6100000|100%| S|CS|TAMS 0x00000000c6000000, 0x00000000c6000000| Complete 
|  73|0x00000000c6100000, 0x00000000c6100000, 0x00000000c6200000|  0%| F|  |TAMS 0x00000000c6100000, 0x00000000c6100000| Untracked 
|  74|0x00000000c6200000, 0x00000000c6200000, 0x00000000c6300000|  0%| F|  |TAMS 0x00000000c6200000, 0x00000000c6200000| Untracked 
|  75|0x00000000c6300000, 0x00000000c6300000, 0x00000000c6400000|  0%| F|  |TAMS 0x00000000c6300000, 0x00000000c6300000| Untracked 
|  76|0x00000000c6400000, 0x00000000c6400000, 0x00000000c6500000|  0%| F|  |TAMS 0x00000000c6400000, 0x00000000c6400000| Untracked 
|  77|0x00000000c6500000, 0x00000000c6500000, 0x00000000c6600000|  0%| F|  |TAMS 0x00000000c6500000, 0x00000000c6500000| Untracked 
|  78|0x00000000c6600000, 0x00000000c6600000, 0x00000000c6700000|  0%| F|  |TAMS 0x00000000c6600000, 0x00000000c6600000| Untracked 
|  79|0x00000000c6700000, 0x00000000c6700000, 0x00000000c6800000|  0%| F|  |TAMS 0x00000000c6700000, 0x00000000c6700000| Untracked 
|  80|0x00000000c6800000, 0x00000000c6800000, 0x00000000c6900000|  0%| F|  |TAMS 0x00000000c6800000, 0x00000000c6800000| Untracked 
|  81|0x00000000c6900000, 0x00000000c6900000, 0x00000000c6a00000|  0%| F|  |TAMS 0x00000000c6900000, 0x00000000c6900000| Untracked 
|  82|0x00000000c6a00000, 0x00000000c6a00000, 0x00000000c6b00000|  0%| F|  |TAMS 0x00000000c6a00000, 0x00000000c6a00000| Untracked 
|  83|0x00000000c6b00000, 0x00000000c6b00000, 0x00000000c6c00000|  0%| F|  |TAMS 0x00000000c6b00000, 0x00000000c6b00000| Untracked 
|  84|0x00000000c6c00000, 0x00000000c6c00000, 0x00000000c6d00000|  0%| F|  |TAMS 0x00000000c6c00000, 0x00000000c6c00000| Untracked 
|  85|0x00000000c6d00000, 0x00000000c6d00000, 0x00000000c6e00000|  0%| F|  |TAMS 0x00000000c6d00000, 0x00000000c6d00000| Untracked 
|  86|0x00000000c6e00000, 0x00000000c6e00000, 0x00000000c6f00000|  0%| F|  |TAMS 0x00000000c6e00000, 0x00000000c6e00000| Untracked 
|  87|0x00000000c6f00000, 0x00000000c6f00000, 0x00000000c7000000|  0%| F|  |TAMS 0x00000000c6f00000, 0x00000000c6f00000| Untracked 
|  88|0x00000000c7000000, 0x00000000c7000000, 0x00000000c7100000|  0%| F|  |TAMS 0x00000000c7000000, 0x00000000c7000000| Untracked 
|  89|0x00000000c7100000, 0x00000000c7100000, 0x00000000c7200000|  0%| F|  |TAMS 0x00000000c7100000, 0x00000000c7100000| Untracked 
|  90|0x00000000c7200000, 0x00000000c7200000, 0x00000000c7300000|  0%| F|  |TAMS 0x00000000c7200000, 0x00000000c7200000| Untracked 
|  91|0x00000000c7300000, 0x00000000c7300000, 0x00000000c7400000|  0%| F|  |TAMS 0x00000000c7300000, 0x00000000c7300000| Untracked 
|  92|0x00000000c7400000, 0x00000000c7487448, 0x00000000c7500000| 52%| E|  |TAMS 0x00000000c7400000, 0x00000000c7400000| Complete 

Card table byte_map: [0x0000020addfa0000,0x0000020ade1a0000] _byte_map_base: 0x0000020add994000

Marking Bits (Prev, Next): (CMBitMap*) 0x0000020ade1fb730, (CMBitMap*) 0x0000020ade1fb6f8
 Prev Bits: [0x0000020af1e60000, 0x0000020af2e00000)
 Next Bits: [0x0000020af0ec0000, 0x0000020af1e60000)

Polling page: 0x0000020adbef0000

Metaspace:

Usage:
  Non-class:     54.99 MB capacity,    54.58 MB (>99%) used,   320.36 KB ( <1%) free+waste,    93.19 KB ( <1%) overhead. 
      Class:      6.90 MB capacity,     6.66 MB ( 97%) used,   208.93 KB (  3%) free+waste,    37.06 KB ( <1%) overhead. 
       Both:     61.89 MB capacity,    61.24 MB ( 99%) used,   529.29 KB ( <1%) free+waste,   130.25 KB ( <1%) overhead. 

Virtual space:
  Non-class space:       56.00 MB reserved,      55.00 MB ( 98%) committed 
      Class space:        1.00 GB reserved,       7.00 MB ( <1%) committed 
             Both:        1.05 GB reserved,      62.00 MB (  6%) committed 

Chunk freelists:
   Non-Class:  13.00 KB
       Class:  8.00 KB
        Both:  21.00 KB

MaxMetaspaceSize: 17179869184.00 GB
CompressedClassSpaceSize: 1.00 GB

CodeHeap 'non-profiled nmethods': size=120064Kb used=3767Kb max_used=3767Kb free=116296Kb
 bounds [0x0000020ae9780000, 0x0000020ae9b30000, 0x0000020af0cc0000]
CodeHeap 'profiled nmethods': size=120000Kb used=26172Kb max_used=26172Kb free=93827Kb
 bounds [0x0000020ae2250000, 0x0000020ae3be0000, 0x0000020ae9780000]
CodeHeap 'non-nmethods': size=5696Kb used=1230Kb max_used=1256Kb free=4466Kb
 bounds [0x0000020ae1cc0000, 0x0000020ae1f30000, 0x0000020ae2250000]
 total_blobs=9304 nmethods=8699 adapters=515
 compilation: enabled
              stopped_count=0, restarted_count=0
 full_count=0

Compilation events (20 events):
Event: 66.714 Thread 0x0000020af5202800 8749       3       org.jetbrains.kotlin.backend.common.serialization.mangle.descriptor.DescriptorMangleComputer::appendName (17 bytes)
Event: 66.715 Thread 0x0000020af5202800 nmethod 8749 0x0000020ae3bdd490 code [0x0000020ae3bdd660, 0x0000020ae3bdd868]
Event: 66.716 Thread 0x0000020af5202800 8750       3       org.jetbrains.kotlin.backend.common.serialization.CityHashKt::toLongLE (109 bytes)
Event: 66.716 Thread 0x0000020af5202800 nmethod 8750 0x0000020ae3bdd990 code [0x0000020ae3bddb40, 0x0000020ae3bdddd8]
Event: 66.721 Thread 0x0000020af5202800 8751       1       org.jetbrains.kotlin.backend.common.serialization.mangle.MangleConstant::getPrefix (5 bytes)
Event: 66.721 Thread 0x0000020af5202800 nmethod 8751 0x0000020ae9b2c390 code [0x0000020ae9b2c540, 0x0000020ae9b2c5f8]
Event: 66.721 Thread 0x0000020af5202800 8752       1       org.jetbrains.kotlin.backend.common.serialization.mangle.MangleConstant::getSuffix (5 bytes)
Event: 66.721 Thread 0x0000020af5202800 nmethod 8752 0x0000020ae9b2c690 code [0x0000020ae9b2c840, 0x0000020ae9b2c8f8]
Event: 66.722 Thread 0x0000020af5202800 8753       1       org.jetbrains.kotlin.ir.descriptors.IrBuiltinsPackageFragmentDescriptorImpl::getFqName (5 bytes)
Event: 66.722 Thread 0x0000020af5202800 nmethod 8753 0x0000020ae9b2c990 code [0x0000020ae9b2cb40, 0x0000020ae9b2cbf8]
Event: 66.722 Thread 0x0000020af5202800 8754       1       org.jetbrains.kotlin.ir.descriptors.IrBuiltinValueParameterDescriptorImpl::getVarargElementType (2 bytes)
Event: 66.723 Thread 0x0000020af5202800 nmethod 8754 0x0000020ae9b2cc90 code [0x0000020ae9b2ce40, 0x0000020ae9b2cef8]
Event: 66.723 Thread 0x0000020af5202800 8755       1       org.jetbrains.kotlin.ir.descriptors.IrBuiltinOperatorDescriptorBase::isExpect (2 bytes)
Event: 66.723 Thread 0x0000020af5202800 nmethod 8755 0x0000020ae9b2cf90 code [0x0000020ae9b2d140, 0x0000020ae9b2d1f8]
Event: 66.723 Thread 0x0000020af5202800 8756       1       org.jetbrains.kotlin.ir.descriptors.IrSimpleBuiltinOperatorDescriptorImpl::getValueParameters (5 bytes)
Event: 66.723 Thread 0x0000020af5202800 nmethod 8756 0x0000020ae9b2d290 code [0x0000020ae9b2d440, 0x0000020ae9b2d4f8]
Event: 66.723 Thread 0x0000020af5202800 8757       1       org.jetbrains.kotlin.ir.descriptors.IrBuiltinValueParameterDescriptorImpl::getContainingDeclaration (5 bytes)
Event: 66.724 Thread 0x0000020af5202800 nmethod 8757 0x0000020ae9b2d590 code [0x0000020ae9b2d740, 0x0000020ae9b2d7f8]
Event: 66.743 Thread 0x0000020af5202800 8758       3       java.lang.Long::hashCode (8 bytes)
Event: 66.744 Thread 0x0000020af5202800 nmethod 8758 0x0000020ae3bddf90 code [0x0000020ae3bde140, 0x0000020ae3bde238]

GC Heap History (20 events):
Event: 24.075 GC heap before
{Heap before GC invocations=9 (full 0):
 garbage-first heap   total 78848K, used 50176K [0x00000000c1800000, 0x0000000100000000)
  region size 1024K, 27 young (27648K), 3 survivors (3072K)
 Metaspace       used 44617K, capacity 45139K, committed 45440K, reserved 1089536K
  class space    used 5258K, capacity 5441K, committed 5504K, reserved 1048576K
}
Event: 24.098 GC heap after
{Heap after GC invocations=10 (full 0):
 garbage-first heap   total 78848K, used 28539K [0x00000000c1800000, 0x0000000100000000)
  region size 1024K, 4 young (4096K), 4 survivors (4096K)
 Metaspace       used 44617K, capacity 45139K, committed 45440K, reserved 1089536K
  class space    used 5258K, capacity 5441K, committed 5504K, reserved 1048576K
}
Event: 26.434 GC heap before
{Heap before GC invocations=10 (full 0):
 garbage-first heap   total 78848K, used 54139K [0x00000000c1800000, 0x0000000100000000)
  region size 1024K, 28 young (28672K), 4 survivors (4096K)
 Metaspace       used 46418K, capacity 46896K, committed 47104K, reserved 1091584K
  class space    used 5412K, capacity 5579K, committed 5632K, reserved 1048576K
}
Event: 26.477 GC heap after
{Heap after GC invocations=11 (full 0):
 garbage-first heap   total 78848K, used 34154K [0x00000000c1800000, 0x0000000100000000)
  region size 1024K, 4 young (4096K), 4 survivors (4096K)
 Metaspace       used 46418K, capacity 46896K, committed 47104K, reserved 1091584K
  class space    used 5412K, capacity 5579K, committed 5632K, reserved 1048576K
}
Event: 27.655 GC heap before
{Heap before GC invocations=11 (full 0):
 garbage-first heap   total 78848K, used 55658K [0x00000000c1800000, 0x0000000100000000)
  region size 1024K, 25 young (25600K), 4 survivors (4096K)
 Metaspace       used 47514K, capacity 47991K, committed 48256K, reserved 1091584K
  class space    used 5518K, capacity 5709K, committed 5760K, reserved 1048576K
}
Event: 27.691 GC heap after
{Heap after GC invocations=12 (full 0):
 garbage-first heap   total 78848K, used 37304K [0x00000000c1800000, 0x0000000100000000)
  region size 1024K, 3 young (3072K), 3 survivors (3072K)
 Metaspace       used 47514K, capacity 47991K, committed 48256K, reserved 1091584K
  class space    used 5518K, capacity 5709K, committed 5760K, reserved 1048576K
}
Event: 31.902 GC heap before
{Heap before GC invocations=12 (full 0):
 garbage-first heap   total 78848K, used 57784K [0x00000000c1800000, 0x0000000100000000)
  region size 1024K, 23 young (23552K), 3 survivors (3072K)
 Metaspace       used 50087K, capacity 50586K, committed 50688K, reserved 1093632K
  class space    used 5686K, capacity 5883K, committed 5888K, reserved 1048576K
}
Event: 31.955 GC heap after
{Heap after GC invocations=13 (full 0):
 garbage-first heap   total 78848K, used 40709K [0x00000000c1800000, 0x0000000100000000)
  region size 1024K, 3 young (3072K), 3 survivors (3072K)
 Metaspace       used 50087K, capacity 50586K, committed 50688K, reserved 1093632K
  class space    used 5686K, capacity 5883K, committed 5888K, reserved 1048576K
}
Event: 33.705 GC heap before
{Heap before GC invocations=13 (full 0):
 garbage-first heap   total 78848K, used 60165K [0x00000000c1800000, 0x0000000100000000)
  region size 1024K, 22 young (22528K), 3 survivors (3072K)
 Metaspace       used 50307K, capacity 50779K, committed 50944K, reserved 1093632K
  class space    used 5689K, capacity 5883K, committed 5888K, reserved 1048576K
}
Event: 33.748 GC heap after
{Heap after GC invocations=14 (full 0):
 garbage-first heap   total 78848K, used 44935K [0x00000000c1800000, 0x0000000100000000)
  region size 1024K, 3 young (3072K), 3 survivors (3072K)
 Metaspace       used 50307K, capacity 50779K, committed 50944K, reserved 1093632K
  class space    used 5689K, capacity 5883K, committed 5888K, reserved 1048576K
}
Event: 35.156 GC heap before
{Heap before GC invocations=15 (full 0):
 garbage-first heap   total 78848K, used 59271K [0x00000000c1800000, 0x0000000100000000)
  region size 1024K, 19 young (19456K), 3 survivors (3072K)
 Metaspace       used 50607K, capacity 51177K, committed 51200K, reserved 1095680K
  class space    used 5712K, capacity 5887K, committed 5888K, reserved 1048576K
}
Event: 35.192 GC heap after
{Heap after GC invocations=16 (full 0):
 garbage-first heap   total 95232K, used 46331K [0x00000000c1800000, 0x0000000100000000)
  region size 1024K, 2 young (2048K), 2 survivors (2048K)
 Metaspace       used 50607K, capacity 51177K, committed 51200K, reserved 1095680K
  class space    used 5712K, capacity 5887K, committed 5888K, reserved 1048576K
}
Event: 35.766 GC heap before
{Heap before GC invocations=16 (full 0):
 garbage-first heap   total 95232K, used 67835K [0x00000000c1800000, 0x0000000100000000)
  region size 1024K, 23 young (23552K), 2 survivors (2048K)
 Metaspace       used 50968K, capacity 51476K, committed 51584K, reserved 1095680K
  class space    used 5749K, capacity 5923K, committed 6016K, reserved 1048576K
}
Event: 35.779 GC heap after
{Heap after GC invocations=17 (full 0):
 garbage-first heap   total 95232K, used 46819K [0x00000000c1800000, 0x0000000100000000)
  region size 1024K, 1 young (1024K), 1 survivors (1024K)
 Metaspace       used 50968K, capacity 51476K, committed 51584K, reserved 1095680K
  class space    used 5749K, capacity 5923K, committed 6016K, reserved 1048576K
}
Event: 39.810 GC heap before
{Heap before GC invocations=18 (full 0):
 garbage-first heap   total 95232K, used 67299K [0x00000000c1800000, 0x0000000100000000)
  region size 1024K, 22 young (22528K), 1 survivors (1024K)
 Metaspace       used 53862K, capacity 54438K, committed 54784K, reserved 1097728K
  class space    used 6079K, capacity 6292K, committed 6400K, reserved 1048576K
}
Event: 39.827 GC heap after
{Heap after GC invocations=19 (full 0):
 garbage-first heap   total 95232K, used 48226K [0x00000000c1800000, 0x0000000100000000)
  region size 1024K, 2 young (2048K), 2 survivors (2048K)
 Metaspace       used 53862K, capacity 54438K, committed 54784K, reserved 1097728K
  class space    used 6079K, capacity 6292K, committed 6400K, reserved 1048576K
}
Event: 46.175 GC heap before
{Heap before GC invocations=19 (full 0):
 garbage-first heap   total 95232K, used 70754K [0x00000000c1800000, 0x0000000100000000)
  region size 1024K, 24 young (24576K), 2 survivors (2048K)
 Metaspace       used 56690K, capacity 57310K, committed 57472K, reserved 1099776K
  class space    used 6293K, capacity 6517K, committed 6528K, reserved 1048576K
}
Event: 46.205 GC heap after
{Heap after GC invocations=20 (full 0):
 garbage-first heap   total 95232K, used 51406K [0x00000000c1800000, 0x0000000100000000)
  region size 1024K, 3 young (3072K), 3 survivors (3072K)
 Metaspace       used 56690K, capacity 57310K, committed 57472K, reserved 1099776K
  class space    used 6293K, capacity 6517K, committed 6528K, reserved 1048576K
}
Event: 56.334 GC heap before
{Heap before GC invocations=21 (full 0):
 garbage-first heap   total 95232K, used 71886K [0x00000000c1800000, 0x0000000100000000)
  region size 1024K, 24 young (24576K), 3 survivors (3072K)
 Metaspace       used 58736K, capacity 59320K, committed 59392K, reserved 1101824K
  class space    used 6390K, capacity 6626K, committed 6656K, reserved 1048576K
}
Event: 56.390 GC heap after
{Heap after GC invocations=22 (full 0):
 garbage-first heap   total 95232K, used 54328K [0x00000000c1800000, 0x0000000100000000)
  region size 1024K, 3 young (3072K), 3 survivors (3072K)
 Metaspace       used 58736K, capacity 59320K, committed 59392K, reserved 1101824K
  class space    used 6390K, capacity 6626K, committed 6656K, reserved 1048576K
}

Deoptimization events (20 events):
Event: 65.687 Thread 0x0000020adc03c000 DEOPT PACKING pc=0x0000020ae9a9fbc0 sp=0x0000000d84bfeab0
Event: 65.687 Thread 0x0000020adc03c000 DEOPT UNPACKING pc=0x0000020ae1ce63aa sp=0x0000000d84bfea70 mode 2
Event: 66.386 Thread 0x0000020adc03c000 DEOPT PACKING pc=0x0000020ae2a77224 sp=0x0000000d84bfe210
Event: 66.386 Thread 0x0000020adc03c000 DEOPT UNPACKING pc=0x0000020ae1ce67c0 sp=0x0000000d84bfd6e8 mode 0
Event: 66.726 Thread 0x0000020adc03c000 Uncommon trap: trap_request=0xffffffc6 fr.pc=0x0000020ae991e4c8 relative=0x0000000000000908
Event: 66.726 Thread 0x0000020adc03c000 Uncommon trap: reason=bimorphic_or_optimized_type_check action=maybe_recompile pc=0x0000020ae991e4c8 method=org.jetbrains.kotlin.storage.LockBasedStorageManager$LockBasedLazyValue.invoke()Ljava/lang/Object; @ 181 c2
Event: 66.727 Thread 0x0000020adc03c000 DEOPT PACKING pc=0x0000020ae991e4c8 sp=0x0000000d84bfe870
Event: 66.727 Thread 0x0000020adc03c000 DEOPT UNPACKING pc=0x0000020ae1ce63aa sp=0x0000000d84bfe828 mode 2
Event: 66.727 Thread 0x0000020adc03c000 Uncommon trap: trap_request=0xffffffc6 fr.pc=0x0000020ae991e4c8 relative=0x0000000000000908
Event: 66.727 Thread 0x0000020adc03c000 Uncommon trap: reason=bimorphic_or_optimized_type_check action=maybe_recompile pc=0x0000020ae991e4c8 method=org.jetbrains.kotlin.storage.LockBasedStorageManager$LockBasedLazyValue.invoke()Ljava/lang/Object; @ 181 c2
Event: 66.727 Thread 0x0000020adc03c000 DEOPT PACKING pc=0x0000020ae991e4c8 sp=0x0000000d84bfe4d0
Event: 66.727 Thread 0x0000020adc03c000 DEOPT UNPACKING pc=0x0000020ae1ce63aa sp=0x0000000d84bfe488 mode 2
Event: 66.738 Thread 0x0000020adc03c000 Uncommon trap: trap_request=0xffffffc6 fr.pc=0x0000020ae991e4c8 relative=0x0000000000000908
Event: 66.738 Thread 0x0000020adc03c000 Uncommon trap: reason=bimorphic_or_optimized_type_check action=maybe_recompile pc=0x0000020ae991e4c8 method=org.jetbrains.kotlin.storage.LockBasedStorageManager$LockBasedLazyValue.invoke()Ljava/lang/Object; @ 181 c2
Event: 66.739 Thread 0x0000020adc03c000 DEOPT PACKING pc=0x0000020ae991e4c8 sp=0x0000000d84bfdb40
Event: 66.739 Thread 0x0000020adc03c000 DEOPT UNPACKING pc=0x0000020ae1ce63aa sp=0x0000000d84bfdaf8 mode 2
Event: 66.741 Thread 0x0000020adc03c000 Uncommon trap: trap_request=0xffffff4d fr.pc=0x0000020ae979574c relative=0x00000000000001ac
Event: 66.741 Thread 0x0000020adc03c000 Uncommon trap: reason=unstable_if action=reinterpret pc=0x0000020ae979574c method=java.lang.StringCoding.hasNegatives([BII)Z @ 12 c2
Event: 66.741 Thread 0x0000020adc03c000 DEOPT PACKING pc=0x0000020ae979574c sp=0x0000000d84bfe070
Event: 66.741 Thread 0x0000020adc03c000 DEOPT UNPACKING pc=0x0000020ae1ce63aa sp=0x0000000d84bfe000 mode 2

Classes redefined (0 events):
No events

Internal exceptions (20 events):
Event: 24.473 Thread 0x0000020adc03c000 Exception <a 'java/lang/NoSuchMethodError'{0x00000000c629e150}: 'java.lang.Object java.lang.invoke.Invokers$Holder.linkToTargetMethod(java.lang.Object, int, java.lang.Object)'> (0x00000000c629e150) thrown at [./src/hotspot/share/interpreter/linkResolver.cpp, line 773]
Event: 28.970 Thread 0x0000020adc03c000 Implicit null exception at 0x0000020ae9915ff5 to 0x0000020ae9916874
Event: 28.970 Thread 0x0000020adc03c000 Implicit null exception at 0x0000020ae99172af to 0x0000020ae99172dc
Event: 29.458 Thread 0x0000020adc03c000 Exception <a 'java/lang/NoSuchMethodError'{0x00000000c5c7aca0}: 'java.lang.Object java.lang.invoke.DirectMethodHandle$Holder.invokeStaticInit(java.lang.Object, java.lang.Object, java.lang.Object)'> (0x00000000c5c7aca0) thrown at [./src/hotspot/share/interpreter/linkResolver.cpp, line 773]
Event: 36.979 Thread 0x0000020adc03c000 Exception <a 'java/lang/NoSuchMethodError'{0x00000000c71b9850}: 'int java.lang.invoke.DirectMethodHandle$Holder.invokeStaticInit(java.lang.Object, int)'> (0x00000000c71b9850) thrown at [./src/hotspot/share/interpreter/linkResolver.cpp, line 773]
Event: 38.095 Thread 0x0000020adc03c000 Exception <a 'java/lang/NoSuchMethodError'{0x00000000c7053b28}: 'java.lang.Object java.lang.invoke.Invokers$Holder.linkToTargetMethod(java.lang.Object, java.lang.Object, java.lang.Object, java.lang.Object, java.lang.Object, java.lang.Object)'> (0x00000000c7053b28) thrown at [./src/hotspot/share/interpreter/linkResolver.cpp, line 773]
Event: 39.540 Thread 0x0000020adc03c000 Implicit null exception at 0x0000020ae97db95e to 0x0000020ae97dc132
Event: 39.540 Thread 0x0000020adc03c000 Implicit null exception at 0x0000020ae9829faf to 0x0000020ae982a01d
Event: 39.936 Thread 0x0000020adc03c000 Implicit null exception at 0x0000020ae9890a4c to 0x0000020ae9890b28
Event: 40.405 Thread 0x0000020adc03c000 Exception <a 'java/lang/NoSuchMethodError'{0x00000000c72987d0}: 'java.lang.Object java.lang.invoke.Invokers$Holder.linkToTargetMethod(java.lang.Object, java.lang.Object, java.lang.Object, int, int, java.lang.Object)'> (0x00000000c72987d0) thrown at [./src/hotspot/share/interpreter/linkResolver.cpp, line 773]
Event: 40.463 Thread 0x0000020adc03c000 Exception <a 'java/lang/NoSuchMethodError'{0x00000000c72bbc50}: 'java.lang.Object java.lang.invoke.DirectMethodHandle$Holder.invokeInterface(java.lang.Object, java.lang.Object, java.lang.Object)'> (0x00000000c72bbc50) thrown at [./src/hotspot/share/interpreter/linkResolver.cpp, line 773]
Event: 40.466 Thread 0x0000020adc03c000 Exception <a 'java/lang/IncompatibleClassChangeError'{0x00000000c72bee80}: Found class java.lang.Object, but interface was expected> (0x00000000c72bee80) thrown at [./src/hotspot/share/interpreter/linkResolver.cpp, line 839]
Event: 41.335 Thread 0x0000020adc03c000 Implicit null exception at 0x0000020ae979bf74 to 0x0000020ae979c428
Event: 41.405 Thread 0x0000020adc03c000 Exception <a 'java/lang/NoSuchMethodError'{0x00000000c6c15250}: 'int java.lang.invoke.DirectMethodHandle$Holder.invokeInterface(java.lang.Object, java.lang.Object)'> (0x00000000c6c15250) thrown at [./src/hotspot/share/interpreter/linkResolver.cpp, line 773]
Event: 41.678 Thread 0x0000020adc03c000 Exception <a 'java/lang/NoSuchMethodError'{0x00000000c6b2ce00}: 'java.lang.Object java.lang.invoke.DirectMethodHandle$Holder.invokeStatic(java.lang.Object, int, java.lang.Object, java.lang.Object)'> (0x00000000c6b2ce00) thrown at [./src/hotspot/share/interpreter/linkResolver.cpp, line 773]
Event: 44.988 Thread 0x0000020adc03c000 Exception <a 'java/lang/NoSuchMethodError'{0x00000000c62b04f8}: 'java.lang.Object java.lang.invoke.Invokers$Holder.linkToTargetMethod(java.lang.Object, java.lang.Object, java.lang.Object, java.lang.Object, java.lang.Object, java.lang.Object, java.lang.Object)'> (0x00000000c62b04f8) thrown at [./src/hotspot/share/interpreter/linkResolver.cpp, line 773]
Event: 45.079 Thread 0x0000020adc03c000 Implicit null exception at 0x0000020ae9a26e7c to 0x0000020ae9a26fa5
Event: 57.672 Thread 0x0000020adc03c000 Implicit null exception at 0x0000020ae97d9275 to 0x0000020ae97d9444
Event: 63.005 Thread 0x0000020adc03c000 Implicit null exception at 0x0000020ae990e1d2 to 0x0000020ae990e47e
Event: 65.520 Thread 0x0000020adc03c000 Implicit null exception at 0x0000020ae9b24bec to 0x0000020ae9b24c51

Events (20 events):
Event: 66.775 loading class org/jetbrains/kotlin/ir/descriptors/IrFunctionFactory
Event: 66.775 loading class org/jetbrains/kotlin/ir/descriptors/IrFunctionFactory done
Event: 66.778 loading class org/jetbrains/kotlin/ir/descriptors/IrAbstractFunctionFactory
Event: 66.778 loading class org/jetbrains/kotlin/ir/descriptors/IrAbstractFunctionFactory done
Event: 66.781 loading class org/jetbrains/kotlin/ir/descriptors/IrAbstractFunctionFactory$Companion
Event: 66.781 loading class org/jetbrains/kotlin/ir/descriptors/IrAbstractFunctionFactory$Companion done
Event: 66.783 loading class org/jetbrains/kotlin/ir/descriptors/IrAbstractFunctionFactory$Companion$classOrigin$1
Event: 66.783 loading class org/jetbrains/kotlin/ir/descriptors/IrAbstractFunctionFactory$Companion$classOrigin$1 done
Event: 66.795 loading class org/jetbrains/kotlin/ir/descriptors/IrAbstractFunctionFactory$Companion$memberOrigin$1
Event: 66.795 loading class org/jetbrains/kotlin/ir/descriptors/IrAbstractFunctionFactory$Companion$memberOrigin$1 done
Event: 66.795 loading class org/jetbrains/kotlin/ir/descriptors/IrFunctionFactory$Companion
Event: 66.795 loading class org/jetbrains/kotlin/ir/descriptors/IrFunctionFactory$Companion done
Event: 66.833 loading class org/jetbrains/kotlin/ir/descriptors/IrFunctionFactory$kotlinPackageFragment$2
Event: 66.833 loading class org/jetbrains/kotlin/ir/descriptors/IrFunctionFactory$kotlinPackageFragment$2 done
Event: 66.838 loading class org/jetbrains/kotlin/ir/descriptors/IrFunctionFactory$kotlinCoroutinesPackageFragment$2
Event: 66.838 loading class org/jetbrains/kotlin/ir/descriptors/IrFunctionFactory$kotlinCoroutinesPackageFragment$2 done
Event: 66.839 loading class org/jetbrains/kotlin/ir/descriptors/IrFunctionFactory$kotlinReflectPackageFragment$2
Event: 66.839 loading class org/jetbrains/kotlin/ir/descriptors/IrFunctionFactory$kotlinReflectPackageFragment$2 done
Event: 66.840 loading class org/jetbrains/kotlin/psi2ir/generators/DeclarationStubGeneratorImpl
Event: 66.840 loading class org/jetbrains/kotlin/psi2ir/generators/DeclarationStubGeneratorImpl done


Dynamic libraries:
0x00007ff726260000 - 0x00007ff72626a000 	C:\Program Files\Android\Android Studio\jre\bin\java.exe
0x00007fff62d30000 - 0x00007fff62f1d000 	C:\Windows\SYSTEM32\ntdll.dll
0x00007fff61020000 - 0x00007fff610d3000 	C:\Windows\System32\KERNEL32.DLL
0x00007fff5f810000 - 0x00007fff5faa3000 	C:\Windows\System32\KERNELBASE.dll
0x00007fff5f5f0000 - 0x00007fff5f6ec000 	C:\Windows\System32\ucrtbase.dll
0x00007fff592c0000 - 0x00007fff592d7000 	C:\Program Files\Android\Android Studio\jre\bin\VCRUNTIME140.dll
0x00007fff59f20000 - 0x00007fff59f39000 	C:\Program Files\Android\Android Studio\jre\bin\jli.dll
0x00007fff60170000 - 0x00007fff60307000 	C:\Windows\System32\USER32.dll
0x00007fff551a0000 - 0x00007fff55419000 	C:\Windows\WinSxS\amd64_microsoft.windows.common-controls_6595b64144ccf1df_6.0.17763.1_none_f040600eff408c2d\COMCTL32.dll
0x00007fff5f570000 - 0x00007fff5f590000 	C:\Windows\System32\win32u.dll
0x00007fff62b20000 - 0x00007fff62b49000 	C:\Windows\System32\GDI32.dll
0x00007fff5fd90000 - 0x00007fff5ff2a000 	C:\Windows\System32\gdi32full.dll
0x00007fff5f6f0000 - 0x00007fff5f790000 	C:\Windows\System32\msvcp_win.dll
0x00007fff60f80000 - 0x00007fff6101e000 	C:\Windows\System32\msvcrt.dll
0x00007fff606a0000 - 0x00007fff609ce000 	C:\Windows\System32\combase.dll
0x00007fff62bd0000 - 0x00007fff62cf3000 	C:\Windows\System32\RPCRT4.dll
0x00007fff5f790000 - 0x00007fff5f80e000 	C:\Windows\System32\bcryptPrimitives.dll
0x00007fff60a70000 - 0x00007fff60a9e000 	C:\Windows\System32\IMM32.DLL
0x00007fff4ed10000 - 0x00007fff4edad000 	C:\Program Files\Android\Android Studio\jre\bin\msvcp140.dll
0x00007fff3a3a0000 - 0x00007fff3ae75000 	C:\Program Files\Android\Android Studio\jre\bin\server\jvm.dll
0x00007fff604a0000 - 0x00007fff60543000 	C:\Windows\System32\ADVAPI32.dll
0x00007fff609d0000 - 0x00007fff60a6e000 	C:\Windows\System32\sechost.dll
0x00007fff60690000 - 0x00007fff60698000 	C:\Windows\System32\PSAPI.DLL
0x00007fff565c0000 - 0x00007fff565c9000 	C:\Windows\SYSTEM32\WSOCK32.dll
0x00007fff5d0e0000 - 0x00007fff5d104000 	C:\Windows\SYSTEM32\WINMM.dll
0x00007fff563a0000 - 0x00007fff563aa000 	C:\Windows\SYSTEM32\VERSION.dll
0x00007fff62a50000 - 0x00007fff62abd000 	C:\Windows\System32\WS2_32.dll
0x00007fff5d0b0000 - 0x00007fff5d0dd000 	C:\Windows\SYSTEM32\winmmbase.dll
0x00007fff5fab0000 - 0x00007fff5fafa000 	C:\Windows\System32\cfgmgr32.dll
0x00007fff5ede0000 - 0x00007fff5edf1000 	C:\Windows\System32\kernel.appcore.dll
0x00007fff4a7a0000 - 0x00007fff4a7b1000 	C:\Program Files\Android\Android Studio\jre\bin\verify.dll
0x00007fff4ffd0000 - 0x00007fff501bd000 	C:\Windows\SYSTEM32\DBGHELP.DLL
0x00007fff501c0000 - 0x00007fff501ea000 	C:\Windows\SYSTEM32\dbgcore.DLL
0x00007fff4a770000 - 0x00007fff4a799000 	C:\Program Files\Android\Android Studio\jre\bin\java.dll
0x00007fff4d6c0000 - 0x00007fff4d6cb000 	C:\Program Files\Android\Android Studio\jre\bin\jimage.dll
0x00007fff3c090000 - 0x00007fff3c0a8000 	C:\Program Files\Android\Android Studio\jre\bin\zip.dll
0x00007fff614e0000 - 0x00007fff629cf000 	C:\Windows\System32\SHELL32.dll
0x00007fff61140000 - 0x00007fff611e8000 	C:\Windows\System32\shcore.dll
0x00007fff5ee20000 - 0x00007fff5f568000 	C:\Windows\System32\windows.storage.dll
0x00007fff5edb0000 - 0x00007fff5edd4000 	C:\Windows\System32\profapi.dll
0x00007fff5ed50000 - 0x00007fff5edad000 	C:\Windows\System32\powrprof.dll
0x00007fff610e0000 - 0x00007fff61132000 	C:\Windows\System32\shlwapi.dll
0x00007fff5ee00000 - 0x00007fff5ee17000 	C:\Windows\System32\cryptsp.dll
0x00007fff3c070000 - 0x00007fff3c08a000 	C:\Program Files\Android\Android Studio\jre\bin\net.dll
0x00007fff56790000 - 0x00007fff56881000 	C:\Windows\SYSTEM32\WINHTTP.dll
0x00007fff5e560000 - 0x00007fff5e5c7000 	C:\Windows\system32\mswsock.dll
0x00007fff3c050000 - 0x00007fff3c064000 	C:\Program Files\Android\Android Studio\jre\bin\nio.dll

dbghelp: loaded successfully - version: 4.0.5 - missing functions: none
symbol engine: initialized successfully - sym options: 0x614 - pdb path: .;C:\Program Files\Android\Android Studio\jre\bin;C:\Windows\SYSTEM32;C:\Windows\WinSxS\amd64_microsoft.windows.common-controls_6595b64144ccf1df_6.0.17763.1_none_f040600eff408c2d;C:\Program Files\Android\Android Studio\jre\bin\server

VM Arguments:
java_command: org.jetbrains.kotlin.cli.jvm.K2JVMCompiler @C:\Users\Alejandro\Documents\SENA\SENA\Quinto trimeste\Cristian Henao\LaboratorioColegio\app\build\20220328_10591978512220626702.compiler.options
java_class_path (initial): C:\Users\Alejandro\.gradle\caches\modules-2\files-2.1\org.jetbrains.kotlin\kotlin-compiler-embeddable\1.5.30\3362a354066df1578a057c200da23cf2a1d8144f\kotlin-compiler-embeddable-1.5.30.jar;C:\Users\Alejandro\.gradle\caches\modules-2\files-2.1\org.jetbrains.kotlin\kotlin-reflect\1.5.30\6773e974437dd6432aa646cc2f8ab71de42b5773\kotlin-reflect-1.5.30.jar;C:\Users\Alejandro\.gradle\caches\modules-2\files-2.1\org.jetbrains.kotlin\kotlin-stdlib\1.5.30\d68efdea04955974ac1020f8f66ef8176bfbce1f\kotlin-stdlib-1.5.30.jar;C:\Users\Alejandro\.gradle\caches\modules-2\files-2.1\org.jetbrains.kotlin\kotlin-script-runtime\1.5.30\10697ab20bfd2f1b23baa91306950c36c4e89a8d\kotlin-script-runtime-1.5.30.jar;C:\Users\Alejandro\.gradle\caches\modules-2\files-2.1\org.jetbrains.kotlin\kotlin-daemon-embeddable\1.5.30\e355dc9011e559a475608265607948109e113ae0\kotlin-daemon-embeddable-1.5.30.jar;C:\Users\Alejandro\.gradle\caches\modules-2\files-2.1\org.jetbrains.intellij.deps\trove4j\1.0.20181211\216c2e14b070f334479d800987affe4054cd563f\trove4j-1.0.20181211.jar;C:\Users\Alejandro\.gradle\caches\modules-2\files-2.1\org.jetbrains\annotations\13.0\919f0dfe192fb4e063e7dacadee7f8bb9a2672a9\annotations-13.0.jar;C:\Users\Alejandro\.gradle\caches\modules-2\files-2.1\org.jetbrains.kotlin\kotlin-stdlib-common\1.5.30\649ffab7767038323fec0cc41e2d7b0a8f65a378\kotlin-stdlib-common-1.5.30.jar
Launcher Type: SUN_STANDARD

[Global flags]
     intx CICompilerCount                          = 2                                         {product} {ergonomic}
     uint ConcGCThreads                            = 1                                         {product} {ergonomic}
     uint G1ConcRefinementThreads                  = 2                                         {product} {ergonomic}
   size_t G1HeapRegionSize                         = 1048576                                   {product} {ergonomic}
    uintx GCDrainStackTargetSize                   = 64                                        {product} {ergonomic}
   size_t InitialHeapSize                          = 67108864                                  {product} {ergonomic}
   size_t MarkStackSize                            = 4194304                                   {product} {ergonomic}
   size_t MaxHeapSize                              = 1048576000                                {product} {ergonomic}
   size_t MaxNewSize                               = 629145600                                 {product} {ergonomic}
   size_t MinHeapDeltaBytes                        = 1048576                                   {product} {ergonomic}
    uintx NonNMethodCodeHeapSize                   = 5825164                                {pd product} {ergonomic}
    uintx NonProfiledCodeHeapSize                  = 122916538                              {pd product} {ergonomic}
    uintx ProfiledCodeHeapSize                     = 122916538                              {pd product} {ergonomic}
    uintx ReservedCodeCacheSize                    = 251658240                              {pd product} {ergonomic}
     bool SegmentedCodeCache                       = true                                      {product} {ergonomic}
     bool UseCompressedClassPointers               = true                                 {lp64_product} {ergonomic}
     bool UseCompressedOops                        = true                                 {lp64_product} {ergonomic}
     bool UseG1GC                                  = true                                      {product} {ergonomic}
     bool UseLargePagesIndividualAllocation        = false                                  {pd product} {ergonomic}

Logging:
Log output configuration:
 #0: stdout all=warning uptime,level,tags
 #1: stderr all=off uptime,level,tags

Environment Variables:
JAVA_HOME=C:\Program Files\Java\jdk-17
PATH=C:\ProgramData\Oracle\Java\javapath;C:\Program Files\Python310\Scripts\;C:\Program Files\Python310\;C:\Program Files\Common Files\Oracle\Java\javapath;C:\Windows\system32;C:\Windows;C:\Windows\System32\Wbem;C:\Windows\System32\WindowsPowerShell\v1.0\;C:\Windows\System32\OpenSSH\;C:\Program Files\Git\cmd;C:\Program Files\Docker\Docker\resources\bin;C:\ProgramData\DockerDesktop\version-bin;C:\ProgramData\chocolatey\bin;C:\Program Files\nodejs\;C:\Program Files\MySQL\MySQL Shell 8.0\bin\;C:\Users\Alejandro\AppData\Local\Microsoft\WindowsApps;C:\Users\Alejandro\AppData\Local\Programs\Microsoft VS Code\bin;C:\Users\Alejandro\AppData\Local\GitHubDesktop\bin;C:\Users\Alejandro\AppData\Roaming\npm
USERNAME=Alejandro
OS=Windows_NT
PROCESSOR_IDENTIFIER=Intel64 Family 6 Model 55 Stepping 3, GenuineIntel



---------------  S Y S T E M  ---------------

OS: Windows 10 , 64 bit Build 17763 (10.0.17763.1)
OS uptime: 0 days 0:48 hours

CPU:total 2 (initial active 2) (2 cores per cpu, 1 threads per core) family 6 model 55 stepping 3 microcode 0x31a, cmov, cx8, fxsr, mmx, sse, sse2, sse3, ssse3, sse4.1, sse4.2, popcnt, clmul, erms, 3dnowpref, tsc, tscinvbit

Memory: 4k page, system-wide physical 3992M (49M free)
TotalPageFile size 3992M (AvailPageFile size 4M)
current process WorkingSet (physical memory assigned to process): 258M, peak: 262M
current process commit charge ("private bytes"): 284M, peak: 288M

vm_info: OpenJDK 64-Bit Server VM (11.0.11+9-b60-7590822) for windows-amd64 JRE (11.0.11+9-b60-7590822), built on Jul 29 2021 21:43:44 by "builder" with MS VC++ 14.0 (VS2015)

END.
